# wav-to-duration --read-entire-file=false scp:data/musan_noise/split4utt/4/wav.scp ark,t:data/musan_noise/split4utt/4/utt2dur 
# Started at Fri Jun 14 15:29:00 IST 2019
#
wav-to-duration --read-entire-file=false scp:data/musan_noise/split4utt/4/wav.scp ark,t:data/musan_noise/split4utt/4/utt2dur 
WARNING (wav-to-duration[5.5.171~1-32b8cf]:Close():kaldi-io.cc:515) Pipe sox -t wav /home/owner1/lre_jaga/source_database/musan/noise/free-sound/noise-free-sound-0698.wav -r 8k -t wav - | had nonzero return status 36096
WARNING (wav-to-duration[5.5.171~1-32b8cf]:Close():kaldi-io.cc:515) Pipe sox -t wav /home/owner1/lre_jaga/source_database/musan/noise/free-sound/noise-free-sound-0699.wav -r 8k -t wav - | had nonzero return status 36096
WARNING (wav-to-duration[5.5.171~1-32b8cf]:Close():kaldi-io.cc:515) Pipe sox -t wav /home/owner1/lre_jaga/source_database/musan/noise/free-sound/noise-free-sound-0700.wav -r 8k -t wav - | had nonzero return status 36096
WARNING (wav-to-duration[5.5.171~1-32b8cf]:Close():kaldi-io.cc:515) Pipe sox -t wav /home/owner1/lre_jaga/source_database/musan/noise/free-sound/noise-free-sound-0701.wav -r 8k -t wav - | had nonzero return status 36096
WARNING (wav-to-duration[5.5.171~1-32b8cf]:Close():kaldi-io.cc:515) Pipe sox -t wav /home/owner1/lre_jaga/source_database/musan/noise/free-sound/noise-free-sound-0702.wav -r 8k -t wav - | had nonzero return status 36096
WARNING (wav-to-duration[5.5.171~1-32b8cf]:Close():kaldi-io.cc:515) Pipe sox -t wav /home/owner1/lre_jaga/source_database/musan/noise/free-sound/noise-free-sound-0703.wav -r 8k -t wav - | had nonzero return status 36096
WARNING (wav-to-duration[5.5.171~1-32b8cf]:Close():kaldi-io.cc:515) Pipe sox -t wav /home/owner1/lre_jaga/source_database/musan/noise/free-sound/noise-free-sound-0704.wav -r 8k -t wav - | had nonzero return status 36096
WARNING (wav-to-duration[5.5.171~1-32b8cf]:Close():kaldi-io.cc:515) Pipe sox -t wav /home/owner1/lre_jaga/source_database/musan/noise/free-sound/noise-free-sound-0705.wav -r 8k -t wav - | had nonzero return status 36096
WARNING (wav-to-duration[5.5.171~1-32b8cf]:Close():kaldi-io.cc:515) Pipe sox -t wav /home/owner1/lre_jaga/source_database/musan/noise/free-sound/noise-free-sound-0706.wav -r 8k -t wav - | had nonzero return status 36096
WARNING (wav-to-duration[5.5.171~1-32b8cf]:Close():kaldi-io.cc:515) Pipe sox -t wav /home/owner1/lre_jaga/source_database/musan/noise/free-sound/noise-free-sound-0707.wav -r 8k -t wav - | had nonzero return status 36096
WARNING (wav-to-duration[5.5.171~1-32b8cf]:Close():kaldi-io.cc:515) Pipe sox -t wav /home/owner1/lre_jaga/source_database/musan/noise/free-sound/noise-free-sound-0708.wav -r 8k -t wav - | had nonzero return status 36096
WARNING (wav-to-duration[5.5.171~1-32b8cf]:Close():kaldi-io.cc:515) Pipe sox -t wav /home/owner1/lre_jaga/source_database/musan/noise/free-sound/noise-free-sound-0709.wav -r 8k -t wav - | had nonzero return status 36096
WARNING (wav-to-duration[5.5.171~1-32b8cf]:Close():kaldi-io.cc:515) Pipe sox -t wav /home/owner1/lre_jaga/source_database/musan/noise/free-sound/noise-free-sound-0710.wav -r 8k -t wav - | had nonzero return status 36096
WARNING (wav-to-duration[5.5.171~1-32b8cf]:Close():kaldi-io.cc:515) Pipe sox -t wav /home/owner1/lre_jaga/source_database/musan/noise/free-sound/noise-free-sound-0711.wav -r 8k -t wav - | had nonzero return status 36096
WARNING (wav-to-duration[5.5.171~1-32b8cf]:Close():kaldi-io.cc:515) Pipe sox -t wav /home/owner1/lre_jaga/source_database/musan/noise/free-sound/noise-free-sound-0712.wav -r 8k -t wav - | had nonzero return status 36096
WARNING (wav-to-duration[5.5.171~1-32b8cf]:Close():kaldi-io.cc:515) Pipe sox -t wav /home/owner1/lre_jaga/source_database/musan/noise/free-sound/noise-free-sound-0713.wav -r 8k -t wav - | had nonzero return status 36096
WARNING (wav-to-duration[5.5.171~1-32b8cf]:Close():kaldi-io.cc:515) Pipe sox -t wav /home/owner1/lre_jaga/source_database/musan/noise/free-sound/noise-free-sound-0714.wav -r 8k -t wav - | had nonzero return status 36096
WARNING (wav-to-duration[5.5.171~1-32b8cf]:Close():kaldi-io.cc:515) Pipe sox -t wav /home/owner1/lre_jaga/source_database/musan/noise/free-sound/noise-free-sound-0715.wav -r 8k -t wav - | had nonzero return status 36096
WARNING (wav-to-duration[5.5.171~1-32b8cf]:Close():kaldi-io.cc:515) Pipe sox -t wav /home/owner1/lre_jaga/source_database/musan/noise/free-sound/noise-free-sound-0716.wav -r 8k -t wav - | had nonzero return status 36096
WARNING (wav-to-duration[5.5.171~1-32b8cf]:Close():kaldi-io.cc:515) Pipe sox -t wav /home/owner1/lre_jaga/source_database/musan/noise/free-sound/noise-free-sound-0717.wav -r 8k -t wav - | had nonzero return status 36096
WARNING (wav-to-duration[5.5.171~1-32b8cf]:Close():kaldi-io.cc:515) Pipe sox -t wav /home/owner1/lre_jaga/source_database/musan/noise/free-sound/noise-free-sound-0718.wav -r 8k -t wav - | had nonzero return status 36096
WARNING (wav-to-duration[5.5.171~1-32b8cf]:Close():kaldi-io.cc:515) Pipe sox -t wav /home/owner1/lre_jaga/source_database/musan/noise/free-sound/noise-free-sound-0719.wav -r 8k -t wav - | had nonzero return status 36096
WARNING (wav-to-duration[5.5.171~1-32b8cf]:Close():kaldi-io.cc:515) Pipe sox -t wav /home/owner1/lre_jaga/source_database/musan/noise/free-sound/noise-free-sound-0720.wav -r 8k -t wav - | had nonzero return status 36096
WARNING (wav-to-duration[5.5.171~1-32b8cf]:Close():kaldi-io.cc:515) Pipe sox -t wav /home/owner1/lre_jaga/source_database/musan/noise/free-sound/noise-free-sound-0721.wav -r 8k -t wav - | had nonzero return status 36096
WARNING (wav-to-duration[5.5.171~1-32b8cf]:Close():kaldi-io.cc:515) Pipe sox -t wav /home/owner1/lre_jaga/source_database/musan/noise/free-sound/noise-free-sound-0722.wav -r 8k -t wav - | had nonzero return status 36096
WARNING (wav-to-duration[5.5.171~1-32b8cf]:Close():kaldi-io.cc:515) Pipe sox -t wav /home/owner1/lre_jaga/source_database/musan/noise/free-sound/noise-free-sound-0723.wav -r 8k -t wav - | had nonzero return status 36096
WARNING (wav-to-duration[5.5.171~1-32b8cf]:Close():kaldi-io.cc:515) Pipe sox -t wav /home/owner1/lre_jaga/source_database/musan/noise/free-sound/noise-free-sound-0724.wav -r 8k -t wav - | had nonzero return status 36096
WARNING (wav-to-duration[5.5.171~1-32b8cf]:Close():kaldi-io.cc:515) Pipe sox -t wav /home/owner1/lre_jaga/source_database/musan/noise/free-sound/noise-free-sound-0725.wav -r 8k -t wav - | had nonzero return status 36096
WARNING (wav-to-duration[5.5.171~1-32b8cf]:Close():kaldi-io.cc:515) Pipe sox -t wav /home/owner1/lre_jaga/source_database/musan/noise/free-sound/noise-free-sound-0726.wav -r 8k -t wav - | had nonzero return status 36096
WARNING (wav-to-duration[5.5.171~1-32b8cf]:Close():kaldi-io.cc:515) Pipe sox -t wav /home/owner1/lre_jaga/source_database/musan/noise/free-sound/noise-free-sound-0727.wav -r 8k -t wav - | had nonzero return status 36096
WARNING (wav-to-duration[5.5.171~1-32b8cf]:Close():kaldi-io.cc:515) Pipe sox -t wav /home/owner1/lre_jaga/source_database/musan/noise/free-sound/noise-free-sound-0728.wav -r 8k -t wav - | had nonzero return status 36096
WARNING (wav-to-duration[5.5.171~1-32b8cf]:Close():kaldi-io.cc:515) Pipe sox -t wav /home/owner1/lre_jaga/source_database/musan/noise/free-sound/noise-free-sound-0729.wav -r 8k -t wav - | had nonzero return status 36096
WARNING (wav-to-duration[5.5.171~1-32b8cf]:Close():kaldi-io.cc:515) Pipe sox -t wav /home/owner1/lre_jaga/source_database/musan/noise/free-sound/noise-free-sound-0730.wav -r 8k -t wav - | had nonzero return status 36096
WARNING (wav-to-duration[5.5.171~1-32b8cf]:Close():kaldi-io.cc:515) Pipe sox -t wav /home/owner1/lre_jaga/source_database/musan/noise/free-sound/noise-free-sound-0731.wav -r 8k -t wav - | had nonzero return status 36096
WARNING (wav-to-duration[5.5.171~1-32b8cf]:Close():kaldi-io.cc:515) Pipe sox -t wav /home/owner1/lre_jaga/source_database/musan/noise/free-sound/noise-free-sound-0732.wav -r 8k -t wav - | had nonzero return status 36096
WARNING (wav-to-duration[5.5.171~1-32b8cf]:Close():kaldi-io.cc:515) Pipe sox -t wav /home/owner1/lre_jaga/source_database/musan/noise/free-sound/noise-free-sound-0733.wav -r 8k -t wav - | had nonzero return status 36096
WARNING (wav-to-duration[5.5.171~1-32b8cf]:Close():kaldi-io.cc:515) Pipe sox -t wav /home/owner1/lre_jaga/source_database/musan/noise/free-sound/noise-free-sound-0734.wav -r 8k -t wav - | had nonzero return status 36096
WARNING (wav-to-duration[5.5.171~1-32b8cf]:Close():kaldi-io.cc:515) Pipe sox -t wav /home/owner1/lre_jaga/source_database/musan/noise/free-sound/noise-free-sound-0735.wav -r 8k -t wav - | had nonzero return status 36096
WARNING (wav-to-duration[5.5.171~1-32b8cf]:Close():kaldi-io.cc:515) Pipe sox -t wav /home/owner1/lre_jaga/source_database/musan/noise/free-sound/noise-free-sound-0736.wav -r 8k -t wav - | had nonzero return status 36096
WARNING (wav-to-duration[5.5.171~1-32b8cf]:Close():kaldi-io.cc:515) Pipe sox -t wav /home/owner1/lre_jaga/source_database/musan/noise/free-sound/noise-free-sound-0737.wav -r 8k -t wav - | had nonzero return status 36096
WARNING (wav-to-duration[5.5.171~1-32b8cf]:Close():kaldi-io.cc:515) Pipe sox -t wav /home/owner1/lre_jaga/source_database/musan/noise/free-sound/noise-free-sound-0738.wav -r 8k -t wav - | had nonzero return status 36096
WARNING (wav-to-duration[5.5.171~1-32b8cf]:Close():kaldi-io.cc:515) Pipe sox -t wav /home/owner1/lre_jaga/source_database/musan/noise/free-sound/noise-free-sound-0739.wav -r 8k -t wav - | had nonzero return status 36096
WARNING (wav-to-duration[5.5.171~1-32b8cf]:Close():kaldi-io.cc:515) Pipe sox -t wav /home/owner1/lre_jaga/source_database/musan/noise/free-sound/noise-free-sound-0740.wav -r 8k -t wav - | had nonzero return status 36096
WARNING (wav-to-duration[5.5.171~1-32b8cf]:Close():kaldi-io.cc:515) Pipe sox -t wav /home/owner1/lre_jaga/source_database/musan/noise/free-sound/noise-free-sound-0741.wav -r 8k -t wav - | had nonzero return status 36096
WARNING (wav-to-duration[5.5.171~1-32b8cf]:Close():kaldi-io.cc:515) Pipe sox -t wav /home/owner1/lre_jaga/source_database/musan/noise/free-sound/noise-free-sound-0742.wav -r 8k -t wav - | had nonzero return status 36096
WARNING (wav-to-duration[5.5.171~1-32b8cf]:Close():kaldi-io.cc:515) Pipe sox -t wav /home/owner1/lre_jaga/source_database/musan/noise/free-sound/noise-free-sound-0743.wav -r 8k -t wav - | had nonzero return status 36096
WARNING (wav-to-duration[5.5.171~1-32b8cf]:Close():kaldi-io.cc:515) Pipe sox -t wav /home/owner1/lre_jaga/source_database/musan/noise/free-sound/noise-free-sound-0744.wav -r 8k -t wav - | had nonzero return status 36096
WARNING (wav-to-duration[5.5.171~1-32b8cf]:Close():kaldi-io.cc:515) Pipe sox -t wav /home/owner1/lre_jaga/source_database/musan/noise/free-sound/noise-free-sound-0745.wav -r 8k -t wav - | had nonzero return status 36096
WARNING (wav-to-duration[5.5.171~1-32b8cf]:Close():kaldi-io.cc:515) Pipe sox -t wav /home/owner1/lre_jaga/source_database/musan/noise/free-sound/noise-free-sound-0747.wav -r 8k -t wav - | had nonzero return status 36096
WARNING (wav-to-duration[5.5.171~1-32b8cf]:Close():kaldi-io.cc:515) Pipe sox -t wav /home/owner1/lre_jaga/source_database/musan/noise/free-sound/noise-free-sound-0748.wav -r 8k -t wav - | had nonzero return status 36096
WARNING (wav-to-duration[5.5.171~1-32b8cf]:Close():kaldi-io.cc:515) Pipe sox -t wav /home/owner1/lre_jaga/source_database/musan/noise/free-sound/noise-free-sound-0749.wav -r 8k -t wav - | had nonzero return status 36096
WARNING (wav-to-duration[5.5.171~1-32b8cf]:Close():kaldi-io.cc:515) Pipe sox -t wav /home/owner1/lre_jaga/source_database/musan/noise/free-sound/noise-free-sound-0750.wav -r 8k -t wav - | had nonzero return status 36096
WARNING (wav-to-duration[5.5.171~1-32b8cf]:Close():kaldi-io.cc:515) Pipe sox -t wav /home/owner1/lre_jaga/source_database/musan/noise/free-sound/noise-free-sound-0751.wav -r 8k -t wav - | had nonzero return status 36096
WARNING (wav-to-duration[5.5.171~1-32b8cf]:Close():kaldi-io.cc:515) Pipe sox -t wav /home/owner1/lre_jaga/source_database/musan/noise/free-sound/noise-free-sound-0752.wav -r 8k -t wav - | had nonzero return status 36096
WARNING (wav-to-duration[5.5.171~1-32b8cf]:Close():kaldi-io.cc:515) Pipe sox -t wav /home/owner1/lre_jaga/source_database/musan/noise/free-sound/noise-free-sound-0753.wav -r 8k -t wav - | had nonzero return status 36096
WARNING (wav-to-duration[5.5.171~1-32b8cf]:Close():kaldi-io.cc:515) Pipe sox -t wav /home/owner1/lre_jaga/source_database/musan/noise/free-sound/noise-free-sound-0754.wav -r 8k -t wav - | had nonzero return status 36096
WARNING (wav-to-duration[5.5.171~1-32b8cf]:Close():kaldi-io.cc:515) Pipe sox -t wav /home/owner1/lre_jaga/source_database/musan/noise/free-sound/noise-free-sound-0755.wav -r 8k -t wav - | had nonzero return status 36096
WARNING (wav-to-duration[5.5.171~1-32b8cf]:Close():kaldi-io.cc:515) Pipe sox -t wav /home/owner1/lre_jaga/source_database/musan/noise/free-sound/noise-free-sound-0756.wav -r 8k -t wav - | had nonzero return status 36096
WARNING (wav-to-duration[5.5.171~1-32b8cf]:Close():kaldi-io.cc:515) Pipe sox -t wav /home/owner1/lre_jaga/source_database/musan/noise/free-sound/noise-free-sound-0757.wav -r 8k -t wav - | had nonzero return status 36096
WARNING (wav-to-duration[5.5.171~1-32b8cf]:Close():kaldi-io.cc:515) Pipe sox -t wav /home/owner1/lre_jaga/source_database/musan/noise/free-sound/noise-free-sound-0758.wav -r 8k -t wav - | had nonzero return status 36096
WARNING (wav-to-duration[5.5.171~1-32b8cf]:Close():kaldi-io.cc:515) Pipe sox -t wav /home/owner1/lre_jaga/source_database/musan/noise/free-sound/noise-free-sound-0759.wav -r 8k -t wav - | had nonzero return status 36096
WARNING (wav-to-duration[5.5.171~1-32b8cf]:Close():kaldi-io.cc:515) Pipe sox -t wav /home/owner1/lre_jaga/source_database/musan/noise/free-sound/noise-free-sound-0760.wav -r 8k -t wav - | had nonzero return status 36096
WARNING (wav-to-duration[5.5.171~1-32b8cf]:Close():kaldi-io.cc:515) Pipe sox -t wav /home/owner1/lre_jaga/source_database/musan/noise/free-sound/noise-free-sound-0761.wav -r 8k -t wav - | had nonzero return status 36096
WARNING (wav-to-duration[5.5.171~1-32b8cf]:Close():kaldi-io.cc:515) Pipe sox -t wav /home/owner1/lre_jaga/source_database/musan/noise/free-sound/noise-free-sound-0762.wav -r 8k -t wav - | had nonzero return status 36096
WARNING (wav-to-duration[5.5.171~1-32b8cf]:Close():kaldi-io.cc:515) Pipe sox -t wav /home/owner1/lre_jaga/source_database/musan/noise/free-sound/noise-free-sound-0763.wav -r 8k -t wav - | had nonzero return status 36096
sox WARN rate: rate clipped 1 samples; decrease volume?
sox WARN dither: dither clipped 1 samples; decrease volume?
WARNING (wav-to-duration[5.5.171~1-32b8cf]:Close():kaldi-io.cc:515) Pipe sox -t wav /home/owner1/lre_jaga/source_database/musan/noise/free-sound/noise-free-sound-0767.wav -r 8k -t wav - | had nonzero return status 36096
WARNING (wav-to-duration[5.5.171~1-32b8cf]:Close():kaldi-io.cc:515) Pipe sox -t wav /home/owner1/lre_jaga/source_database/musan/noise/free-sound/noise-free-sound-0768.wav -r 8k -t wav - | had nonzero return status 36096
WARNING (wav-to-duration[5.5.171~1-32b8cf]:Close():kaldi-io.cc:515) Pipe sox -t wav /home/owner1/lre_jaga/source_database/musan/noise/free-sound/noise-free-sound-0769.wav -r 8k -t wav - | had nonzero return status 36096
WARNING (wav-to-duration[5.5.171~1-32b8cf]:Close():kaldi-io.cc:515) Pipe sox -t wav /home/owner1/lre_jaga/source_database/musan/noise/free-sound/noise-free-sound-0770.wav -r 8k -t wav - | had nonzero return status 36096
WARNING (wav-to-duration[5.5.171~1-32b8cf]:Close():kaldi-io.cc:515) Pipe sox -t wav /home/owner1/lre_jaga/source_database/musan/noise/free-sound/noise-free-sound-0771.wav -r 8k -t wav - | had nonzero return status 36096
WARNING (wav-to-duration[5.5.171~1-32b8cf]:Close():kaldi-io.cc:515) Pipe sox -t wav /home/owner1/lre_jaga/source_database/musan/noise/free-sound/noise-free-sound-0772.wav -r 8k -t wav - | had nonzero return status 36096
WARNING (wav-to-duration[5.5.171~1-32b8cf]:Close():kaldi-io.cc:515) Pipe sox -t wav /home/owner1/lre_jaga/source_database/musan/noise/free-sound/noise-free-sound-0773.wav -r 8k -t wav - | had nonzero return status 36096
WARNING (wav-to-duration[5.5.171~1-32b8cf]:Close():kaldi-io.cc:515) Pipe sox -t wav /home/owner1/lre_jaga/source_database/musan/noise/free-sound/noise-free-sound-0774.wav -r 8k -t wav - | had nonzero return status 36096
WARNING (wav-to-duration[5.5.171~1-32b8cf]:Close():kaldi-io.cc:515) Pipe sox -t wav /home/owner1/lre_jaga/source_database/musan/noise/free-sound/noise-free-sound-0775.wav -r 8k -t wav - | had nonzero return status 36096
WARNING (wav-to-duration[5.5.171~1-32b8cf]:Close():kaldi-io.cc:515) Pipe sox -t wav /home/owner1/lre_jaga/source_database/musan/noise/free-sound/noise-free-sound-0776.wav -r 8k -t wav - | had nonzero return status 36096
WARNING (wav-to-duration[5.5.171~1-32b8cf]:Close():kaldi-io.cc:515) Pipe sox -t wav /home/owner1/lre_jaga/source_database/musan/noise/free-sound/noise-free-sound-0777.wav -r 8k -t wav - | had nonzero return status 36096
WARNING (wav-to-duration[5.5.171~1-32b8cf]:Close():kaldi-io.cc:515) Pipe sox -t wav /home/owner1/lre_jaga/source_database/musan/noise/free-sound/noise-free-sound-0778.wav -r 8k -t wav - | had nonzero return status 36096
WARNING (wav-to-duration[5.5.171~1-32b8cf]:Close():kaldi-io.cc:515) Pipe sox -t wav /home/owner1/lre_jaga/source_database/musan/noise/free-sound/noise-free-sound-0779.wav -r 8k -t wav - | had nonzero return status 36096
WARNING (wav-to-duration[5.5.171~1-32b8cf]:Close():kaldi-io.cc:515) Pipe sox -t wav /home/owner1/lre_jaga/source_database/musan/noise/free-sound/noise-free-sound-0780.wav -r 8k -t wav - | had nonzero return status 36096
WARNING (wav-to-duration[5.5.171~1-32b8cf]:Close():kaldi-io.cc:515) Pipe sox -t wav /home/owner1/lre_jaga/source_database/musan/noise/free-sound/noise-free-sound-0781.wav -r 8k -t wav - | had nonzero return status 36096
WARNING (wav-to-duration[5.5.171~1-32b8cf]:Close():kaldi-io.cc:515) Pipe sox -t wav /home/owner1/lre_jaga/source_database/musan/noise/free-sound/noise-free-sound-0782.wav -r 8k -t wav - | had nonzero return status 36096
WARNING (wav-to-duration[5.5.171~1-32b8cf]:Close():kaldi-io.cc:515) Pipe sox -t wav /home/owner1/lre_jaga/source_database/musan/noise/free-sound/noise-free-sound-0783.wav -r 8k -t wav - | had nonzero return status 36096
WARNING (wav-to-duration[5.5.171~1-32b8cf]:Close():kaldi-io.cc:515) Pipe sox -t wav /home/owner1/lre_jaga/source_database/musan/noise/free-sound/noise-free-sound-0784.wav -r 8k -t wav - | had nonzero return status 36096
WARNING (wav-to-duration[5.5.171~1-32b8cf]:Close():kaldi-io.cc:515) Pipe sox -t wav /home/owner1/lre_jaga/source_database/musan/noise/free-sound/noise-free-sound-0785.wav -r 8k -t wav - | had nonzero return status 36096
WARNING (wav-to-duration[5.5.171~1-32b8cf]:Close():kaldi-io.cc:515) Pipe sox -t wav /home/owner1/lre_jaga/source_database/musan/noise/free-sound/noise-free-sound-0786.wav -r 8k -t wav - | had nonzero return status 36096
WARNING (wav-to-duration[5.5.171~1-32b8cf]:Close():kaldi-io.cc:515) Pipe sox -t wav /home/owner1/lre_jaga/source_database/musan/noise/free-sound/noise-free-sound-0787.wav -r 8k -t wav - | had nonzero return status 36096
WARNING (wav-to-duration[5.5.171~1-32b8cf]:Close():kaldi-io.cc:515) Pipe sox -t wav /home/owner1/lre_jaga/source_database/musan/noise/free-sound/noise-free-sound-0788.wav -r 8k -t wav - | had nonzero return status 36096
WARNING (wav-to-duration[5.5.171~1-32b8cf]:Close():kaldi-io.cc:515) Pipe sox -t wav /home/owner1/lre_jaga/source_database/musan/noise/free-sound/noise-free-sound-0789.wav -r 8k -t wav - | had nonzero return status 36096
WARNING (wav-to-duration[5.5.171~1-32b8cf]:Close():kaldi-io.cc:515) Pipe sox -t wav /home/owner1/lre_jaga/source_database/musan/noise/free-sound/noise-free-sound-0790.wav -r 8k -t wav - | had nonzero return status 36096
WARNING (wav-to-duration[5.5.171~1-32b8cf]:Close():kaldi-io.cc:515) Pipe sox -t wav /home/owner1/lre_jaga/source_database/musan/noise/free-sound/noise-free-sound-0791.wav -r 8k -t wav - | had nonzero return status 36096
WARNING (wav-to-duration[5.5.171~1-32b8cf]:Close():kaldi-io.cc:515) Pipe sox -t wav /home/owner1/lre_jaga/source_database/musan/noise/free-sound/noise-free-sound-0792.wav -r 8k -t wav - | had nonzero return status 36096
WARNING (wav-to-duration[5.5.171~1-32b8cf]:Close():kaldi-io.cc:515) Pipe sox -t wav /home/owner1/lre_jaga/source_database/musan/noise/free-sound/noise-free-sound-0793.wav -r 8k -t wav - | had nonzero return status 36096
WARNING (wav-to-duration[5.5.171~1-32b8cf]:Close():kaldi-io.cc:515) Pipe sox -t wav /home/owner1/lre_jaga/source_database/musan/noise/free-sound/noise-free-sound-0794.wav -r 8k -t wav - | had nonzero return status 36096
WARNING (wav-to-duration[5.5.171~1-32b8cf]:Close():kaldi-io.cc:515) Pipe sox -t wav /home/owner1/lre_jaga/source_database/musan/noise/free-sound/noise-free-sound-0795.wav -r 8k -t wav - | had nonzero return status 36096
WARNING (wav-to-duration[5.5.171~1-32b8cf]:Close():kaldi-io.cc:515) Pipe sox -t wav /home/owner1/lre_jaga/source_database/musan/noise/free-sound/noise-free-sound-0796.wav -r 8k -t wav - | had nonzero return status 36096
WARNING (wav-to-duration[5.5.171~1-32b8cf]:Close():kaldi-io.cc:515) Pipe sox -t wav /home/owner1/lre_jaga/source_database/musan/noise/free-sound/noise-free-sound-0797.wav -r 8k -t wav - | had nonzero return status 36096
WARNING (wav-to-duration[5.5.171~1-32b8cf]:Close():kaldi-io.cc:515) Pipe sox -t wav /home/owner1/lre_jaga/source_database/musan/noise/free-sound/noise-free-sound-0798.wav -r 8k -t wav - | had nonzero return status 36096
WARNING (wav-to-duration[5.5.171~1-32b8cf]:Close():kaldi-io.cc:515) Pipe sox -t wav /home/owner1/lre_jaga/source_database/musan/noise/free-sound/noise-free-sound-0799.wav -r 8k -t wav - | had nonzero return status 36096
WARNING (wav-to-duration[5.5.171~1-32b8cf]:Close():kaldi-io.cc:515) Pipe sox -t wav /home/owner1/lre_jaga/source_database/musan/noise/free-sound/noise-free-sound-0800.wav -r 8k -t wav - | had nonzero return status 36096
WARNING (wav-to-duration[5.5.171~1-32b8cf]:Close():kaldi-io.cc:515) Pipe sox -t wav /home/owner1/lre_jaga/source_database/musan/noise/free-sound/noise-free-sound-0801.wav -r 8k -t wav - | had nonzero return status 36096
WARNING (wav-to-duration[5.5.171~1-32b8cf]:Close():kaldi-io.cc:515) Pipe sox -t wav /home/owner1/lre_jaga/source_database/musan/noise/free-sound/noise-free-sound-0802.wav -r 8k -t wav - | had nonzero return status 36096
WARNING (wav-to-duration[5.5.171~1-32b8cf]:Close():kaldi-io.cc:515) Pipe sox -t wav /home/owner1/lre_jaga/source_database/musan/noise/free-sound/noise-free-sound-0803.wav -r 8k -t wav - | had nonzero return status 36096
WARNING (wav-to-duration[5.5.171~1-32b8cf]:Close():kaldi-io.cc:515) Pipe sox -t wav /home/owner1/lre_jaga/source_database/musan/noise/free-sound/noise-free-sound-0804.wav -r 8k -t wav - | had nonzero return status 36096
WARNING (wav-to-duration[5.5.171~1-32b8cf]:Close():kaldi-io.cc:515) Pipe sox -t wav /home/owner1/lre_jaga/source_database/musan/noise/free-sound/noise-free-sound-0805.wav -r 8k -t wav - | had nonzero return status 36096
WARNING (wav-to-duration[5.5.171~1-32b8cf]:Close():kaldi-io.cc:515) Pipe sox -t wav /home/owner1/lre_jaga/source_database/musan/noise/free-sound/noise-free-sound-0806.wav -r 8k -t wav - | had nonzero return status 36096
WARNING (wav-to-duration[5.5.171~1-32b8cf]:Close():kaldi-io.cc:515) Pipe sox -t wav /home/owner1/lre_jaga/source_database/musan/noise/free-sound/noise-free-sound-0807.wav -r 8k -t wav - | had nonzero return status 36096
WARNING (wav-to-duration[5.5.171~1-32b8cf]:Close():kaldi-io.cc:515) Pipe sox -t wav /home/owner1/lre_jaga/source_database/musan/noise/free-sound/noise-free-sound-0808.wav -r 8k -t wav - | had nonzero return status 36096
WARNING (wav-to-duration[5.5.171~1-32b8cf]:Close():kaldi-io.cc:515) Pipe sox -t wav /home/owner1/lre_jaga/source_database/musan/noise/free-sound/noise-free-sound-0809.wav -r 8k -t wav - | had nonzero return status 36096
WARNING (wav-to-duration[5.5.171~1-32b8cf]:Close():kaldi-io.cc:515) Pipe sox -t wav /home/owner1/lre_jaga/source_database/musan/noise/free-sound/noise-free-sound-0810.wav -r 8k -t wav - | had nonzero return status 36096
WARNING (wav-to-duration[5.5.171~1-32b8cf]:Close():kaldi-io.cc:515) Pipe sox -t wav /home/owner1/lre_jaga/source_database/musan/noise/free-sound/noise-free-sound-0811.wav -r 8k -t wav - | had nonzero return status 36096
WARNING (wav-to-duration[5.5.171~1-32b8cf]:Close():kaldi-io.cc:515) Pipe sox -t wav /home/owner1/lre_jaga/source_database/musan/noise/free-sound/noise-free-sound-0812.wav -r 8k -t wav - | had nonzero return status 36096
WARNING (wav-to-duration[5.5.171~1-32b8cf]:Close():kaldi-io.cc:515) Pipe sox -t wav /home/owner1/lre_jaga/source_database/musan/noise/free-sound/noise-free-sound-0813.wav -r 8k -t wav - | had nonzero return status 36096
WARNING (wav-to-duration[5.5.171~1-32b8cf]:Close():kaldi-io.cc:515) Pipe sox -t wav /home/owner1/lre_jaga/source_database/musan/noise/free-sound/noise-free-sound-0814.wav -r 8k -t wav - | had nonzero return status 36096
WARNING (wav-to-duration[5.5.171~1-32b8cf]:Close():kaldi-io.cc:515) Pipe sox -t wav /home/owner1/lre_jaga/source_database/musan/noise/free-sound/noise-free-sound-0815.wav -r 8k -t wav - | had nonzero return status 36096
WARNING (wav-to-duration[5.5.171~1-32b8cf]:Close():kaldi-io.cc:515) Pipe sox -t wav /home/owner1/lre_jaga/source_database/musan/noise/free-sound/noise-free-sound-0816.wav -r 8k -t wav - | had nonzero return status 36096
WARNING (wav-to-duration[5.5.171~1-32b8cf]:Close():kaldi-io.cc:515) Pipe sox -t wav /home/owner1/lre_jaga/source_database/musan/noise/free-sound/noise-free-sound-0817.wav -r 8k -t wav - | had nonzero return status 36096
WARNING (wav-to-duration[5.5.171~1-32b8cf]:Close():kaldi-io.cc:515) Pipe sox -t wav /home/owner1/lre_jaga/source_database/musan/noise/free-sound/noise-free-sound-0818.wav -r 8k -t wav - | had nonzero return status 36096
WARNING (wav-to-duration[5.5.171~1-32b8cf]:Close():kaldi-io.cc:515) Pipe sox -t wav /home/owner1/lre_jaga/source_database/musan/noise/free-sound/noise-free-sound-0819.wav -r 8k -t wav - | had nonzero return status 36096
WARNING (wav-to-duration[5.5.171~1-32b8cf]:Close():kaldi-io.cc:515) Pipe sox -t wav /home/owner1/lre_jaga/source_database/musan/noise/free-sound/noise-free-sound-0820.wav -r 8k -t wav - | had nonzero return status 36096
WARNING (wav-to-duration[5.5.171~1-32b8cf]:Close():kaldi-io.cc:515) Pipe sox -t wav /home/owner1/lre_jaga/source_database/musan/noise/free-sound/noise-free-sound-0821.wav -r 8k -t wav - | had nonzero return status 36096
WARNING (wav-to-duration[5.5.171~1-32b8cf]:Close():kaldi-io.cc:515) Pipe sox -t wav /home/owner1/lre_jaga/source_database/musan/noise/free-sound/noise-free-sound-0822.wav -r 8k -t wav - | had nonzero return status 36096
WARNING (wav-to-duration[5.5.171~1-32b8cf]:Close():kaldi-io.cc:515) Pipe sox -t wav /home/owner1/lre_jaga/source_database/musan/noise/free-sound/noise-free-sound-0823.wav -r 8k -t wav - | had nonzero return status 36096
WARNING (wav-to-duration[5.5.171~1-32b8cf]:Close():kaldi-io.cc:515) Pipe sox -t wav /home/owner1/lre_jaga/source_database/musan/noise/free-sound/noise-free-sound-0824.wav -r 8k -t wav - | had nonzero return status 36096
WARNING (wav-to-duration[5.5.171~1-32b8cf]:Close():kaldi-io.cc:515) Pipe sox -t wav /home/owner1/lre_jaga/source_database/musan/noise/free-sound/noise-free-sound-0825.wav -r 8k -t wav - | had nonzero return status 36096
WARNING (wav-to-duration[5.5.171~1-32b8cf]:Close():kaldi-io.cc:515) Pipe sox -t wav /home/owner1/lre_jaga/source_database/musan/noise/free-sound/noise-free-sound-0826.wav -r 8k -t wav - | had nonzero return status 36096
WARNING (wav-to-duration[5.5.171~1-32b8cf]:Close():kaldi-io.cc:515) Pipe sox -t wav /home/owner1/lre_jaga/source_database/musan/noise/free-sound/noise-free-sound-0827.wav -r 8k -t wav - | had nonzero return status 36096
WARNING (wav-to-duration[5.5.171~1-32b8cf]:Close():kaldi-io.cc:515) Pipe sox -t wav /home/owner1/lre_jaga/source_database/musan/noise/free-sound/noise-free-sound-0828.wav -r 8k -t wav - | had nonzero return status 36096
WARNING (wav-to-duration[5.5.171~1-32b8cf]:Close():kaldi-io.cc:515) Pipe sox -t wav /home/owner1/lre_jaga/source_database/musan/noise/free-sound/noise-free-sound-0829.wav -r 8k -t wav - | had nonzero return status 36096
WARNING (wav-to-duration[5.5.171~1-32b8cf]:Close():kaldi-io.cc:515) Pipe sox -t wav /home/owner1/lre_jaga/source_database/musan/noise/free-sound/noise-free-sound-0830.wav -r 8k -t wav - | had nonzero return status 36096
WARNING (wav-to-duration[5.5.171~1-32b8cf]:Close():kaldi-io.cc:515) Pipe sox -t wav /home/owner1/lre_jaga/source_database/musan/noise/free-sound/noise-free-sound-0831.wav -r 8k -t wav - | had nonzero return status 36096
WARNING (wav-to-duration[5.5.171~1-32b8cf]:Close():kaldi-io.cc:515) Pipe sox -t wav /home/owner1/lre_jaga/source_database/musan/noise/free-sound/noise-free-sound-0832.wav -r 8k -t wav - | had nonzero return status 36096
WARNING (wav-to-duration[5.5.171~1-32b8cf]:Close():kaldi-io.cc:515) Pipe sox -t wav /home/owner1/lre_jaga/source_database/musan/noise/free-sound/noise-free-sound-0833.wav -r 8k -t wav - | had nonzero return status 36096
WARNING (wav-to-duration[5.5.171~1-32b8cf]:Close():kaldi-io.cc:515) Pipe sox -t wav /home/owner1/lre_jaga/source_database/musan/noise/free-sound/noise-free-sound-0834.wav -r 8k -t wav - | had nonzero return status 36096
WARNING (wav-to-duration[5.5.171~1-32b8cf]:Close():kaldi-io.cc:515) Pipe sox -t wav /home/owner1/lre_jaga/source_database/musan/noise/free-sound/noise-free-sound-0835.wav -r 8k -t wav - | had nonzero return status 36096
WARNING (wav-to-duration[5.5.171~1-32b8cf]:Close():kaldi-io.cc:515) Pipe sox -t wav /home/owner1/lre_jaga/source_database/musan/noise/free-sound/noise-free-sound-0836.wav -r 8k -t wav - | had nonzero return status 36096
WARNING (wav-to-duration[5.5.171~1-32b8cf]:Close():kaldi-io.cc:515) Pipe sox -t wav /home/owner1/lre_jaga/source_database/musan/noise/free-sound/noise-free-sound-0837.wav -r 8k -t wav - | had nonzero return status 36096
WARNING (wav-to-duration[5.5.171~1-32b8cf]:Close():kaldi-io.cc:515) Pipe sox -t wav /home/owner1/lre_jaga/source_database/musan/noise/free-sound/noise-free-sound-0838.wav -r 8k -t wav - | had nonzero return status 36096
WARNING (wav-to-duration[5.5.171~1-32b8cf]:Close():kaldi-io.cc:515) Pipe sox -t wav /home/owner1/lre_jaga/source_database/musan/noise/free-sound/noise-free-sound-0839.wav -r 8k -t wav - | had nonzero return status 36096
WARNING (wav-to-duration[5.5.171~1-32b8cf]:Close():kaldi-io.cc:515) Pipe sox -t wav /home/owner1/lre_jaga/source_database/musan/noise/free-sound/noise-free-sound-0840.wav -r 8k -t wav - | had nonzero return status 36096
WARNING (wav-to-duration[5.5.171~1-32b8cf]:Close():kaldi-io.cc:515) Pipe sox -t wav /home/owner1/lre_jaga/source_database/musan/noise/free-sound/noise-free-sound-0841.wav -r 8k -t wav - | had nonzero return status 36096
WARNING (wav-to-duration[5.5.171~1-32b8cf]:Close():kaldi-io.cc:515) Pipe sox -t wav /home/owner1/lre_jaga/source_database/musan/noise/free-sound/noise-free-sound-0842.wav -r 8k -t wav - | had nonzero return status 36096
WARNING (wav-to-duration[5.5.171~1-32b8cf]:Close():kaldi-io.cc:515) Pipe sox -t wav /home/owner1/lre_jaga/source_database/musan/noise/sound-bible/noise-sound-bible-0000.wav -r 8k -t wav - | had nonzero return status 36096
WARNING (wav-to-duration[5.5.171~1-32b8cf]:Close():kaldi-io.cc:515) Pipe sox -t wav /home/owner1/lre_jaga/source_database/musan/noise/sound-bible/noise-sound-bible-0001.wav -r 8k -t wav - | had nonzero return status 36096
WARNING (wav-to-duration[5.5.171~1-32b8cf]:Close():kaldi-io.cc:515) Pipe sox -t wav /home/owner1/lre_jaga/source_database/musan/noise/sound-bible/noise-sound-bible-0002.wav -r 8k -t wav - | had nonzero return status 36096
WARNING (wav-to-duration[5.5.171~1-32b8cf]:Close():kaldi-io.cc:515) Pipe sox -t wav /home/owner1/lre_jaga/source_database/musan/noise/sound-bible/noise-sound-bible-0003.wav -r 8k -t wav - | had nonzero return status 36096
WARNING (wav-to-duration[5.5.171~1-32b8cf]:Close():kaldi-io.cc:515) Pipe sox -t wav /home/owner1/lre_jaga/source_database/musan/noise/sound-bible/noise-sound-bible-0004.wav -r 8k -t wav - | had nonzero return status 36096
WARNING (wav-to-duration[5.5.171~1-32b8cf]:Close():kaldi-io.cc:515) Pipe sox -t wav /home/owner1/lre_jaga/source_database/musan/noise/sound-bible/noise-sound-bible-0005.wav -r 8k -t wav - | had nonzero return status 36096
WARNING (wav-to-duration[5.5.171~1-32b8cf]:Close():kaldi-io.cc:515) Pipe sox -t wav /home/owner1/lre_jaga/source_database/musan/noise/sound-bible/noise-sound-bible-0006.wav -r 8k -t wav - | had nonzero return status 36096
WARNING (wav-to-duration[5.5.171~1-32b8cf]:Close():kaldi-io.cc:515) Pipe sox -t wav /home/owner1/lre_jaga/source_database/musan/noise/sound-bible/noise-sound-bible-0007.wav -r 8k -t wav - | had nonzero return status 36096
WARNING (wav-to-duration[5.5.171~1-32b8cf]:Close():kaldi-io.cc:515) Pipe sox -t wav /home/owner1/lre_jaga/source_database/musan/noise/sound-bible/noise-sound-bible-0008.wav -r 8k -t wav - | had nonzero return status 36096
WARNING (wav-to-duration[5.5.171~1-32b8cf]:Close():kaldi-io.cc:515) Pipe sox -t wav /home/owner1/lre_jaga/source_database/musan/noise/sound-bible/noise-sound-bible-0009.wav -r 8k -t wav - | had nonzero return status 36096
WARNING (wav-to-duration[5.5.171~1-32b8cf]:Close():kaldi-io.cc:515) Pipe sox -t wav /home/owner1/lre_jaga/source_database/musan/noise/sound-bible/noise-sound-bible-0010.wav -r 8k -t wav - | had nonzero return status 36096
WARNING (wav-to-duration[5.5.171~1-32b8cf]:Close():kaldi-io.cc:515) Pipe sox -t wav /home/owner1/lre_jaga/source_database/musan/noise/sound-bible/noise-sound-bible-0011.wav -r 8k -t wav - | had nonzero return status 36096
WARNING (wav-to-duration[5.5.171~1-32b8cf]:Close():kaldi-io.cc:515) Pipe sox -t wav /home/owner1/lre_jaga/source_database/musan/noise/sound-bible/noise-sound-bible-0012.wav -r 8k -t wav - | had nonzero return status 36096
WARNING (wav-to-duration[5.5.171~1-32b8cf]:Close():kaldi-io.cc:515) Pipe sox -t wav /home/owner1/lre_jaga/source_database/musan/noise/sound-bible/noise-sound-bible-0013.wav -r 8k -t wav - | had nonzero return status 36096
WARNING (wav-to-duration[5.5.171~1-32b8cf]:Close():kaldi-io.cc:515) Pipe sox -t wav /home/owner1/lre_jaga/source_database/musan/noise/sound-bible/noise-sound-bible-0014.wav -r 8k -t wav - | had nonzero return status 36096
WARNING (wav-to-duration[5.5.171~1-32b8cf]:Close():kaldi-io.cc:515) Pipe sox -t wav /home/owner1/lre_jaga/source_database/musan/noise/sound-bible/noise-sound-bible-0015.wav -r 8k -t wav - | had nonzero return status 36096
WARNING (wav-to-duration[5.5.171~1-32b8cf]:Close():kaldi-io.cc:515) Pipe sox -t wav /home/owner1/lre_jaga/source_database/musan/noise/sound-bible/noise-sound-bible-0016.wav -r 8k -t wav - | had nonzero return status 36096
WARNING (wav-to-duration[5.5.171~1-32b8cf]:Close():kaldi-io.cc:515) Pipe sox -t wav /home/owner1/lre_jaga/source_database/musan/noise/sound-bible/noise-sound-bible-0017.wav -r 8k -t wav - | had nonzero return status 36096
WARNING (wav-to-duration[5.5.171~1-32b8cf]:Close():kaldi-io.cc:515) Pipe sox -t wav /home/owner1/lre_jaga/source_database/musan/noise/sound-bible/noise-sound-bible-0018.wav -r 8k -t wav - | had nonzero return status 36096
WARNING (wav-to-duration[5.5.171~1-32b8cf]:Close():kaldi-io.cc:515) Pipe sox -t wav /home/owner1/lre_jaga/source_database/musan/noise/sound-bible/noise-sound-bible-0019.wav -r 8k -t wav - | had nonzero return status 36096
WARNING (wav-to-duration[5.5.171~1-32b8cf]:Close():kaldi-io.cc:515) Pipe sox -t wav /home/owner1/lre_jaga/source_database/musan/noise/sound-bible/noise-sound-bible-0020.wav -r 8k -t wav - | had nonzero return status 36096
WARNING (wav-to-duration[5.5.171~1-32b8cf]:Close():kaldi-io.cc:515) Pipe sox -t wav /home/owner1/lre_jaga/source_database/musan/noise/sound-bible/noise-sound-bible-0021.wav -r 8k -t wav - | had nonzero return status 36096
WARNING (wav-to-duration[5.5.171~1-32b8cf]:Close():kaldi-io.cc:515) Pipe sox -t wav /home/owner1/lre_jaga/source_database/musan/noise/sound-bible/noise-sound-bible-0022.wav -r 8k -t wav - | had nonzero return status 36096
WARNING (wav-to-duration[5.5.171~1-32b8cf]:Close():kaldi-io.cc:515) Pipe sox -t wav /home/owner1/lre_jaga/source_database/musan/noise/sound-bible/noise-sound-bible-0023.wav -r 8k -t wav - | had nonzero return status 36096
WARNING (wav-to-duration[5.5.171~1-32b8cf]:Close():kaldi-io.cc:515) Pipe sox -t wav /home/owner1/lre_jaga/source_database/musan/noise/sound-bible/noise-sound-bible-0024.wav -r 8k -t wav - | had nonzero return status 36096
WARNING (wav-to-duration[5.5.171~1-32b8cf]:Close():kaldi-io.cc:515) Pipe sox -t wav /home/owner1/lre_jaga/source_database/musan/noise/sound-bible/noise-sound-bible-0025.wav -r 8k -t wav - | had nonzero return status 36096
WARNING (wav-to-duration[5.5.171~1-32b8cf]:Close():kaldi-io.cc:515) Pipe sox -t wav /home/owner1/lre_jaga/source_database/musan/noise/sound-bible/noise-sound-bible-0026.wav -r 8k -t wav - | had nonzero return status 36096
WARNING (wav-to-duration[5.5.171~1-32b8cf]:Close():kaldi-io.cc:515) Pipe sox -t wav /home/owner1/lre_jaga/source_database/musan/noise/sound-bible/noise-sound-bible-0027.wav -r 8k -t wav - | had nonzero return status 36096
WARNING (wav-to-duration[5.5.171~1-32b8cf]:Close():kaldi-io.cc:515) Pipe sox -t wav /home/owner1/lre_jaga/source_database/musan/noise/sound-bible/noise-sound-bible-0028.wav -r 8k -t wav - | had nonzero return status 36096
WARNING (wav-to-duration[5.5.171~1-32b8cf]:Close():kaldi-io.cc:515) Pipe sox -t wav /home/owner1/lre_jaga/source_database/musan/noise/sound-bible/noise-sound-bible-0029.wav -r 8k -t wav - | had nonzero return status 36096
WARNING (wav-to-duration[5.5.171~1-32b8cf]:Close():kaldi-io.cc:515) Pipe sox -t wav /home/owner1/lre_jaga/source_database/musan/noise/sound-bible/noise-sound-bible-0030.wav -r 8k -t wav - | had nonzero return status 36096
WARNING (wav-to-duration[5.5.171~1-32b8cf]:Close():kaldi-io.cc:515) Pipe sox -t wav /home/owner1/lre_jaga/source_database/musan/noise/sound-bible/noise-sound-bible-0031.wav -r 8k -t wav - | had nonzero return status 36096
WARNING (wav-to-duration[5.5.171~1-32b8cf]:Close():kaldi-io.cc:515) Pipe sox -t wav /home/owner1/lre_jaga/source_database/musan/noise/sound-bible/noise-sound-bible-0032.wav -r 8k -t wav - | had nonzero return status 36096
WARNING (wav-to-duration[5.5.171~1-32b8cf]:Close():kaldi-io.cc:515) Pipe sox -t wav /home/owner1/lre_jaga/source_database/musan/noise/sound-bible/noise-sound-bible-0033.wav -r 8k -t wav - | had nonzero return status 36096
WARNING (wav-to-duration[5.5.171~1-32b8cf]:Close():kaldi-io.cc:515) Pipe sox -t wav /home/owner1/lre_jaga/source_database/musan/noise/sound-bible/noise-sound-bible-0034.wav -r 8k -t wav - | had nonzero return status 36096
WARNING (wav-to-duration[5.5.171~1-32b8cf]:Close():kaldi-io.cc:515) Pipe sox -t wav /home/owner1/lre_jaga/source_database/musan/noise/sound-bible/noise-sound-bible-0035.wav -r 8k -t wav - | had nonzero return status 36096
WARNING (wav-to-duration[5.5.171~1-32b8cf]:Close():kaldi-io.cc:515) Pipe sox -t wav /home/owner1/lre_jaga/source_database/musan/noise/sound-bible/noise-sound-bible-0036.wav -r 8k -t wav - | had nonzero return status 36096
WARNING (wav-to-duration[5.5.171~1-32b8cf]:Close():kaldi-io.cc:515) Pipe sox -t wav /home/owner1/lre_jaga/source_database/musan/noise/sound-bible/noise-sound-bible-0037.wav -r 8k -t wav - | had nonzero return status 36096
WARNING (wav-to-duration[5.5.171~1-32b8cf]:Close():kaldi-io.cc:515) Pipe sox -t wav /home/owner1/lre_jaga/source_database/musan/noise/sound-bible/noise-sound-bible-0038.wav -r 8k -t wav - | had nonzero return status 36096
WARNING (wav-to-duration[5.5.171~1-32b8cf]:Close():kaldi-io.cc:515) Pipe sox -t wav /home/owner1/lre_jaga/source_database/musan/noise/sound-bible/noise-sound-bible-0039.wav -r 8k -t wav - | had nonzero return status 36096
WARNING (wav-to-duration[5.5.171~1-32b8cf]:Close():kaldi-io.cc:515) Pipe sox -t wav /home/owner1/lre_jaga/source_database/musan/noise/sound-bible/noise-sound-bible-0040.wav -r 8k -t wav - | had nonzero return status 36096
WARNING (wav-to-duration[5.5.171~1-32b8cf]:Close():kaldi-io.cc:515) Pipe sox -t wav /home/owner1/lre_jaga/source_database/musan/noise/sound-bible/noise-sound-bible-0041.wav -r 8k -t wav - | had nonzero return status 36096
WARNING (wav-to-duration[5.5.171~1-32b8cf]:Close():kaldi-io.cc:515) Pipe sox -t wav /home/owner1/lre_jaga/source_database/musan/noise/sound-bible/noise-sound-bible-0042.wav -r 8k -t wav - | had nonzero return status 36096
WARNING (wav-to-duration[5.5.171~1-32b8cf]:Close():kaldi-io.cc:515) Pipe sox -t wav /home/owner1/lre_jaga/source_database/musan/noise/sound-bible/noise-sound-bible-0043.wav -r 8k -t wav - | had nonzero return status 36096
WARNING (wav-to-duration[5.5.171~1-32b8cf]:Close():kaldi-io.cc:515) Pipe sox -t wav /home/owner1/lre_jaga/source_database/musan/noise/sound-bible/noise-sound-bible-0044.wav -r 8k -t wav - | had nonzero return status 36096
WARNING (wav-to-duration[5.5.171~1-32b8cf]:Close():kaldi-io.cc:515) Pipe sox -t wav /home/owner1/lre_jaga/source_database/musan/noise/sound-bible/noise-sound-bible-0045.wav -r 8k -t wav - | had nonzero return status 36096
WARNING (wav-to-duration[5.5.171~1-32b8cf]:Close():kaldi-io.cc:515) Pipe sox -t wav /home/owner1/lre_jaga/source_database/musan/noise/sound-bible/noise-sound-bible-0046.wav -r 8k -t wav - | had nonzero return status 36096
WARNING (wav-to-duration[5.5.171~1-32b8cf]:Close():kaldi-io.cc:515) Pipe sox -t wav /home/owner1/lre_jaga/source_database/musan/noise/sound-bible/noise-sound-bible-0047.wav -r 8k -t wav - | had nonzero return status 36096
WARNING (wav-to-duration[5.5.171~1-32b8cf]:Close():kaldi-io.cc:515) Pipe sox -t wav /home/owner1/lre_jaga/source_database/musan/noise/sound-bible/noise-sound-bible-0048.wav -r 8k -t wav - | had nonzero return status 36096
WARNING (wav-to-duration[5.5.171~1-32b8cf]:Close():kaldi-io.cc:515) Pipe sox -t wav /home/owner1/lre_jaga/source_database/musan/noise/sound-bible/noise-sound-bible-0049.wav -r 8k -t wav - | had nonzero return status 36096
WARNING (wav-to-duration[5.5.171~1-32b8cf]:Close():kaldi-io.cc:515) Pipe sox -t wav /home/owner1/lre_jaga/source_database/musan/noise/sound-bible/noise-sound-bible-0050.wav -r 8k -t wav - | had nonzero return status 36096
WARNING (wav-to-duration[5.5.171~1-32b8cf]:Close():kaldi-io.cc:515) Pipe sox -t wav /home/owner1/lre_jaga/source_database/musan/noise/sound-bible/noise-sound-bible-0051.wav -r 8k -t wav - | had nonzero return status 36096
WARNING (wav-to-duration[5.5.171~1-32b8cf]:Close():kaldi-io.cc:515) Pipe sox -t wav /home/owner1/lre_jaga/source_database/musan/noise/sound-bible/noise-sound-bible-0052.wav -r 8k -t wav - | had nonzero return status 36096
WARNING (wav-to-duration[5.5.171~1-32b8cf]:Close():kaldi-io.cc:515) Pipe sox -t wav /home/owner1/lre_jaga/source_database/musan/noise/sound-bible/noise-sound-bible-0053.wav -r 8k -t wav - | had nonzero return status 36096
WARNING (wav-to-duration[5.5.171~1-32b8cf]:Close():kaldi-io.cc:515) Pipe sox -t wav /home/owner1/lre_jaga/source_database/musan/noise/sound-bible/noise-sound-bible-0054.wav -r 8k -t wav - | had nonzero return status 36096
WARNING (wav-to-duration[5.5.171~1-32b8cf]:Close():kaldi-io.cc:515) Pipe sox -t wav /home/owner1/lre_jaga/source_database/musan/noise/sound-bible/noise-sound-bible-0055.wav -r 8k -t wav - | had nonzero return status 36096
WARNING (wav-to-duration[5.5.171~1-32b8cf]:Close():kaldi-io.cc:515) Pipe sox -t wav /home/owner1/lre_jaga/source_database/musan/noise/sound-bible/noise-sound-bible-0056.wav -r 8k -t wav - | had nonzero return status 36096
WARNING (wav-to-duration[5.5.171~1-32b8cf]:Close():kaldi-io.cc:515) Pipe sox -t wav /home/owner1/lre_jaga/source_database/musan/noise/sound-bible/noise-sound-bible-0057.wav -r 8k -t wav - | had nonzero return status 36096
WARNING (wav-to-duration[5.5.171~1-32b8cf]:Close():kaldi-io.cc:515) Pipe sox -t wav /home/owner1/lre_jaga/source_database/musan/noise/sound-bible/noise-sound-bible-0058.wav -r 8k -t wav - | had nonzero return status 36096
WARNING (wav-to-duration[5.5.171~1-32b8cf]:Close():kaldi-io.cc:515) Pipe sox -t wav /home/owner1/lre_jaga/source_database/musan/noise/sound-bible/noise-sound-bible-0059.wav -r 8k -t wav - | had nonzero return status 36096
WARNING (wav-to-duration[5.5.171~1-32b8cf]:Close():kaldi-io.cc:515) Pipe sox -t wav /home/owner1/lre_jaga/source_database/musan/noise/sound-bible/noise-sound-bible-0060.wav -r 8k -t wav - | had nonzero return status 36096
WARNING (wav-to-duration[5.5.171~1-32b8cf]:Close():kaldi-io.cc:515) Pipe sox -t wav /home/owner1/lre_jaga/source_database/musan/noise/sound-bible/noise-sound-bible-0061.wav -r 8k -t wav - | had nonzero return status 36096
WARNING (wav-to-duration[5.5.171~1-32b8cf]:Close():kaldi-io.cc:515) Pipe sox -t wav /home/owner1/lre_jaga/source_database/musan/noise/sound-bible/noise-sound-bible-0062.wav -r 8k -t wav - | had nonzero return status 36096
WARNING (wav-to-duration[5.5.171~1-32b8cf]:Close():kaldi-io.cc:515) Pipe sox -t wav /home/owner1/lre_jaga/source_database/musan/noise/sound-bible/noise-sound-bible-0063.wav -r 8k -t wav - | had nonzero return status 36096
WARNING (wav-to-duration[5.5.171~1-32b8cf]:Close():kaldi-io.cc:515) Pipe sox -t wav /home/owner1/lre_jaga/source_database/musan/noise/sound-bible/noise-sound-bible-0064.wav -r 8k -t wav - | had nonzero return status 36096
WARNING (wav-to-duration[5.5.171~1-32b8cf]:Close():kaldi-io.cc:515) Pipe sox -t wav /home/owner1/lre_jaga/source_database/musan/noise/sound-bible/noise-sound-bible-0065.wav -r 8k -t wav - | had nonzero return status 36096
WARNING (wav-to-duration[5.5.171~1-32b8cf]:Close():kaldi-io.cc:515) Pipe sox -t wav /home/owner1/lre_jaga/source_database/musan/noise/sound-bible/noise-sound-bible-0066.wav -r 8k -t wav - | had nonzero return status 36096
WARNING (wav-to-duration[5.5.171~1-32b8cf]:Close():kaldi-io.cc:515) Pipe sox -t wav /home/owner1/lre_jaga/source_database/musan/noise/sound-bible/noise-sound-bible-0067.wav -r 8k -t wav - | had nonzero return status 36096
WARNING (wav-to-duration[5.5.171~1-32b8cf]:Close():kaldi-io.cc:515) Pipe sox -t wav /home/owner1/lre_jaga/source_database/musan/noise/sound-bible/noise-sound-bible-0068.wav -r 8k -t wav - | had nonzero return status 36096
WARNING (wav-to-duration[5.5.171~1-32b8cf]:Close():kaldi-io.cc:515) Pipe sox -t wav /home/owner1/lre_jaga/source_database/musan/noise/sound-bible/noise-sound-bible-0069.wav -r 8k -t wav - | had nonzero return status 36096
WARNING (wav-to-duration[5.5.171~1-32b8cf]:Close():kaldi-io.cc:515) Pipe sox -t wav /home/owner1/lre_jaga/source_database/musan/noise/sound-bible/noise-sound-bible-0070.wav -r 8k -t wav - | had nonzero return status 36096
WARNING (wav-to-duration[5.5.171~1-32b8cf]:Close():kaldi-io.cc:515) Pipe sox -t wav /home/owner1/lre_jaga/source_database/musan/noise/sound-bible/noise-sound-bible-0071.wav -r 8k -t wav - | had nonzero return status 36096
WARNING (wav-to-duration[5.5.171~1-32b8cf]:Close():kaldi-io.cc:515) Pipe sox -t wav /home/owner1/lre_jaga/source_database/musan/noise/sound-bible/noise-sound-bible-0072.wav -r 8k -t wav - | had nonzero return status 36096
WARNING (wav-to-duration[5.5.171~1-32b8cf]:Close():kaldi-io.cc:515) Pipe sox -t wav /home/owner1/lre_jaga/source_database/musan/noise/sound-bible/noise-sound-bible-0073.wav -r 8k -t wav - | had nonzero return status 36096
WARNING (wav-to-duration[5.5.171~1-32b8cf]:Close():kaldi-io.cc:515) Pipe sox -t wav /home/owner1/lre_jaga/source_database/musan/noise/sound-bible/noise-sound-bible-0074.wav -r 8k -t wav - | had nonzero return status 36096
WARNING (wav-to-duration[5.5.171~1-32b8cf]:Close():kaldi-io.cc:515) Pipe sox -t wav /home/owner1/lre_jaga/source_database/musan/noise/sound-bible/noise-sound-bible-0075.wav -r 8k -t wav - | had nonzero return status 36096
WARNING (wav-to-duration[5.5.171~1-32b8cf]:Close():kaldi-io.cc:515) Pipe sox -t wav /home/owner1/lre_jaga/source_database/musan/noise/sound-bible/noise-sound-bible-0076.wav -r 8k -t wav - | had nonzero return status 36096
WARNING (wav-to-duration[5.5.171~1-32b8cf]:Close():kaldi-io.cc:515) Pipe sox -t wav /home/owner1/lre_jaga/source_database/musan/noise/sound-bible/noise-sound-bible-0077.wav -r 8k -t wav - | had nonzero return status 36096
WARNING (wav-to-duration[5.5.171~1-32b8cf]:Close():kaldi-io.cc:515) Pipe sox -t wav /home/owner1/lre_jaga/source_database/musan/noise/sound-bible/noise-sound-bible-0078.wav -r 8k -t wav - | had nonzero return status 36096
WARNING (wav-to-duration[5.5.171~1-32b8cf]:Close():kaldi-io.cc:515) Pipe sox -t wav /home/owner1/lre_jaga/source_database/musan/noise/sound-bible/noise-sound-bible-0079.wav -r 8k -t wav - | had nonzero return status 36096
WARNING (wav-to-duration[5.5.171~1-32b8cf]:Close():kaldi-io.cc:515) Pipe sox -t wav /home/owner1/lre_jaga/source_database/musan/noise/sound-bible/noise-sound-bible-0080.wav -r 8k -t wav - | had nonzero return status 36096
WARNING (wav-to-duration[5.5.171~1-32b8cf]:Close():kaldi-io.cc:515) Pipe sox -t wav /home/owner1/lre_jaga/source_database/musan/noise/sound-bible/noise-sound-bible-0081.wav -r 8k -t wav - | had nonzero return status 36096
WARNING (wav-to-duration[5.5.171~1-32b8cf]:Close():kaldi-io.cc:515) Pipe sox -t wav /home/owner1/lre_jaga/source_database/musan/noise/sound-bible/noise-sound-bible-0082.wav -r 8k -t wav - | had nonzero return status 36096
WARNING (wav-to-duration[5.5.171~1-32b8cf]:Close():kaldi-io.cc:515) Pipe sox -t wav /home/owner1/lre_jaga/source_database/musan/noise/sound-bible/noise-sound-bible-0083.wav -r 8k -t wav - | had nonzero return status 36096
WARNING (wav-to-duration[5.5.171~1-32b8cf]:Close():kaldi-io.cc:515) Pipe sox -t wav /home/owner1/lre_jaga/source_database/musan/noise/sound-bible/noise-sound-bible-0084.wav -r 8k -t wav - | had nonzero return status 36096
WARNING (wav-to-duration[5.5.171~1-32b8cf]:Close():kaldi-io.cc:515) Pipe sox -t wav /home/owner1/lre_jaga/source_database/musan/noise/sound-bible/noise-sound-bible-0085.wav -r 8k -t wav - | had nonzero return status 36096
WARNING (wav-to-duration[5.5.171~1-32b8cf]:Close():kaldi-io.cc:515) Pipe sox -t wav /home/owner1/lre_jaga/source_database/musan/noise/sound-bible/noise-sound-bible-0086.wav -r 8k -t wav - | had nonzero return status 36096
LOG (wav-to-duration[5.5.171~1-32b8cf]:main():wav-to-duration.cc:92) Printed duration for 232 audio files.
LOG (wav-to-duration[5.5.171~1-32b8cf]:main():wav-to-duration.cc:94) Mean duration was 20.6549, min and max durations were 0.026125, 300
# Accounting: time=7 threads=1
# Ended (code 0) at Fri Jun 14 15:29:07 IST 2019, elapsed time 7 seconds
