# wav-to-duration --read-entire-file=false scp:data/musan_noise/split4utt/3/wav.scp ark,t:data/musan_noise/split4utt/3/utt2dur 
# Started at Fri Jun 14 15:29:00 IST 2019
#
wav-to-duration --read-entire-file=false scp:data/musan_noise/split4utt/3/wav.scp ark,t:data/musan_noise/split4utt/3/utt2dur 
WARNING (wav-to-duration[5.5.171~1-32b8cf]:Close():kaldi-io.cc:515) Pipe sox -t wav /home/owner1/lre_jaga/source_database/musan/noise/free-sound/noise-free-sound-0466.wav -r 8k -t wav - | had nonzero return status 36096
WARNING (wav-to-duration[5.5.171~1-32b8cf]:Close():kaldi-io.cc:515) Pipe sox -t wav /home/owner1/lre_jaga/source_database/musan/noise/free-sound/noise-free-sound-0467.wav -r 8k -t wav - | had nonzero return status 36096
WARNING (wav-to-duration[5.5.171~1-32b8cf]:Close():kaldi-io.cc:515) Pipe sox -t wav /home/owner1/lre_jaga/source_database/musan/noise/free-sound/noise-free-sound-0468.wav -r 8k -t wav - | had nonzero return status 36096
WARNING (wav-to-duration[5.5.171~1-32b8cf]:Close():kaldi-io.cc:515) Pipe sox -t wav /home/owner1/lre_jaga/source_database/musan/noise/free-sound/noise-free-sound-0469.wav -r 8k -t wav - | had nonzero return status 36096
WARNING (wav-to-duration[5.5.171~1-32b8cf]:Close():kaldi-io.cc:515) Pipe sox -t wav /home/owner1/lre_jaga/source_database/musan/noise/free-sound/noise-free-sound-0470.wav -r 8k -t wav - | had nonzero return status 36096
WARNING (wav-to-duration[5.5.171~1-32b8cf]:Close():kaldi-io.cc:515) Pipe sox -t wav /home/owner1/lre_jaga/source_database/musan/noise/free-sound/noise-free-sound-0471.wav -r 8k -t wav - | had nonzero return status 36096
WARNING (wav-to-duration[5.5.171~1-32b8cf]:Close():kaldi-io.cc:515) Pipe sox -t wav /home/owner1/lre_jaga/source_database/musan/noise/free-sound/noise-free-sound-0472.wav -r 8k -t wav - | had nonzero return status 36096
WARNING (wav-to-duration[5.5.171~1-32b8cf]:Close():kaldi-io.cc:515) Pipe sox -t wav /home/owner1/lre_jaga/source_database/musan/noise/free-sound/noise-free-sound-0473.wav -r 8k -t wav - | had nonzero return status 36096
WARNING (wav-to-duration[5.5.171~1-32b8cf]:Close():kaldi-io.cc:515) Pipe sox -t wav /home/owner1/lre_jaga/source_database/musan/noise/free-sound/noise-free-sound-0474.wav -r 8k -t wav - | had nonzero return status 36096
WARNING (wav-to-duration[5.5.171~1-32b8cf]:Close():kaldi-io.cc:515) Pipe sox -t wav /home/owner1/lre_jaga/source_database/musan/noise/free-sound/noise-free-sound-0475.wav -r 8k -t wav - | had nonzero return status 36096
WARNING (wav-to-duration[5.5.171~1-32b8cf]:Close():kaldi-io.cc:515) Pipe sox -t wav /home/owner1/lre_jaga/source_database/musan/noise/free-sound/noise-free-sound-0476.wav -r 8k -t wav - | had nonzero return status 36096
WARNING (wav-to-duration[5.5.171~1-32b8cf]:Close():kaldi-io.cc:515) Pipe sox -t wav /home/owner1/lre_jaga/source_database/musan/noise/free-sound/noise-free-sound-0477.wav -r 8k -t wav - | had nonzero return status 36096
WARNING (wav-to-duration[5.5.171~1-32b8cf]:Close():kaldi-io.cc:515) Pipe sox -t wav /home/owner1/lre_jaga/source_database/musan/noise/free-sound/noise-free-sound-0478.wav -r 8k -t wav - | had nonzero return status 36096
WARNING (wav-to-duration[5.5.171~1-32b8cf]:Close():kaldi-io.cc:515) Pipe sox -t wav /home/owner1/lre_jaga/source_database/musan/noise/free-sound/noise-free-sound-0479.wav -r 8k -t wav - | had nonzero return status 36096
WARNING (wav-to-duration[5.5.171~1-32b8cf]:Close():kaldi-io.cc:515) Pipe sox -t wav /home/owner1/lre_jaga/source_database/musan/noise/free-sound/noise-free-sound-0480.wav -r 8k -t wav - | had nonzero return status 36096
WARNING (wav-to-duration[5.5.171~1-32b8cf]:Close():kaldi-io.cc:515) Pipe sox -t wav /home/owner1/lre_jaga/source_database/musan/noise/free-sound/noise-free-sound-0481.wav -r 8k -t wav - | had nonzero return status 36096
WARNING (wav-to-duration[5.5.171~1-32b8cf]:Close():kaldi-io.cc:515) Pipe sox -t wav /home/owner1/lre_jaga/source_database/musan/noise/free-sound/noise-free-sound-0482.wav -r 8k -t wav - | had nonzero return status 36096
WARNING (wav-to-duration[5.5.171~1-32b8cf]:Close():kaldi-io.cc:515) Pipe sox -t wav /home/owner1/lre_jaga/source_database/musan/noise/free-sound/noise-free-sound-0483.wav -r 8k -t wav - | had nonzero return status 36096
WARNING (wav-to-duration[5.5.171~1-32b8cf]:Close():kaldi-io.cc:515) Pipe sox -t wav /home/owner1/lre_jaga/source_database/musan/noise/free-sound/noise-free-sound-0484.wav -r 8k -t wav - | had nonzero return status 36096
WARNING (wav-to-duration[5.5.171~1-32b8cf]:Close():kaldi-io.cc:515) Pipe sox -t wav /home/owner1/lre_jaga/source_database/musan/noise/free-sound/noise-free-sound-0485.wav -r 8k -t wav - | had nonzero return status 36096
WARNING (wav-to-duration[5.5.171~1-32b8cf]:Close():kaldi-io.cc:515) Pipe sox -t wav /home/owner1/lre_jaga/source_database/musan/noise/free-sound/noise-free-sound-0486.wav -r 8k -t wav - | had nonzero return status 36096
WARNING (wav-to-duration[5.5.171~1-32b8cf]:Close():kaldi-io.cc:515) Pipe sox -t wav /home/owner1/lre_jaga/source_database/musan/noise/free-sound/noise-free-sound-0487.wav -r 8k -t wav - | had nonzero return status 36096
WARNING (wav-to-duration[5.5.171~1-32b8cf]:Close():kaldi-io.cc:515) Pipe sox -t wav /home/owner1/lre_jaga/source_database/musan/noise/free-sound/noise-free-sound-0488.wav -r 8k -t wav - | had nonzero return status 36096
WARNING (wav-to-duration[5.5.171~1-32b8cf]:Close():kaldi-io.cc:515) Pipe sox -t wav /home/owner1/lre_jaga/source_database/musan/noise/free-sound/noise-free-sound-0489.wav -r 8k -t wav - | had nonzero return status 36096
WARNING (wav-to-duration[5.5.171~1-32b8cf]:Close():kaldi-io.cc:515) Pipe sox -t wav /home/owner1/lre_jaga/source_database/musan/noise/free-sound/noise-free-sound-0490.wav -r 8k -t wav - | had nonzero return status 36096
WARNING (wav-to-duration[5.5.171~1-32b8cf]:Close():kaldi-io.cc:515) Pipe sox -t wav /home/owner1/lre_jaga/source_database/musan/noise/free-sound/noise-free-sound-0491.wav -r 8k -t wav - | had nonzero return status 36096
WARNING (wav-to-duration[5.5.171~1-32b8cf]:Close():kaldi-io.cc:515) Pipe sox -t wav /home/owner1/lre_jaga/source_database/musan/noise/free-sound/noise-free-sound-0492.wav -r 8k -t wav - | had nonzero return status 36096
WARNING (wav-to-duration[5.5.171~1-32b8cf]:Close():kaldi-io.cc:515) Pipe sox -t wav /home/owner1/lre_jaga/source_database/musan/noise/free-sound/noise-free-sound-0493.wav -r 8k -t wav - | had nonzero return status 36096
WARNING (wav-to-duration[5.5.171~1-32b8cf]:Close():kaldi-io.cc:515) Pipe sox -t wav /home/owner1/lre_jaga/source_database/musan/noise/free-sound/noise-free-sound-0494.wav -r 8k -t wav - | had nonzero return status 36096
WARNING (wav-to-duration[5.5.171~1-32b8cf]:Close():kaldi-io.cc:515) Pipe sox -t wav /home/owner1/lre_jaga/source_database/musan/noise/free-sound/noise-free-sound-0495.wav -r 8k -t wav - | had nonzero return status 36096
WARNING (wav-to-duration[5.5.171~1-32b8cf]:Close():kaldi-io.cc:515) Pipe sox -t wav /home/owner1/lre_jaga/source_database/musan/noise/free-sound/noise-free-sound-0496.wav -r 8k -t wav - | had nonzero return status 36096
WARNING (wav-to-duration[5.5.171~1-32b8cf]:Close():kaldi-io.cc:515) Pipe sox -t wav /home/owner1/lre_jaga/source_database/musan/noise/free-sound/noise-free-sound-0497.wav -r 8k -t wav - | had nonzero return status 36096
WARNING (wav-to-duration[5.5.171~1-32b8cf]:Close():kaldi-io.cc:515) Pipe sox -t wav /home/owner1/lre_jaga/source_database/musan/noise/free-sound/noise-free-sound-0498.wav -r 8k -t wav - | had nonzero return status 36096
WARNING (wav-to-duration[5.5.171~1-32b8cf]:Close():kaldi-io.cc:515) Pipe sox -t wav /home/owner1/lre_jaga/source_database/musan/noise/free-sound/noise-free-sound-0499.wav -r 8k -t wav - | had nonzero return status 36096
WARNING (wav-to-duration[5.5.171~1-32b8cf]:Close():kaldi-io.cc:515) Pipe sox -t wav /home/owner1/lre_jaga/source_database/musan/noise/free-sound/noise-free-sound-0500.wav -r 8k -t wav - | had nonzero return status 36096
WARNING (wav-to-duration[5.5.171~1-32b8cf]:Close():kaldi-io.cc:515) Pipe sox -t wav /home/owner1/lre_jaga/source_database/musan/noise/free-sound/noise-free-sound-0501.wav -r 8k -t wav - | had nonzero return status 36096
WARNING (wav-to-duration[5.5.171~1-32b8cf]:Close():kaldi-io.cc:515) Pipe sox -t wav /home/owner1/lre_jaga/source_database/musan/noise/free-sound/noise-free-sound-0502.wav -r 8k -t wav - | had nonzero return status 36096
WARNING (wav-to-duration[5.5.171~1-32b8cf]:Close():kaldi-io.cc:515) Pipe sox -t wav /home/owner1/lre_jaga/source_database/musan/noise/free-sound/noise-free-sound-0503.wav -r 8k -t wav - | had nonzero return status 36096
WARNING (wav-to-duration[5.5.171~1-32b8cf]:Close():kaldi-io.cc:515) Pipe sox -t wav /home/owner1/lre_jaga/source_database/musan/noise/free-sound/noise-free-sound-0504.wav -r 8k -t wav - | had nonzero return status 36096
WARNING (wav-to-duration[5.5.171~1-32b8cf]:Close():kaldi-io.cc:515) Pipe sox -t wav /home/owner1/lre_jaga/source_database/musan/noise/free-sound/noise-free-sound-0505.wav -r 8k -t wav - | had nonzero return status 36096
WARNING (wav-to-duration[5.5.171~1-32b8cf]:Close():kaldi-io.cc:515) Pipe sox -t wav /home/owner1/lre_jaga/source_database/musan/noise/free-sound/noise-free-sound-0506.wav -r 8k -t wav - | had nonzero return status 36096
WARNING (wav-to-duration[5.5.171~1-32b8cf]:Close():kaldi-io.cc:515) Pipe sox -t wav /home/owner1/lre_jaga/source_database/musan/noise/free-sound/noise-free-sound-0507.wav -r 8k -t wav - | had nonzero return status 36096
WARNING (wav-to-duration[5.5.171~1-32b8cf]:Close():kaldi-io.cc:515) Pipe sox -t wav /home/owner1/lre_jaga/source_database/musan/noise/free-sound/noise-free-sound-0508.wav -r 8k -t wav - | had nonzero return status 36096
WARNING (wav-to-duration[5.5.171~1-32b8cf]:Close():kaldi-io.cc:515) Pipe sox -t wav /home/owner1/lre_jaga/source_database/musan/noise/free-sound/noise-free-sound-0509.wav -r 8k -t wav - | had nonzero return status 36096
WARNING (wav-to-duration[5.5.171~1-32b8cf]:Close():kaldi-io.cc:515) Pipe sox -t wav /home/owner1/lre_jaga/source_database/musan/noise/free-sound/noise-free-sound-0510.wav -r 8k -t wav - | had nonzero return status 36096
WARNING (wav-to-duration[5.5.171~1-32b8cf]:Close():kaldi-io.cc:515) Pipe sox -t wav /home/owner1/lre_jaga/source_database/musan/noise/free-sound/noise-free-sound-0511.wav -r 8k -t wav - | had nonzero return status 36096
WARNING (wav-to-duration[5.5.171~1-32b8cf]:Close():kaldi-io.cc:515) Pipe sox -t wav /home/owner1/lre_jaga/source_database/musan/noise/free-sound/noise-free-sound-0512.wav -r 8k -t wav - | had nonzero return status 36096
WARNING (wav-to-duration[5.5.171~1-32b8cf]:Close():kaldi-io.cc:515) Pipe sox -t wav /home/owner1/lre_jaga/source_database/musan/noise/free-sound/noise-free-sound-0513.wav -r 8k -t wav - | had nonzero return status 36096
WARNING (wav-to-duration[5.5.171~1-32b8cf]:Close():kaldi-io.cc:515) Pipe sox -t wav /home/owner1/lre_jaga/source_database/musan/noise/free-sound/noise-free-sound-0514.wav -r 8k -t wav - | had nonzero return status 36096
WARNING (wav-to-duration[5.5.171~1-32b8cf]:Close():kaldi-io.cc:515) Pipe sox -t wav /home/owner1/lre_jaga/source_database/musan/noise/free-sound/noise-free-sound-0515.wav -r 8k -t wav - | had nonzero return status 36096
WARNING (wav-to-duration[5.5.171~1-32b8cf]:Close():kaldi-io.cc:515) Pipe sox -t wav /home/owner1/lre_jaga/source_database/musan/noise/free-sound/noise-free-sound-0516.wav -r 8k -t wav - | had nonzero return status 36096
WARNING (wav-to-duration[5.5.171~1-32b8cf]:Close():kaldi-io.cc:515) Pipe sox -t wav /home/owner1/lre_jaga/source_database/musan/noise/free-sound/noise-free-sound-0517.wav -r 8k -t wav - | had nonzero return status 36096
WARNING (wav-to-duration[5.5.171~1-32b8cf]:Close():kaldi-io.cc:515) Pipe sox -t wav /home/owner1/lre_jaga/source_database/musan/noise/free-sound/noise-free-sound-0518.wav -r 8k -t wav - | had nonzero return status 36096
WARNING (wav-to-duration[5.5.171~1-32b8cf]:Close():kaldi-io.cc:515) Pipe sox -t wav /home/owner1/lre_jaga/source_database/musan/noise/free-sound/noise-free-sound-0519.wav -r 8k -t wav - | had nonzero return status 36096
WARNING (wav-to-duration[5.5.171~1-32b8cf]:Close():kaldi-io.cc:515) Pipe sox -t wav /home/owner1/lre_jaga/source_database/musan/noise/free-sound/noise-free-sound-0520.wav -r 8k -t wav - | had nonzero return status 36096
WARNING (wav-to-duration[5.5.171~1-32b8cf]:Close():kaldi-io.cc:515) Pipe sox -t wav /home/owner1/lre_jaga/source_database/musan/noise/free-sound/noise-free-sound-0521.wav -r 8k -t wav - | had nonzero return status 36096
WARNING (wav-to-duration[5.5.171~1-32b8cf]:Close():kaldi-io.cc:515) Pipe sox -t wav /home/owner1/lre_jaga/source_database/musan/noise/free-sound/noise-free-sound-0522.wav -r 8k -t wav - | had nonzero return status 36096
WARNING (wav-to-duration[5.5.171~1-32b8cf]:Close():kaldi-io.cc:515) Pipe sox -t wav /home/owner1/lre_jaga/source_database/musan/noise/free-sound/noise-free-sound-0523.wav -r 8k -t wav - | had nonzero return status 36096
WARNING (wav-to-duration[5.5.171~1-32b8cf]:Close():kaldi-io.cc:515) Pipe sox -t wav /home/owner1/lre_jaga/source_database/musan/noise/free-sound/noise-free-sound-0524.wav -r 8k -t wav - | had nonzero return status 36096
WARNING (wav-to-duration[5.5.171~1-32b8cf]:Close():kaldi-io.cc:515) Pipe sox -t wav /home/owner1/lre_jaga/source_database/musan/noise/free-sound/noise-free-sound-0525.wav -r 8k -t wav - | had nonzero return status 36096
WARNING (wav-to-duration[5.5.171~1-32b8cf]:Close():kaldi-io.cc:515) Pipe sox -t wav /home/owner1/lre_jaga/source_database/musan/noise/free-sound/noise-free-sound-0526.wav -r 8k -t wav - | had nonzero return status 36096
WARNING (wav-to-duration[5.5.171~1-32b8cf]:Close():kaldi-io.cc:515) Pipe sox -t wav /home/owner1/lre_jaga/source_database/musan/noise/free-sound/noise-free-sound-0527.wav -r 8k -t wav - | had nonzero return status 36096
WARNING (wav-to-duration[5.5.171~1-32b8cf]:Close():kaldi-io.cc:515) Pipe sox -t wav /home/owner1/lre_jaga/source_database/musan/noise/free-sound/noise-free-sound-0528.wav -r 8k -t wav - | had nonzero return status 36096
WARNING (wav-to-duration[5.5.171~1-32b8cf]:Close():kaldi-io.cc:515) Pipe sox -t wav /home/owner1/lre_jaga/source_database/musan/noise/free-sound/noise-free-sound-0529.wav -r 8k -t wav - | had nonzero return status 36096
WARNING (wav-to-duration[5.5.171~1-32b8cf]:Close():kaldi-io.cc:515) Pipe sox -t wav /home/owner1/lre_jaga/source_database/musan/noise/free-sound/noise-free-sound-0530.wav -r 8k -t wav - | had nonzero return status 36096
WARNING (wav-to-duration[5.5.171~1-32b8cf]:Close():kaldi-io.cc:515) Pipe sox -t wav /home/owner1/lre_jaga/source_database/musan/noise/free-sound/noise-free-sound-0531.wav -r 8k -t wav - | had nonzero return status 36096
WARNING (wav-to-duration[5.5.171~1-32b8cf]:Close():kaldi-io.cc:515) Pipe sox -t wav /home/owner1/lre_jaga/source_database/musan/noise/free-sound/noise-free-sound-0532.wav -r 8k -t wav - | had nonzero return status 36096
WARNING (wav-to-duration[5.5.171~1-32b8cf]:Close():kaldi-io.cc:515) Pipe sox -t wav /home/owner1/lre_jaga/source_database/musan/noise/free-sound/noise-free-sound-0533.wav -r 8k -t wav - | had nonzero return status 36096
WARNING (wav-to-duration[5.5.171~1-32b8cf]:Close():kaldi-io.cc:515) Pipe sox -t wav /home/owner1/lre_jaga/source_database/musan/noise/free-sound/noise-free-sound-0534.wav -r 8k -t wav - | had nonzero return status 36096
WARNING (wav-to-duration[5.5.171~1-32b8cf]:Close():kaldi-io.cc:515) Pipe sox -t wav /home/owner1/lre_jaga/source_database/musan/noise/free-sound/noise-free-sound-0535.wav -r 8k -t wav - | had nonzero return status 36096
WARNING (wav-to-duration[5.5.171~1-32b8cf]:Close():kaldi-io.cc:515) Pipe sox -t wav /home/owner1/lre_jaga/source_database/musan/noise/free-sound/noise-free-sound-0536.wav -r 8k -t wav - | had nonzero return status 36096
WARNING (wav-to-duration[5.5.171~1-32b8cf]:Close():kaldi-io.cc:515) Pipe sox -t wav /home/owner1/lre_jaga/source_database/musan/noise/free-sound/noise-free-sound-0537.wav -r 8k -t wav - | had nonzero return status 36096
WARNING (wav-to-duration[5.5.171~1-32b8cf]:Close():kaldi-io.cc:515) Pipe sox -t wav /home/owner1/lre_jaga/source_database/musan/noise/free-sound/noise-free-sound-0538.wav -r 8k -t wav - | had nonzero return status 36096
WARNING (wav-to-duration[5.5.171~1-32b8cf]:Close():kaldi-io.cc:515) Pipe sox -t wav /home/owner1/lre_jaga/source_database/musan/noise/free-sound/noise-free-sound-0539.wav -r 8k -t wav - | had nonzero return status 36096
WARNING (wav-to-duration[5.5.171~1-32b8cf]:Close():kaldi-io.cc:515) Pipe sox -t wav /home/owner1/lre_jaga/source_database/musan/noise/free-sound/noise-free-sound-0540.wav -r 8k -t wav - | had nonzero return status 36096
WARNING (wav-to-duration[5.5.171~1-32b8cf]:Close():kaldi-io.cc:515) Pipe sox -t wav /home/owner1/lre_jaga/source_database/musan/noise/free-sound/noise-free-sound-0541.wav -r 8k -t wav - | had nonzero return status 36096
WARNING (wav-to-duration[5.5.171~1-32b8cf]:Close():kaldi-io.cc:515) Pipe sox -t wav /home/owner1/lre_jaga/source_database/musan/noise/free-sound/noise-free-sound-0542.wav -r 8k -t wav - | had nonzero return status 36096
WARNING (wav-to-duration[5.5.171~1-32b8cf]:Close():kaldi-io.cc:515) Pipe sox -t wav /home/owner1/lre_jaga/source_database/musan/noise/free-sound/noise-free-sound-0543.wav -r 8k -t wav - | had nonzero return status 36096
WARNING (wav-to-duration[5.5.171~1-32b8cf]:Close():kaldi-io.cc:515) Pipe sox -t wav /home/owner1/lre_jaga/source_database/musan/noise/free-sound/noise-free-sound-0544.wav -r 8k -t wav - | had nonzero return status 36096
WARNING (wav-to-duration[5.5.171~1-32b8cf]:Close():kaldi-io.cc:515) Pipe sox -t wav /home/owner1/lre_jaga/source_database/musan/noise/free-sound/noise-free-sound-0545.wav -r 8k -t wav - | had nonzero return status 36096
WARNING (wav-to-duration[5.5.171~1-32b8cf]:Close():kaldi-io.cc:515) Pipe sox -t wav /home/owner1/lre_jaga/source_database/musan/noise/free-sound/noise-free-sound-0546.wav -r 8k -t wav - | had nonzero return status 36096
WARNING (wav-to-duration[5.5.171~1-32b8cf]:Close():kaldi-io.cc:515) Pipe sox -t wav /home/owner1/lre_jaga/source_database/musan/noise/free-sound/noise-free-sound-0547.wav -r 8k -t wav - | had nonzero return status 36096
WARNING (wav-to-duration[5.5.171~1-32b8cf]:Close():kaldi-io.cc:515) Pipe sox -t wav /home/owner1/lre_jaga/source_database/musan/noise/free-sound/noise-free-sound-0548.wav -r 8k -t wav - | had nonzero return status 36096
WARNING (wav-to-duration[5.5.171~1-32b8cf]:Close():kaldi-io.cc:515) Pipe sox -t wav /home/owner1/lre_jaga/source_database/musan/noise/free-sound/noise-free-sound-0549.wav -r 8k -t wav - | had nonzero return status 36096
WARNING (wav-to-duration[5.5.171~1-32b8cf]:Close():kaldi-io.cc:515) Pipe sox -t wav /home/owner1/lre_jaga/source_database/musan/noise/free-sound/noise-free-sound-0550.wav -r 8k -t wav - | had nonzero return status 36096
WARNING (wav-to-duration[5.5.171~1-32b8cf]:Close():kaldi-io.cc:515) Pipe sox -t wav /home/owner1/lre_jaga/source_database/musan/noise/free-sound/noise-free-sound-0551.wav -r 8k -t wav - | had nonzero return status 36096
WARNING (wav-to-duration[5.5.171~1-32b8cf]:Close():kaldi-io.cc:515) Pipe sox -t wav /home/owner1/lre_jaga/source_database/musan/noise/free-sound/noise-free-sound-0552.wav -r 8k -t wav - | had nonzero return status 36096
WARNING (wav-to-duration[5.5.171~1-32b8cf]:Close():kaldi-io.cc:515) Pipe sox -t wav /home/owner1/lre_jaga/source_database/musan/noise/free-sound/noise-free-sound-0553.wav -r 8k -t wav - | had nonzero return status 36096
WARNING (wav-to-duration[5.5.171~1-32b8cf]:Close():kaldi-io.cc:515) Pipe sox -t wav /home/owner1/lre_jaga/source_database/musan/noise/free-sound/noise-free-sound-0554.wav -r 8k -t wav - | had nonzero return status 36096
WARNING (wav-to-duration[5.5.171~1-32b8cf]:Close():kaldi-io.cc:515) Pipe sox -t wav /home/owner1/lre_jaga/source_database/musan/noise/free-sound/noise-free-sound-0555.wav -r 8k -t wav - | had nonzero return status 36096
WARNING (wav-to-duration[5.5.171~1-32b8cf]:Close():kaldi-io.cc:515) Pipe sox -t wav /home/owner1/lre_jaga/source_database/musan/noise/free-sound/noise-free-sound-0556.wav -r 8k -t wav - | had nonzero return status 36096
WARNING (wav-to-duration[5.5.171~1-32b8cf]:Close():kaldi-io.cc:515) Pipe sox -t wav /home/owner1/lre_jaga/source_database/musan/noise/free-sound/noise-free-sound-0557.wav -r 8k -t wav - | had nonzero return status 36096
WARNING (wav-to-duration[5.5.171~1-32b8cf]:Close():kaldi-io.cc:515) Pipe sox -t wav /home/owner1/lre_jaga/source_database/musan/noise/free-sound/noise-free-sound-0558.wav -r 8k -t wav - | had nonzero return status 36096
WARNING (wav-to-duration[5.5.171~1-32b8cf]:Close():kaldi-io.cc:515) Pipe sox -t wav /home/owner1/lre_jaga/source_database/musan/noise/free-sound/noise-free-sound-0559.wav -r 8k -t wav - | had nonzero return status 36096
WARNING (wav-to-duration[5.5.171~1-32b8cf]:Close():kaldi-io.cc:515) Pipe sox -t wav /home/owner1/lre_jaga/source_database/musan/noise/free-sound/noise-free-sound-0560.wav -r 8k -t wav - | had nonzero return status 36096
WARNING (wav-to-duration[5.5.171~1-32b8cf]:Close():kaldi-io.cc:515) Pipe sox -t wav /home/owner1/lre_jaga/source_database/musan/noise/free-sound/noise-free-sound-0561.wav -r 8k -t wav - | had nonzero return status 36096
WARNING (wav-to-duration[5.5.171~1-32b8cf]:Close():kaldi-io.cc:515) Pipe sox -t wav /home/owner1/lre_jaga/source_database/musan/noise/free-sound/noise-free-sound-0562.wav -r 8k -t wav - | had nonzero return status 36096
WARNING (wav-to-duration[5.5.171~1-32b8cf]:Close():kaldi-io.cc:515) Pipe sox -t wav /home/owner1/lre_jaga/source_database/musan/noise/free-sound/noise-free-sound-0563.wav -r 8k -t wav - | had nonzero return status 36096
WARNING (wav-to-duration[5.5.171~1-32b8cf]:Close():kaldi-io.cc:515) Pipe sox -t wav /home/owner1/lre_jaga/source_database/musan/noise/free-sound/noise-free-sound-0565.wav -r 8k -t wav - | had nonzero return status 36096
WARNING (wav-to-duration[5.5.171~1-32b8cf]:Close():kaldi-io.cc:515) Pipe sox -t wav /home/owner1/lre_jaga/source_database/musan/noise/free-sound/noise-free-sound-0566.wav -r 8k -t wav - | had nonzero return status 36096
WARNING (wav-to-duration[5.5.171~1-32b8cf]:Close():kaldi-io.cc:515) Pipe sox -t wav /home/owner1/lre_jaga/source_database/musan/noise/free-sound/noise-free-sound-0567.wav -r 8k -t wav - | had nonzero return status 36096
WARNING (wav-to-duration[5.5.171~1-32b8cf]:Close():kaldi-io.cc:515) Pipe sox -t wav /home/owner1/lre_jaga/source_database/musan/noise/free-sound/noise-free-sound-0568.wav -r 8k -t wav - | had nonzero return status 36096
WARNING (wav-to-duration[5.5.171~1-32b8cf]:Close():kaldi-io.cc:515) Pipe sox -t wav /home/owner1/lre_jaga/source_database/musan/noise/free-sound/noise-free-sound-0569.wav -r 8k -t wav - | had nonzero return status 36096
WARNING (wav-to-duration[5.5.171~1-32b8cf]:Close():kaldi-io.cc:515) Pipe sox -t wav /home/owner1/lre_jaga/source_database/musan/noise/free-sound/noise-free-sound-0570.wav -r 8k -t wav - | had nonzero return status 36096
WARNING (wav-to-duration[5.5.171~1-32b8cf]:Close():kaldi-io.cc:515) Pipe sox -t wav /home/owner1/lre_jaga/source_database/musan/noise/free-sound/noise-free-sound-0571.wav -r 8k -t wav - | had nonzero return status 36096
WARNING (wav-to-duration[5.5.171~1-32b8cf]:Close():kaldi-io.cc:515) Pipe sox -t wav /home/owner1/lre_jaga/source_database/musan/noise/free-sound/noise-free-sound-0572.wav -r 8k -t wav - | had nonzero return status 36096
WARNING (wav-to-duration[5.5.171~1-32b8cf]:Close():kaldi-io.cc:515) Pipe sox -t wav /home/owner1/lre_jaga/source_database/musan/noise/free-sound/noise-free-sound-0573.wav -r 8k -t wav - | had nonzero return status 36096
WARNING (wav-to-duration[5.5.171~1-32b8cf]:Close():kaldi-io.cc:515) Pipe sox -t wav /home/owner1/lre_jaga/source_database/musan/noise/free-sound/noise-free-sound-0574.wav -r 8k -t wav - | had nonzero return status 36096
WARNING (wav-to-duration[5.5.171~1-32b8cf]:Close():kaldi-io.cc:515) Pipe sox -t wav /home/owner1/lre_jaga/source_database/musan/noise/free-sound/noise-free-sound-0575.wav -r 8k -t wav - | had nonzero return status 36096
WARNING (wav-to-duration[5.5.171~1-32b8cf]:Close():kaldi-io.cc:515) Pipe sox -t wav /home/owner1/lre_jaga/source_database/musan/noise/free-sound/noise-free-sound-0576.wav -r 8k -t wav - | had nonzero return status 36096
WARNING (wav-to-duration[5.5.171~1-32b8cf]:Close():kaldi-io.cc:515) Pipe sox -t wav /home/owner1/lre_jaga/source_database/musan/noise/free-sound/noise-free-sound-0577.wav -r 8k -t wav - | had nonzero return status 36096
WARNING (wav-to-duration[5.5.171~1-32b8cf]:Close():kaldi-io.cc:515) Pipe sox -t wav /home/owner1/lre_jaga/source_database/musan/noise/free-sound/noise-free-sound-0578.wav -r 8k -t wav - | had nonzero return status 36096
WARNING (wav-to-duration[5.5.171~1-32b8cf]:Close():kaldi-io.cc:515) Pipe sox -t wav /home/owner1/lre_jaga/source_database/musan/noise/free-sound/noise-free-sound-0579.wav -r 8k -t wav - | had nonzero return status 36096
WARNING (wav-to-duration[5.5.171~1-32b8cf]:Close():kaldi-io.cc:515) Pipe sox -t wav /home/owner1/lre_jaga/source_database/musan/noise/free-sound/noise-free-sound-0580.wav -r 8k -t wav - | had nonzero return status 36096
WARNING (wav-to-duration[5.5.171~1-32b8cf]:Close():kaldi-io.cc:515) Pipe sox -t wav /home/owner1/lre_jaga/source_database/musan/noise/free-sound/noise-free-sound-0581.wav -r 8k -t wav - | had nonzero return status 36096
WARNING (wav-to-duration[5.5.171~1-32b8cf]:Close():kaldi-io.cc:515) Pipe sox -t wav /home/owner1/lre_jaga/source_database/musan/noise/free-sound/noise-free-sound-0582.wav -r 8k -t wav - | had nonzero return status 36096
WARNING (wav-to-duration[5.5.171~1-32b8cf]:Close():kaldi-io.cc:515) Pipe sox -t wav /home/owner1/lre_jaga/source_database/musan/noise/free-sound/noise-free-sound-0583.wav -r 8k -t wav - | had nonzero return status 36096
WARNING (wav-to-duration[5.5.171~1-32b8cf]:Close():kaldi-io.cc:515) Pipe sox -t wav /home/owner1/lre_jaga/source_database/musan/noise/free-sound/noise-free-sound-0584.wav -r 8k -t wav - | had nonzero return status 36096
WARNING (wav-to-duration[5.5.171~1-32b8cf]:Close():kaldi-io.cc:515) Pipe sox -t wav /home/owner1/lre_jaga/source_database/musan/noise/free-sound/noise-free-sound-0585.wav -r 8k -t wav - | had nonzero return status 36096
WARNING (wav-to-duration[5.5.171~1-32b8cf]:Close():kaldi-io.cc:515) Pipe sox -t wav /home/owner1/lre_jaga/source_database/musan/noise/free-sound/noise-free-sound-0586.wav -r 8k -t wav - | had nonzero return status 36096
WARNING (wav-to-duration[5.5.171~1-32b8cf]:Close():kaldi-io.cc:515) Pipe sox -t wav /home/owner1/lre_jaga/source_database/musan/noise/free-sound/noise-free-sound-0587.wav -r 8k -t wav - | had nonzero return status 36096
WARNING (wav-to-duration[5.5.171~1-32b8cf]:Close():kaldi-io.cc:515) Pipe sox -t wav /home/owner1/lre_jaga/source_database/musan/noise/free-sound/noise-free-sound-0588.wav -r 8k -t wav - | had nonzero return status 36096
WARNING (wav-to-duration[5.5.171~1-32b8cf]:Close():kaldi-io.cc:515) Pipe sox -t wav /home/owner1/lre_jaga/source_database/musan/noise/free-sound/noise-free-sound-0589.wav -r 8k -t wav - | had nonzero return status 36096
WARNING (wav-to-duration[5.5.171~1-32b8cf]:Close():kaldi-io.cc:515) Pipe sox -t wav /home/owner1/lre_jaga/source_database/musan/noise/free-sound/noise-free-sound-0590.wav -r 8k -t wav - | had nonzero return status 36096
WARNING (wav-to-duration[5.5.171~1-32b8cf]:Close():kaldi-io.cc:515) Pipe sox -t wav /home/owner1/lre_jaga/source_database/musan/noise/free-sound/noise-free-sound-0591.wav -r 8k -t wav - | had nonzero return status 36096
WARNING (wav-to-duration[5.5.171~1-32b8cf]:Close():kaldi-io.cc:515) Pipe sox -t wav /home/owner1/lre_jaga/source_database/musan/noise/free-sound/noise-free-sound-0592.wav -r 8k -t wav - | had nonzero return status 36096
WARNING (wav-to-duration[5.5.171~1-32b8cf]:Close():kaldi-io.cc:515) Pipe sox -t wav /home/owner1/lre_jaga/source_database/musan/noise/free-sound/noise-free-sound-0593.wav -r 8k -t wav - | had nonzero return status 36096
WARNING (wav-to-duration[5.5.171~1-32b8cf]:Close():kaldi-io.cc:515) Pipe sox -t wav /home/owner1/lre_jaga/source_database/musan/noise/free-sound/noise-free-sound-0594.wav -r 8k -t wav - | had nonzero return status 36096
WARNING (wav-to-duration[5.5.171~1-32b8cf]:Close():kaldi-io.cc:515) Pipe sox -t wav /home/owner1/lre_jaga/source_database/musan/noise/free-sound/noise-free-sound-0595.wav -r 8k -t wav - | had nonzero return status 36096
WARNING (wav-to-duration[5.5.171~1-32b8cf]:Close():kaldi-io.cc:515) Pipe sox -t wav /home/owner1/lre_jaga/source_database/musan/noise/free-sound/noise-free-sound-0596.wav -r 8k -t wav - | had nonzero return status 36096
WARNING (wav-to-duration[5.5.171~1-32b8cf]:Close():kaldi-io.cc:515) Pipe sox -t wav /home/owner1/lre_jaga/source_database/musan/noise/free-sound/noise-free-sound-0597.wav -r 8k -t wav - | had nonzero return status 36096
WARNING (wav-to-duration[5.5.171~1-32b8cf]:Close():kaldi-io.cc:515) Pipe sox -t wav /home/owner1/lre_jaga/source_database/musan/noise/free-sound/noise-free-sound-0598.wav -r 8k -t wav - | had nonzero return status 36096
WARNING (wav-to-duration[5.5.171~1-32b8cf]:Close():kaldi-io.cc:515) Pipe sox -t wav /home/owner1/lre_jaga/source_database/musan/noise/free-sound/noise-free-sound-0599.wav -r 8k -t wav - | had nonzero return status 36096
WARNING (wav-to-duration[5.5.171~1-32b8cf]:Close():kaldi-io.cc:515) Pipe sox -t wav /home/owner1/lre_jaga/source_database/musan/noise/free-sound/noise-free-sound-0600.wav -r 8k -t wav - | had nonzero return status 36096
WARNING (wav-to-duration[5.5.171~1-32b8cf]:Close():kaldi-io.cc:515) Pipe sox -t wav /home/owner1/lre_jaga/source_database/musan/noise/free-sound/noise-free-sound-0601.wav -r 8k -t wav - | had nonzero return status 36096
WARNING (wav-to-duration[5.5.171~1-32b8cf]:Close():kaldi-io.cc:515) Pipe sox -t wav /home/owner1/lre_jaga/source_database/musan/noise/free-sound/noise-free-sound-0602.wav -r 8k -t wav - | had nonzero return status 36096
WARNING (wav-to-duration[5.5.171~1-32b8cf]:Close():kaldi-io.cc:515) Pipe sox -t wav /home/owner1/lre_jaga/source_database/musan/noise/free-sound/noise-free-sound-0603.wav -r 8k -t wav - | had nonzero return status 36096
WARNING (wav-to-duration[5.5.171~1-32b8cf]:Close():kaldi-io.cc:515) Pipe sox -t wav /home/owner1/lre_jaga/source_database/musan/noise/free-sound/noise-free-sound-0604.wav -r 8k -t wav - | had nonzero return status 36096
WARNING (wav-to-duration[5.5.171~1-32b8cf]:Close():kaldi-io.cc:515) Pipe sox -t wav /home/owner1/lre_jaga/source_database/musan/noise/free-sound/noise-free-sound-0605.wav -r 8k -t wav - | had nonzero return status 36096
WARNING (wav-to-duration[5.5.171~1-32b8cf]:Close():kaldi-io.cc:515) Pipe sox -t wav /home/owner1/lre_jaga/source_database/musan/noise/free-sound/noise-free-sound-0606.wav -r 8k -t wav - | had nonzero return status 36096
WARNING (wav-to-duration[5.5.171~1-32b8cf]:Close():kaldi-io.cc:515) Pipe sox -t wav /home/owner1/lre_jaga/source_database/musan/noise/free-sound/noise-free-sound-0607.wav -r 8k -t wav - | had nonzero return status 36096
WARNING (wav-to-duration[5.5.171~1-32b8cf]:Close():kaldi-io.cc:515) Pipe sox -t wav /home/owner1/lre_jaga/source_database/musan/noise/free-sound/noise-free-sound-0608.wav -r 8k -t wav - | had nonzero return status 36096
WARNING (wav-to-duration[5.5.171~1-32b8cf]:Close():kaldi-io.cc:515) Pipe sox -t wav /home/owner1/lre_jaga/source_database/musan/noise/free-sound/noise-free-sound-0609.wav -r 8k -t wav - | had nonzero return status 36096
WARNING (wav-to-duration[5.5.171~1-32b8cf]:Close():kaldi-io.cc:515) Pipe sox -t wav /home/owner1/lre_jaga/source_database/musan/noise/free-sound/noise-free-sound-0610.wav -r 8k -t wav - | had nonzero return status 36096
WARNING (wav-to-duration[5.5.171~1-32b8cf]:Close():kaldi-io.cc:515) Pipe sox -t wav /home/owner1/lre_jaga/source_database/musan/noise/free-sound/noise-free-sound-0612.wav -r 8k -t wav - | had nonzero return status 36096
WARNING (wav-to-duration[5.5.171~1-32b8cf]:Close():kaldi-io.cc:515) Pipe sox -t wav /home/owner1/lre_jaga/source_database/musan/noise/free-sound/noise-free-sound-0613.wav -r 8k -t wav - | had nonzero return status 36096
WARNING (wav-to-duration[5.5.171~1-32b8cf]:Close():kaldi-io.cc:515) Pipe sox -t wav /home/owner1/lre_jaga/source_database/musan/noise/free-sound/noise-free-sound-0614.wav -r 8k -t wav - | had nonzero return status 36096
WARNING (wav-to-duration[5.5.171~1-32b8cf]:Close():kaldi-io.cc:515) Pipe sox -t wav /home/owner1/lre_jaga/source_database/musan/noise/free-sound/noise-free-sound-0615.wav -r 8k -t wav - | had nonzero return status 36096
WARNING (wav-to-duration[5.5.171~1-32b8cf]:Close():kaldi-io.cc:515) Pipe sox -t wav /home/owner1/lre_jaga/source_database/musan/noise/free-sound/noise-free-sound-0616.wav -r 8k -t wav - | had nonzero return status 36096
WARNING (wav-to-duration[5.5.171~1-32b8cf]:Close():kaldi-io.cc:515) Pipe sox -t wav /home/owner1/lre_jaga/source_database/musan/noise/free-sound/noise-free-sound-0617.wav -r 8k -t wav - | had nonzero return status 36096
WARNING (wav-to-duration[5.5.171~1-32b8cf]:Close():kaldi-io.cc:515) Pipe sox -t wav /home/owner1/lre_jaga/source_database/musan/noise/free-sound/noise-free-sound-0618.wav -r 8k -t wav - | had nonzero return status 36096
WARNING (wav-to-duration[5.5.171~1-32b8cf]:Close():kaldi-io.cc:515) Pipe sox -t wav /home/owner1/lre_jaga/source_database/musan/noise/free-sound/noise-free-sound-0619.wav -r 8k -t wav - | had nonzero return status 36096
WARNING (wav-to-duration[5.5.171~1-32b8cf]:Close():kaldi-io.cc:515) Pipe sox -t wav /home/owner1/lre_jaga/source_database/musan/noise/free-sound/noise-free-sound-0620.wav -r 8k -t wav - | had nonzero return status 36096
WARNING (wav-to-duration[5.5.171~1-32b8cf]:Close():kaldi-io.cc:515) Pipe sox -t wav /home/owner1/lre_jaga/source_database/musan/noise/free-sound/noise-free-sound-0621.wav -r 8k -t wav - | had nonzero return status 36096
WARNING (wav-to-duration[5.5.171~1-32b8cf]:Close():kaldi-io.cc:515) Pipe sox -t wav /home/owner1/lre_jaga/source_database/musan/noise/free-sound/noise-free-sound-0622.wav -r 8k -t wav - | had nonzero return status 36096
WARNING (wav-to-duration[5.5.171~1-32b8cf]:Close():kaldi-io.cc:515) Pipe sox -t wav /home/owner1/lre_jaga/source_database/musan/noise/free-sound/noise-free-sound-0623.wav -r 8k -t wav - | had nonzero return status 36096
WARNING (wav-to-duration[5.5.171~1-32b8cf]:Close():kaldi-io.cc:515) Pipe sox -t wav /home/owner1/lre_jaga/source_database/musan/noise/free-sound/noise-free-sound-0625.wav -r 8k -t wav - | had nonzero return status 36096
WARNING (wav-to-duration[5.5.171~1-32b8cf]:Close():kaldi-io.cc:515) Pipe sox -t wav /home/owner1/lre_jaga/source_database/musan/noise/free-sound/noise-free-sound-0626.wav -r 8k -t wav - | had nonzero return status 36096
WARNING (wav-to-duration[5.5.171~1-32b8cf]:Close():kaldi-io.cc:515) Pipe sox -t wav /home/owner1/lre_jaga/source_database/musan/noise/free-sound/noise-free-sound-0627.wav -r 8k -t wav - | had nonzero return status 36096
WARNING (wav-to-duration[5.5.171~1-32b8cf]:Close():kaldi-io.cc:515) Pipe sox -t wav /home/owner1/lre_jaga/source_database/musan/noise/free-sound/noise-free-sound-0628.wav -r 8k -t wav - | had nonzero return status 36096
WARNING (wav-to-duration[5.5.171~1-32b8cf]:Close():kaldi-io.cc:515) Pipe sox -t wav /home/owner1/lre_jaga/source_database/musan/noise/free-sound/noise-free-sound-0629.wav -r 8k -t wav - | had nonzero return status 36096
WARNING (wav-to-duration[5.5.171~1-32b8cf]:Close():kaldi-io.cc:515) Pipe sox -t wav /home/owner1/lre_jaga/source_database/musan/noise/free-sound/noise-free-sound-0630.wav -r 8k -t wav - | had nonzero return status 36096
WARNING (wav-to-duration[5.5.171~1-32b8cf]:Close():kaldi-io.cc:515) Pipe sox -t wav /home/owner1/lre_jaga/source_database/musan/noise/free-sound/noise-free-sound-0631.wav -r 8k -t wav - | had nonzero return status 36096
WARNING (wav-to-duration[5.5.171~1-32b8cf]:Close():kaldi-io.cc:515) Pipe sox -t wav /home/owner1/lre_jaga/source_database/musan/noise/free-sound/noise-free-sound-0632.wav -r 8k -t wav - | had nonzero return status 36096
WARNING (wav-to-duration[5.5.171~1-32b8cf]:Close():kaldi-io.cc:515) Pipe sox -t wav /home/owner1/lre_jaga/source_database/musan/noise/free-sound/noise-free-sound-0633.wav -r 8k -t wav - | had nonzero return status 36096
WARNING (wav-to-duration[5.5.171~1-32b8cf]:Close():kaldi-io.cc:515) Pipe sox -t wav /home/owner1/lre_jaga/source_database/musan/noise/free-sound/noise-free-sound-0634.wav -r 8k -t wav - | had nonzero return status 36096
WARNING (wav-to-duration[5.5.171~1-32b8cf]:Close():kaldi-io.cc:515) Pipe sox -t wav /home/owner1/lre_jaga/source_database/musan/noise/free-sound/noise-free-sound-0635.wav -r 8k -t wav - | had nonzero return status 36096
WARNING (wav-to-duration[5.5.171~1-32b8cf]:Close():kaldi-io.cc:515) Pipe sox -t wav /home/owner1/lre_jaga/source_database/musan/noise/free-sound/noise-free-sound-0636.wav -r 8k -t wav - | had nonzero return status 36096
WARNING (wav-to-duration[5.5.171~1-32b8cf]:Close():kaldi-io.cc:515) Pipe sox -t wav /home/owner1/lre_jaga/source_database/musan/noise/free-sound/noise-free-sound-0637.wav -r 8k -t wav - | had nonzero return status 36096
WARNING (wav-to-duration[5.5.171~1-32b8cf]:Close():kaldi-io.cc:515) Pipe sox -t wav /home/owner1/lre_jaga/source_database/musan/noise/free-sound/noise-free-sound-0638.wav -r 8k -t wav - | had nonzero return status 36096
WARNING (wav-to-duration[5.5.171~1-32b8cf]:Close():kaldi-io.cc:515) Pipe sox -t wav /home/owner1/lre_jaga/source_database/musan/noise/free-sound/noise-free-sound-0639.wav -r 8k -t wav - | had nonzero return status 36096
WARNING (wav-to-duration[5.5.171~1-32b8cf]:Close():kaldi-io.cc:515) Pipe sox -t wav /home/owner1/lre_jaga/source_database/musan/noise/free-sound/noise-free-sound-0640.wav -r 8k -t wav - | had nonzero return status 36096
WARNING (wav-to-duration[5.5.171~1-32b8cf]:Close():kaldi-io.cc:515) Pipe sox -t wav /home/owner1/lre_jaga/source_database/musan/noise/free-sound/noise-free-sound-0641.wav -r 8k -t wav - | had nonzero return status 36096
WARNING (wav-to-duration[5.5.171~1-32b8cf]:Close():kaldi-io.cc:515) Pipe sox -t wav /home/owner1/lre_jaga/source_database/musan/noise/free-sound/noise-free-sound-0642.wav -r 8k -t wav - | had nonzero return status 36096
WARNING (wav-to-duration[5.5.171~1-32b8cf]:Close():kaldi-io.cc:515) Pipe sox -t wav /home/owner1/lre_jaga/source_database/musan/noise/free-sound/noise-free-sound-0643.wav -r 8k -t wav - | had nonzero return status 36096
WARNING (wav-to-duration[5.5.171~1-32b8cf]:Close():kaldi-io.cc:515) Pipe sox -t wav /home/owner1/lre_jaga/source_database/musan/noise/free-sound/noise-free-sound-0644.wav -r 8k -t wav - | had nonzero return status 36096
WARNING (wav-to-duration[5.5.171~1-32b8cf]:Close():kaldi-io.cc:515) Pipe sox -t wav /home/owner1/lre_jaga/source_database/musan/noise/free-sound/noise-free-sound-0645.wav -r 8k -t wav - | had nonzero return status 36096
WARNING (wav-to-duration[5.5.171~1-32b8cf]:Close():kaldi-io.cc:515) Pipe sox -t wav /home/owner1/lre_jaga/source_database/musan/noise/free-sound/noise-free-sound-0646.wav -r 8k -t wav - | had nonzero return status 36096
WARNING (wav-to-duration[5.5.171~1-32b8cf]:Close():kaldi-io.cc:515) Pipe sox -t wav /home/owner1/lre_jaga/source_database/musan/noise/free-sound/noise-free-sound-0647.wav -r 8k -t wav - | had nonzero return status 36096
WARNING (wav-to-duration[5.5.171~1-32b8cf]:Close():kaldi-io.cc:515) Pipe sox -t wav /home/owner1/lre_jaga/source_database/musan/noise/free-sound/noise-free-sound-0648.wav -r 8k -t wav - | had nonzero return status 36096
WARNING (wav-to-duration[5.5.171~1-32b8cf]:Close():kaldi-io.cc:515) Pipe sox -t wav /home/owner1/lre_jaga/source_database/musan/noise/free-sound/noise-free-sound-0649.wav -r 8k -t wav - | had nonzero return status 36096
WARNING (wav-to-duration[5.5.171~1-32b8cf]:Close():kaldi-io.cc:515) Pipe sox -t wav /home/owner1/lre_jaga/source_database/musan/noise/free-sound/noise-free-sound-0650.wav -r 8k -t wav - | had nonzero return status 36096
WARNING (wav-to-duration[5.5.171~1-32b8cf]:Close():kaldi-io.cc:515) Pipe sox -t wav /home/owner1/lre_jaga/source_database/musan/noise/free-sound/noise-free-sound-0651.wav -r 8k -t wav - | had nonzero return status 36096
WARNING (wav-to-duration[5.5.171~1-32b8cf]:Close():kaldi-io.cc:515) Pipe sox -t wav /home/owner1/lre_jaga/source_database/musan/noise/free-sound/noise-free-sound-0652.wav -r 8k -t wav - | had nonzero return status 36096
WARNING (wav-to-duration[5.5.171~1-32b8cf]:Close():kaldi-io.cc:515) Pipe sox -t wav /home/owner1/lre_jaga/source_database/musan/noise/free-sound/noise-free-sound-0653.wav -r 8k -t wav - | had nonzero return status 36096
WARNING (wav-to-duration[5.5.171~1-32b8cf]:Close():kaldi-io.cc:515) Pipe sox -t wav /home/owner1/lre_jaga/source_database/musan/noise/free-sound/noise-free-sound-0654.wav -r 8k -t wav - | had nonzero return status 36096
WARNING (wav-to-duration[5.5.171~1-32b8cf]:Close():kaldi-io.cc:515) Pipe sox -t wav /home/owner1/lre_jaga/source_database/musan/noise/free-sound/noise-free-sound-0655.wav -r 8k -t wav - | had nonzero return status 36096
WARNING (wav-to-duration[5.5.171~1-32b8cf]:Close():kaldi-io.cc:515) Pipe sox -t wav /home/owner1/lre_jaga/source_database/musan/noise/free-sound/noise-free-sound-0656.wav -r 8k -t wav - | had nonzero return status 36096
WARNING (wav-to-duration[5.5.171~1-32b8cf]:Close():kaldi-io.cc:515) Pipe sox -t wav /home/owner1/lre_jaga/source_database/musan/noise/free-sound/noise-free-sound-0657.wav -r 8k -t wav - | had nonzero return status 36096
WARNING (wav-to-duration[5.5.171~1-32b8cf]:Close():kaldi-io.cc:515) Pipe sox -t wav /home/owner1/lre_jaga/source_database/musan/noise/free-sound/noise-free-sound-0658.wav -r 8k -t wav - | had nonzero return status 36096
WARNING (wav-to-duration[5.5.171~1-32b8cf]:Close():kaldi-io.cc:515) Pipe sox -t wav /home/owner1/lre_jaga/source_database/musan/noise/free-sound/noise-free-sound-0659.wav -r 8k -t wav - | had nonzero return status 36096
WARNING (wav-to-duration[5.5.171~1-32b8cf]:Close():kaldi-io.cc:515) Pipe sox -t wav /home/owner1/lre_jaga/source_database/musan/noise/free-sound/noise-free-sound-0660.wav -r 8k -t wav - | had nonzero return status 36096
WARNING (wav-to-duration[5.5.171~1-32b8cf]:Close():kaldi-io.cc:515) Pipe sox -t wav /home/owner1/lre_jaga/source_database/musan/noise/free-sound/noise-free-sound-0661.wav -r 8k -t wav - | had nonzero return status 36096
WARNING (wav-to-duration[5.5.171~1-32b8cf]:Close():kaldi-io.cc:515) Pipe sox -t wav /home/owner1/lre_jaga/source_database/musan/noise/free-sound/noise-free-sound-0662.wav -r 8k -t wav - | had nonzero return status 36096
WARNING (wav-to-duration[5.5.171~1-32b8cf]:Close():kaldi-io.cc:515) Pipe sox -t wav /home/owner1/lre_jaga/source_database/musan/noise/free-sound/noise-free-sound-0663.wav -r 8k -t wav - | had nonzero return status 36096
WARNING (wav-to-duration[5.5.171~1-32b8cf]:Close():kaldi-io.cc:515) Pipe sox -t wav /home/owner1/lre_jaga/source_database/musan/noise/free-sound/noise-free-sound-0664.wav -r 8k -t wav - | had nonzero return status 36096
WARNING (wav-to-duration[5.5.171~1-32b8cf]:Close():kaldi-io.cc:515) Pipe sox -t wav /home/owner1/lre_jaga/source_database/musan/noise/free-sound/noise-free-sound-0665.wav -r 8k -t wav - | had nonzero return status 36096
WARNING (wav-to-duration[5.5.171~1-32b8cf]:Close():kaldi-io.cc:515) Pipe sox -t wav /home/owner1/lre_jaga/source_database/musan/noise/free-sound/noise-free-sound-0666.wav -r 8k -t wav - | had nonzero return status 36096
WARNING (wav-to-duration[5.5.171~1-32b8cf]:Close():kaldi-io.cc:515) Pipe sox -t wav /home/owner1/lre_jaga/source_database/musan/noise/free-sound/noise-free-sound-0667.wav -r 8k -t wav - | had nonzero return status 36096
WARNING (wav-to-duration[5.5.171~1-32b8cf]:Close():kaldi-io.cc:515) Pipe sox -t wav /home/owner1/lre_jaga/source_database/musan/noise/free-sound/noise-free-sound-0668.wav -r 8k -t wav - | had nonzero return status 36096
WARNING (wav-to-duration[5.5.171~1-32b8cf]:Close():kaldi-io.cc:515) Pipe sox -t wav /home/owner1/lre_jaga/source_database/musan/noise/free-sound/noise-free-sound-0669.wav -r 8k -t wav - | had nonzero return status 36096
WARNING (wav-to-duration[5.5.171~1-32b8cf]:Close():kaldi-io.cc:515) Pipe sox -t wav /home/owner1/lre_jaga/source_database/musan/noise/free-sound/noise-free-sound-0670.wav -r 8k -t wav - | had nonzero return status 36096
WARNING (wav-to-duration[5.5.171~1-32b8cf]:Close():kaldi-io.cc:515) Pipe sox -t wav /home/owner1/lre_jaga/source_database/musan/noise/free-sound/noise-free-sound-0671.wav -r 8k -t wav - | had nonzero return status 36096
WARNING (wav-to-duration[5.5.171~1-32b8cf]:Close():kaldi-io.cc:515) Pipe sox -t wav /home/owner1/lre_jaga/source_database/musan/noise/free-sound/noise-free-sound-0672.wav -r 8k -t wav - | had nonzero return status 36096
WARNING (wav-to-duration[5.5.171~1-32b8cf]:Close():kaldi-io.cc:515) Pipe sox -t wav /home/owner1/lre_jaga/source_database/musan/noise/free-sound/noise-free-sound-0673.wav -r 8k -t wav - | had nonzero return status 36096
WARNING (wav-to-duration[5.5.171~1-32b8cf]:Close():kaldi-io.cc:515) Pipe sox -t wav /home/owner1/lre_jaga/source_database/musan/noise/free-sound/noise-free-sound-0674.wav -r 8k -t wav - | had nonzero return status 36096
WARNING (wav-to-duration[5.5.171~1-32b8cf]:Close():kaldi-io.cc:515) Pipe sox -t wav /home/owner1/lre_jaga/source_database/musan/noise/free-sound/noise-free-sound-0675.wav -r 8k -t wav - | had nonzero return status 36096
WARNING (wav-to-duration[5.5.171~1-32b8cf]:Close():kaldi-io.cc:515) Pipe sox -t wav /home/owner1/lre_jaga/source_database/musan/noise/free-sound/noise-free-sound-0676.wav -r 8k -t wav - | had nonzero return status 36096
WARNING (wav-to-duration[5.5.171~1-32b8cf]:Close():kaldi-io.cc:515) Pipe sox -t wav /home/owner1/lre_jaga/source_database/musan/noise/free-sound/noise-free-sound-0677.wav -r 8k -t wav - | had nonzero return status 36096
WARNING (wav-to-duration[5.5.171~1-32b8cf]:Close():kaldi-io.cc:515) Pipe sox -t wav /home/owner1/lre_jaga/source_database/musan/noise/free-sound/noise-free-sound-0678.wav -r 8k -t wav - | had nonzero return status 36096
WARNING (wav-to-duration[5.5.171~1-32b8cf]:Close():kaldi-io.cc:515) Pipe sox -t wav /home/owner1/lre_jaga/source_database/musan/noise/free-sound/noise-free-sound-0679.wav -r 8k -t wav - | had nonzero return status 36096
WARNING (wav-to-duration[5.5.171~1-32b8cf]:Close():kaldi-io.cc:515) Pipe sox -t wav /home/owner1/lre_jaga/source_database/musan/noise/free-sound/noise-free-sound-0680.wav -r 8k -t wav - | had nonzero return status 36096
WARNING (wav-to-duration[5.5.171~1-32b8cf]:Close():kaldi-io.cc:515) Pipe sox -t wav /home/owner1/lre_jaga/source_database/musan/noise/free-sound/noise-free-sound-0681.wav -r 8k -t wav - | had nonzero return status 36096
WARNING (wav-to-duration[5.5.171~1-32b8cf]:Close():kaldi-io.cc:515) Pipe sox -t wav /home/owner1/lre_jaga/source_database/musan/noise/free-sound/noise-free-sound-0682.wav -r 8k -t wav - | had nonzero return status 36096
WARNING (wav-to-duration[5.5.171~1-32b8cf]:Close():kaldi-io.cc:515) Pipe sox -t wav /home/owner1/lre_jaga/source_database/musan/noise/free-sound/noise-free-sound-0683.wav -r 8k -t wav - | had nonzero return status 36096
WARNING (wav-to-duration[5.5.171~1-32b8cf]:Close():kaldi-io.cc:515) Pipe sox -t wav /home/owner1/lre_jaga/source_database/musan/noise/free-sound/noise-free-sound-0684.wav -r 8k -t wav - | had nonzero return status 36096
WARNING (wav-to-duration[5.5.171~1-32b8cf]:Close():kaldi-io.cc:515) Pipe sox -t wav /home/owner1/lre_jaga/source_database/musan/noise/free-sound/noise-free-sound-0685.wav -r 8k -t wav - | had nonzero return status 36096
WARNING (wav-to-duration[5.5.171~1-32b8cf]:Close():kaldi-io.cc:515) Pipe sox -t wav /home/owner1/lre_jaga/source_database/musan/noise/free-sound/noise-free-sound-0686.wav -r 8k -t wav - | had nonzero return status 36096
WARNING (wav-to-duration[5.5.171~1-32b8cf]:Close():kaldi-io.cc:515) Pipe sox -t wav /home/owner1/lre_jaga/source_database/musan/noise/free-sound/noise-free-sound-0687.wav -r 8k -t wav - | had nonzero return status 36096
WARNING (wav-to-duration[5.5.171~1-32b8cf]:Close():kaldi-io.cc:515) Pipe sox -t wav /home/owner1/lre_jaga/source_database/musan/noise/free-sound/noise-free-sound-0688.wav -r 8k -t wav - | had nonzero return status 36096
WARNING (wav-to-duration[5.5.171~1-32b8cf]:Close():kaldi-io.cc:515) Pipe sox -t wav /home/owner1/lre_jaga/source_database/musan/noise/free-sound/noise-free-sound-0689.wav -r 8k -t wav - | had nonzero return status 36096
WARNING (wav-to-duration[5.5.171~1-32b8cf]:Close():kaldi-io.cc:515) Pipe sox -t wav /home/owner1/lre_jaga/source_database/musan/noise/free-sound/noise-free-sound-0690.wav -r 8k -t wav - | had nonzero return status 36096
WARNING (wav-to-duration[5.5.171~1-32b8cf]:Close():kaldi-io.cc:515) Pipe sox -t wav /home/owner1/lre_jaga/source_database/musan/noise/free-sound/noise-free-sound-0691.wav -r 8k -t wav - | had nonzero return status 36096
WARNING (wav-to-duration[5.5.171~1-32b8cf]:Close():kaldi-io.cc:515) Pipe sox -t wav /home/owner1/lre_jaga/source_database/musan/noise/free-sound/noise-free-sound-0692.wav -r 8k -t wav - | had nonzero return status 36096
WARNING (wav-to-duration[5.5.171~1-32b8cf]:Close():kaldi-io.cc:515) Pipe sox -t wav /home/owner1/lre_jaga/source_database/musan/noise/free-sound/noise-free-sound-0693.wav -r 8k -t wav - | had nonzero return status 36096
WARNING (wav-to-duration[5.5.171~1-32b8cf]:Close():kaldi-io.cc:515) Pipe sox -t wav /home/owner1/lre_jaga/source_database/musan/noise/free-sound/noise-free-sound-0694.wav -r 8k -t wav - | had nonzero return status 36096
WARNING (wav-to-duration[5.5.171~1-32b8cf]:Close():kaldi-io.cc:515) Pipe sox -t wav /home/owner1/lre_jaga/source_database/musan/noise/free-sound/noise-free-sound-0695.wav -r 8k -t wav - | had nonzero return status 36096
WARNING (wav-to-duration[5.5.171~1-32b8cf]:Close():kaldi-io.cc:515) Pipe sox -t wav /home/owner1/lre_jaga/source_database/musan/noise/free-sound/noise-free-sound-0696.wav -r 8k -t wav - | had nonzero return status 36096
WARNING (wav-to-duration[5.5.171~1-32b8cf]:Close():kaldi-io.cc:515) Pipe sox -t wav /home/owner1/lre_jaga/source_database/musan/noise/free-sound/noise-free-sound-0697.wav -r 8k -t wav - | had nonzero return status 36096
LOG (wav-to-duration[5.5.171~1-32b8cf]:main():wav-to-duration.cc:92) Printed duration for 232 audio files.
LOG (wav-to-duration[5.5.171~1-32b8cf]:main():wav-to-duration.cc:94) Mean duration was 23.6237, min and max durations were 0.103625, 302
# Accounting: time=7 threads=1
# Ended (code 0) at Fri Jun 14 15:29:07 IST 2019, elapsed time 7 seconds
