# wav-to-duration --read-entire-file=false scp:data/musan_music/split4utt/1/wav.scp ark,t:data/musan_music/split4utt/1/utt2dur 
# Started at Fri Jun 14 15:29:07 IST 2019
#
wav-to-duration --read-entire-file=false scp:data/musan_music/split4utt/1/wav.scp ark,t:data/musan_music/split4utt/1/utt2dur 
WARNING (wav-to-duration[5.5.171~1-32b8cf]:Close():kaldi-io.cc:515) Pipe sox -t wav /home/owner1/lre_jaga/source_database/musan/music/fma/music-fma-0000.wav -r 8k -t wav - | had nonzero return status 36096
WARNING (wav-to-duration[5.5.171~1-32b8cf]:Close():kaldi-io.cc:515) Pipe sox -t wav /home/owner1/lre_jaga/source_database/musan/music/fma/music-fma-0001.wav -r 8k -t wav - | had nonzero return status 36096
WARNING (wav-to-duration[5.5.171~1-32b8cf]:Close():kaldi-io.cc:515) Pipe sox -t wav /home/owner1/lre_jaga/source_database/musan/music/fma/music-fma-0002.wav -r 8k -t wav - | had nonzero return status 36096
WARNING (wav-to-duration[5.5.171~1-32b8cf]:Close():kaldi-io.cc:515) Pipe sox -t wav /home/owner1/lre_jaga/source_database/musan/music/fma/music-fma-0003.wav -r 8k -t wav - | had nonzero return status 36096
WARNING (wav-to-duration[5.5.171~1-32b8cf]:Close():kaldi-io.cc:515) Pipe sox -t wav /home/owner1/lre_jaga/source_database/musan/music/fma/music-fma-0004.wav -r 8k -t wav - | had nonzero return status 36096
WARNING (wav-to-duration[5.5.171~1-32b8cf]:Close():kaldi-io.cc:515) Pipe sox -t wav /home/owner1/lre_jaga/source_database/musan/music/fma/music-fma-0005.wav -r 8k -t wav - | had nonzero return status 36096
WARNING (wav-to-duration[5.5.171~1-32b8cf]:Close():kaldi-io.cc:515) Pipe sox -t wav /home/owner1/lre_jaga/source_database/musan/music/fma/music-fma-0006.wav -r 8k -t wav - | had nonzero return status 36096
WARNING (wav-to-duration[5.5.171~1-32b8cf]:Close():kaldi-io.cc:515) Pipe sox -t wav /home/owner1/lre_jaga/source_database/musan/music/fma/music-fma-0007.wav -r 8k -t wav - | had nonzero return status 36096
WARNING (wav-to-duration[5.5.171~1-32b8cf]:Close():kaldi-io.cc:515) Pipe sox -t wav /home/owner1/lre_jaga/source_database/musan/music/fma/music-fma-0008.wav -r 8k -t wav - | had nonzero return status 36096
WARNING (wav-to-duration[5.5.171~1-32b8cf]:Close():kaldi-io.cc:515) Pipe sox -t wav /home/owner1/lre_jaga/source_database/musan/music/fma/music-fma-0009.wav -r 8k -t wav - | had nonzero return status 36096
WARNING (wav-to-duration[5.5.171~1-32b8cf]:Close():kaldi-io.cc:515) Pipe sox -t wav /home/owner1/lre_jaga/source_database/musan/music/fma/music-fma-0010.wav -r 8k -t wav - | had nonzero return status 36096
WARNING (wav-to-duration[5.5.171~1-32b8cf]:Close():kaldi-io.cc:515) Pipe sox -t wav /home/owner1/lre_jaga/source_database/musan/music/fma/music-fma-0011.wav -r 8k -t wav - | had nonzero return status 36096
WARNING (wav-to-duration[5.5.171~1-32b8cf]:Close():kaldi-io.cc:515) Pipe sox -t wav /home/owner1/lre_jaga/source_database/musan/music/fma/music-fma-0012.wav -r 8k -t wav - | had nonzero return status 36096
WARNING (wav-to-duration[5.5.171~1-32b8cf]:Close():kaldi-io.cc:515) Pipe sox -t wav /home/owner1/lre_jaga/source_database/musan/music/fma/music-fma-0013.wav -r 8k -t wav - | had nonzero return status 36096
WARNING (wav-to-duration[5.5.171~1-32b8cf]:Close():kaldi-io.cc:515) Pipe sox -t wav /home/owner1/lre_jaga/source_database/musan/music/fma/music-fma-0014.wav -r 8k -t wav - | had nonzero return status 36096
WARNING (wav-to-duration[5.5.171~1-32b8cf]:Close():kaldi-io.cc:515) Pipe sox -t wav /home/owner1/lre_jaga/source_database/musan/music/fma/music-fma-0015.wav -r 8k -t wav - | had nonzero return status 36096
WARNING (wav-to-duration[5.5.171~1-32b8cf]:Close():kaldi-io.cc:515) Pipe sox -t wav /home/owner1/lre_jaga/source_database/musan/music/fma/music-fma-0016.wav -r 8k -t wav - | had nonzero return status 36096
WARNING (wav-to-duration[5.5.171~1-32b8cf]:Close():kaldi-io.cc:515) Pipe sox -t wav /home/owner1/lre_jaga/source_database/musan/music/fma/music-fma-0017.wav -r 8k -t wav - | had nonzero return status 36096
WARNING (wav-to-duration[5.5.171~1-32b8cf]:Close():kaldi-io.cc:515) Pipe sox -t wav /home/owner1/lre_jaga/source_database/musan/music/fma/music-fma-0018.wav -r 8k -t wav - | had nonzero return status 36096
WARNING (wav-to-duration[5.5.171~1-32b8cf]:Close():kaldi-io.cc:515) Pipe sox -t wav /home/owner1/lre_jaga/source_database/musan/music/fma/music-fma-0019.wav -r 8k -t wav - | had nonzero return status 36096
WARNING (wav-to-duration[5.5.171~1-32b8cf]:Close():kaldi-io.cc:515) Pipe sox -t wav /home/owner1/lre_jaga/source_database/musan/music/fma/music-fma-0020.wav -r 8k -t wav - | had nonzero return status 36096
WARNING (wav-to-duration[5.5.171~1-32b8cf]:Close():kaldi-io.cc:515) Pipe sox -t wav /home/owner1/lre_jaga/source_database/musan/music/fma/music-fma-0021.wav -r 8k -t wav - | had nonzero return status 36096
WARNING (wav-to-duration[5.5.171~1-32b8cf]:Close():kaldi-io.cc:515) Pipe sox -t wav /home/owner1/lre_jaga/source_database/musan/music/fma/music-fma-0022.wav -r 8k -t wav - | had nonzero return status 36096
WARNING (wav-to-duration[5.5.171~1-32b8cf]:Close():kaldi-io.cc:515) Pipe sox -t wav /home/owner1/lre_jaga/source_database/musan/music/fma/music-fma-0023.wav -r 8k -t wav - | had nonzero return status 36096
WARNING (wav-to-duration[5.5.171~1-32b8cf]:Close():kaldi-io.cc:515) Pipe sox -t wav /home/owner1/lre_jaga/source_database/musan/music/fma/music-fma-0024.wav -r 8k -t wav - | had nonzero return status 36096
WARNING (wav-to-duration[5.5.171~1-32b8cf]:Close():kaldi-io.cc:515) Pipe sox -t wav /home/owner1/lre_jaga/source_database/musan/music/fma/music-fma-0025.wav -r 8k -t wav - | had nonzero return status 36096
WARNING (wav-to-duration[5.5.171~1-32b8cf]:Close():kaldi-io.cc:515) Pipe sox -t wav /home/owner1/lre_jaga/source_database/musan/music/fma/music-fma-0026.wav -r 8k -t wav - | had nonzero return status 36096
WARNING (wav-to-duration[5.5.171~1-32b8cf]:Close():kaldi-io.cc:515) Pipe sox -t wav /home/owner1/lre_jaga/source_database/musan/music/fma/music-fma-0029.wav -r 8k -t wav - | had nonzero return status 36096
WARNING (wav-to-duration[5.5.171~1-32b8cf]:Close():kaldi-io.cc:515) Pipe sox -t wav /home/owner1/lre_jaga/source_database/musan/music/fma/music-fma-0030.wav -r 8k -t wav - | had nonzero return status 36096
WARNING (wav-to-duration[5.5.171~1-32b8cf]:Close():kaldi-io.cc:515) Pipe sox -t wav /home/owner1/lre_jaga/source_database/musan/music/fma/music-fma-0031.wav -r 8k -t wav - | had nonzero return status 36096
WARNING (wav-to-duration[5.5.171~1-32b8cf]:Close():kaldi-io.cc:515) Pipe sox -t wav /home/owner1/lre_jaga/source_database/musan/music/fma/music-fma-0032.wav -r 8k -t wav - | had nonzero return status 36096
WARNING (wav-to-duration[5.5.171~1-32b8cf]:Close():kaldi-io.cc:515) Pipe sox -t wav /home/owner1/lre_jaga/source_database/musan/music/fma/music-fma-0033.wav -r 8k -t wav - | had nonzero return status 36096
WARNING (wav-to-duration[5.5.171~1-32b8cf]:Close():kaldi-io.cc:515) Pipe sox -t wav /home/owner1/lre_jaga/source_database/musan/music/fma/music-fma-0034.wav -r 8k -t wav - | had nonzero return status 36096
WARNING (wav-to-duration[5.5.171~1-32b8cf]:Close():kaldi-io.cc:515) Pipe sox -t wav /home/owner1/lre_jaga/source_database/musan/music/fma/music-fma-0035.wav -r 8k -t wav - | had nonzero return status 36096
WARNING (wav-to-duration[5.5.171~1-32b8cf]:Close():kaldi-io.cc:515) Pipe sox -t wav /home/owner1/lre_jaga/source_database/musan/music/fma/music-fma-0036.wav -r 8k -t wav - | had nonzero return status 36096
WARNING (wav-to-duration[5.5.171~1-32b8cf]:Close():kaldi-io.cc:515) Pipe sox -t wav /home/owner1/lre_jaga/source_database/musan/music/fma/music-fma-0037.wav -r 8k -t wav - | had nonzero return status 36096
WARNING (wav-to-duration[5.5.171~1-32b8cf]:Close():kaldi-io.cc:515) Pipe sox -t wav /home/owner1/lre_jaga/source_database/musan/music/fma/music-fma-0038.wav -r 8k -t wav - | had nonzero return status 36096
WARNING (wav-to-duration[5.5.171~1-32b8cf]:Close():kaldi-io.cc:515) Pipe sox -t wav /home/owner1/lre_jaga/source_database/musan/music/fma/music-fma-0039.wav -r 8k -t wav - | had nonzero return status 36096
WARNING (wav-to-duration[5.5.171~1-32b8cf]:Close():kaldi-io.cc:515) Pipe sox -t wav /home/owner1/lre_jaga/source_database/musan/music/fma/music-fma-0040.wav -r 8k -t wav - | had nonzero return status 36096
WARNING (wav-to-duration[5.5.171~1-32b8cf]:Close():kaldi-io.cc:515) Pipe sox -t wav /home/owner1/lre_jaga/source_database/musan/music/fma/music-fma-0041.wav -r 8k -t wav - | had nonzero return status 36096
WARNING (wav-to-duration[5.5.171~1-32b8cf]:Close():kaldi-io.cc:515) Pipe sox -t wav /home/owner1/lre_jaga/source_database/musan/music/fma/music-fma-0042.wav -r 8k -t wav - | had nonzero return status 36096
WARNING (wav-to-duration[5.5.171~1-32b8cf]:Close():kaldi-io.cc:515) Pipe sox -t wav /home/owner1/lre_jaga/source_database/musan/music/fma/music-fma-0043.wav -r 8k -t wav - | had nonzero return status 36096
WARNING (wav-to-duration[5.5.171~1-32b8cf]:Close():kaldi-io.cc:515) Pipe sox -t wav /home/owner1/lre_jaga/source_database/musan/music/fma/music-fma-0044.wav -r 8k -t wav - | had nonzero return status 36096
WARNING (wav-to-duration[5.5.171~1-32b8cf]:Close():kaldi-io.cc:515) Pipe sox -t wav /home/owner1/lre_jaga/source_database/musan/music/fma/music-fma-0045.wav -r 8k -t wav - | had nonzero return status 36096
WARNING (wav-to-duration[5.5.171~1-32b8cf]:Close():kaldi-io.cc:515) Pipe sox -t wav /home/owner1/lre_jaga/source_database/musan/music/fma/music-fma-0046.wav -r 8k -t wav - | had nonzero return status 36096
WARNING (wav-to-duration[5.5.171~1-32b8cf]:Close():kaldi-io.cc:515) Pipe sox -t wav /home/owner1/lre_jaga/source_database/musan/music/fma/music-fma-0047.wav -r 8k -t wav - | had nonzero return status 36096
WARNING (wav-to-duration[5.5.171~1-32b8cf]:Close():kaldi-io.cc:515) Pipe sox -t wav /home/owner1/lre_jaga/source_database/musan/music/fma/music-fma-0048.wav -r 8k -t wav - | had nonzero return status 36096
WARNING (wav-to-duration[5.5.171~1-32b8cf]:Close():kaldi-io.cc:515) Pipe sox -t wav /home/owner1/lre_jaga/source_database/musan/music/fma/music-fma-0049.wav -r 8k -t wav - | had nonzero return status 36096
WARNING (wav-to-duration[5.5.171~1-32b8cf]:Close():kaldi-io.cc:515) Pipe sox -t wav /home/owner1/lre_jaga/source_database/musan/music/fma/music-fma-0050.wav -r 8k -t wav - | had nonzero return status 36096
WARNING (wav-to-duration[5.5.171~1-32b8cf]:Close():kaldi-io.cc:515) Pipe sox -t wav /home/owner1/lre_jaga/source_database/musan/music/fma/music-fma-0051.wav -r 8k -t wav - | had nonzero return status 36096
WARNING (wav-to-duration[5.5.171~1-32b8cf]:Close():kaldi-io.cc:515) Pipe sox -t wav /home/owner1/lre_jaga/source_database/musan/music/fma/music-fma-0052.wav -r 8k -t wav - | had nonzero return status 36096
WARNING (wav-to-duration[5.5.171~1-32b8cf]:Close():kaldi-io.cc:515) Pipe sox -t wav /home/owner1/lre_jaga/source_database/musan/music/fma/music-fma-0053.wav -r 8k -t wav - | had nonzero return status 36096
WARNING (wav-to-duration[5.5.171~1-32b8cf]:Close():kaldi-io.cc:515) Pipe sox -t wav /home/owner1/lre_jaga/source_database/musan/music/fma/music-fma-0054.wav -r 8k -t wav - | had nonzero return status 36096
WARNING (wav-to-duration[5.5.171~1-32b8cf]:Close():kaldi-io.cc:515) Pipe sox -t wav /home/owner1/lre_jaga/source_database/musan/music/fma/music-fma-0055.wav -r 8k -t wav - | had nonzero return status 36096
WARNING (wav-to-duration[5.5.171~1-32b8cf]:Close():kaldi-io.cc:515) Pipe sox -t wav /home/owner1/lre_jaga/source_database/musan/music/fma/music-fma-0056.wav -r 8k -t wav - | had nonzero return status 36096
WARNING (wav-to-duration[5.5.171~1-32b8cf]:Close():kaldi-io.cc:515) Pipe sox -t wav /home/owner1/lre_jaga/source_database/musan/music/fma/music-fma-0057.wav -r 8k -t wav - | had nonzero return status 36096
WARNING (wav-to-duration[5.5.171~1-32b8cf]:Close():kaldi-io.cc:515) Pipe sox -t wav /home/owner1/lre_jaga/source_database/musan/music/fma/music-fma-0058.wav -r 8k -t wav - | had nonzero return status 36096
WARNING (wav-to-duration[5.5.171~1-32b8cf]:Close():kaldi-io.cc:515) Pipe sox -t wav /home/owner1/lre_jaga/source_database/musan/music/fma/music-fma-0059.wav -r 8k -t wav - | had nonzero return status 36096
WARNING (wav-to-duration[5.5.171~1-32b8cf]:Close():kaldi-io.cc:515) Pipe sox -t wav /home/owner1/lre_jaga/source_database/musan/music/fma/music-fma-0060.wav -r 8k -t wav - | had nonzero return status 36096
WARNING (wav-to-duration[5.5.171~1-32b8cf]:Close():kaldi-io.cc:515) Pipe sox -t wav /home/owner1/lre_jaga/source_database/musan/music/fma/music-fma-0061.wav -r 8k -t wav - | had nonzero return status 36096
WARNING (wav-to-duration[5.5.171~1-32b8cf]:Close():kaldi-io.cc:515) Pipe sox -t wav /home/owner1/lre_jaga/source_database/musan/music/fma/music-fma-0062.wav -r 8k -t wav - | had nonzero return status 36096
WARNING (wav-to-duration[5.5.171~1-32b8cf]:Close():kaldi-io.cc:515) Pipe sox -t wav /home/owner1/lre_jaga/source_database/musan/music/fma/music-fma-0063.wav -r 8k -t wav - | had nonzero return status 36096
WARNING (wav-to-duration[5.5.171~1-32b8cf]:Close():kaldi-io.cc:515) Pipe sox -t wav /home/owner1/lre_jaga/source_database/musan/music/fma/music-fma-0064.wav -r 8k -t wav - | had nonzero return status 36096
WARNING (wav-to-duration[5.5.171~1-32b8cf]:Close():kaldi-io.cc:515) Pipe sox -t wav /home/owner1/lre_jaga/source_database/musan/music/fma/music-fma-0065.wav -r 8k -t wav - | had nonzero return status 36096
WARNING (wav-to-duration[5.5.171~1-32b8cf]:Close():kaldi-io.cc:515) Pipe sox -t wav /home/owner1/lre_jaga/source_database/musan/music/fma/music-fma-0066.wav -r 8k -t wav - | had nonzero return status 36096
WARNING (wav-to-duration[5.5.171~1-32b8cf]:Close():kaldi-io.cc:515) Pipe sox -t wav /home/owner1/lre_jaga/source_database/musan/music/fma/music-fma-0067.wav -r 8k -t wav - | had nonzero return status 36096
WARNING (wav-to-duration[5.5.171~1-32b8cf]:Close():kaldi-io.cc:515) Pipe sox -t wav /home/owner1/lre_jaga/source_database/musan/music/fma/music-fma-0068.wav -r 8k -t wav - | had nonzero return status 36096
WARNING (wav-to-duration[5.5.171~1-32b8cf]:Close():kaldi-io.cc:515) Pipe sox -t wav /home/owner1/lre_jaga/source_database/musan/music/fma/music-fma-0069.wav -r 8k -t wav - | had nonzero return status 36096
WARNING (wav-to-duration[5.5.171~1-32b8cf]:Close():kaldi-io.cc:515) Pipe sox -t wav /home/owner1/lre_jaga/source_database/musan/music/fma/music-fma-0070.wav -r 8k -t wav - | had nonzero return status 36096
WARNING (wav-to-duration[5.5.171~1-32b8cf]:Close():kaldi-io.cc:515) Pipe sox -t wav /home/owner1/lre_jaga/source_database/musan/music/fma/music-fma-0071.wav -r 8k -t wav - | had nonzero return status 36096
WARNING (wav-to-duration[5.5.171~1-32b8cf]:Close():kaldi-io.cc:515) Pipe sox -t wav /home/owner1/lre_jaga/source_database/musan/music/fma/music-fma-0072.wav -r 8k -t wav - | had nonzero return status 36096
WARNING (wav-to-duration[5.5.171~1-32b8cf]:Close():kaldi-io.cc:515) Pipe sox -t wav /home/owner1/lre_jaga/source_database/musan/music/fma/music-fma-0073.wav -r 8k -t wav - | had nonzero return status 36096
WARNING (wav-to-duration[5.5.171~1-32b8cf]:Close():kaldi-io.cc:515) Pipe sox -t wav /home/owner1/lre_jaga/source_database/musan/music/fma/music-fma-0074.wav -r 8k -t wav - | had nonzero return status 36096
WARNING (wav-to-duration[5.5.171~1-32b8cf]:Close():kaldi-io.cc:515) Pipe sox -t wav /home/owner1/lre_jaga/source_database/musan/music/fma/music-fma-0075.wav -r 8k -t wav - | had nonzero return status 36096
WARNING (wav-to-duration[5.5.171~1-32b8cf]:Close():kaldi-io.cc:515) Pipe sox -t wav /home/owner1/lre_jaga/source_database/musan/music/fma/music-fma-0076.wav -r 8k -t wav - | had nonzero return status 36096
WARNING (wav-to-duration[5.5.171~1-32b8cf]:Close():kaldi-io.cc:515) Pipe sox -t wav /home/owner1/lre_jaga/source_database/musan/music/fma/music-fma-0077.wav -r 8k -t wav - | had nonzero return status 36096
WARNING (wav-to-duration[5.5.171~1-32b8cf]:Close():kaldi-io.cc:515) Pipe sox -t wav /home/owner1/lre_jaga/source_database/musan/music/fma/music-fma-0078.wav -r 8k -t wav - | had nonzero return status 36096
WARNING (wav-to-duration[5.5.171~1-32b8cf]:Close():kaldi-io.cc:515) Pipe sox -t wav /home/owner1/lre_jaga/source_database/musan/music/fma/music-fma-0079.wav -r 8k -t wav - | had nonzero return status 36096
WARNING (wav-to-duration[5.5.171~1-32b8cf]:Close():kaldi-io.cc:515) Pipe sox -t wav /home/owner1/lre_jaga/source_database/musan/music/fma/music-fma-0080.wav -r 8k -t wav - | had nonzero return status 36096
WARNING (wav-to-duration[5.5.171~1-32b8cf]:Close():kaldi-io.cc:515) Pipe sox -t wav /home/owner1/lre_jaga/source_database/musan/music/fma/music-fma-0081.wav -r 8k -t wav - | had nonzero return status 36096
WARNING (wav-to-duration[5.5.171~1-32b8cf]:Close():kaldi-io.cc:515) Pipe sox -t wav /home/owner1/lre_jaga/source_database/musan/music/fma/music-fma-0082.wav -r 8k -t wav - | had nonzero return status 36096
WARNING (wav-to-duration[5.5.171~1-32b8cf]:Close():kaldi-io.cc:515) Pipe sox -t wav /home/owner1/lre_jaga/source_database/musan/music/fma/music-fma-0083.wav -r 8k -t wav - | had nonzero return status 36096
WARNING (wav-to-duration[5.5.171~1-32b8cf]:Close():kaldi-io.cc:515) Pipe sox -t wav /home/owner1/lre_jaga/source_database/musan/music/fma/music-fma-0084.wav -r 8k -t wav - | had nonzero return status 36096
WARNING (wav-to-duration[5.5.171~1-32b8cf]:Close():kaldi-io.cc:515) Pipe sox -t wav /home/owner1/lre_jaga/source_database/musan/music/fma/music-fma-0086.wav -r 8k -t wav - | had nonzero return status 36096
WARNING (wav-to-duration[5.5.171~1-32b8cf]:Close():kaldi-io.cc:515) Pipe sox -t wav /home/owner1/lre_jaga/source_database/musan/music/fma/music-fma-0087.wav -r 8k -t wav - | had nonzero return status 36096
WARNING (wav-to-duration[5.5.171~1-32b8cf]:Close():kaldi-io.cc:515) Pipe sox -t wav /home/owner1/lre_jaga/source_database/musan/music/fma/music-fma-0088.wav -r 8k -t wav - | had nonzero return status 36096
WARNING (wav-to-duration[5.5.171~1-32b8cf]:Close():kaldi-io.cc:515) Pipe sox -t wav /home/owner1/lre_jaga/source_database/musan/music/fma/music-fma-0089.wav -r 8k -t wav - | had nonzero return status 36096
WARNING (wav-to-duration[5.5.171~1-32b8cf]:Close():kaldi-io.cc:515) Pipe sox -t wav /home/owner1/lre_jaga/source_database/musan/music/fma/music-fma-0090.wav -r 8k -t wav - | had nonzero return status 36096
WARNING (wav-to-duration[5.5.171~1-32b8cf]:Close():kaldi-io.cc:515) Pipe sox -t wav /home/owner1/lre_jaga/source_database/musan/music/fma/music-fma-0091.wav -r 8k -t wav - | had nonzero return status 36096
WARNING (wav-to-duration[5.5.171~1-32b8cf]:Close():kaldi-io.cc:515) Pipe sox -t wav /home/owner1/lre_jaga/source_database/musan/music/fma/music-fma-0092.wav -r 8k -t wav - | had nonzero return status 36096
WARNING (wav-to-duration[5.5.171~1-32b8cf]:Close():kaldi-io.cc:515) Pipe sox -t wav /home/owner1/lre_jaga/source_database/musan/music/fma/music-fma-0093.wav -r 8k -t wav - | had nonzero return status 36096
WARNING (wav-to-duration[5.5.171~1-32b8cf]:Close():kaldi-io.cc:515) Pipe sox -t wav /home/owner1/lre_jaga/source_database/musan/music/fma/music-fma-0094.wav -r 8k -t wav - | had nonzero return status 36096
WARNING (wav-to-duration[5.5.171~1-32b8cf]:Close():kaldi-io.cc:515) Pipe sox -t wav /home/owner1/lre_jaga/source_database/musan/music/fma/music-fma-0095.wav -r 8k -t wav - | had nonzero return status 36096
WARNING (wav-to-duration[5.5.171~1-32b8cf]:Close():kaldi-io.cc:515) Pipe sox -t wav /home/owner1/lre_jaga/source_database/musan/music/fma/music-fma-0096.wav -r 8k -t wav - | had nonzero return status 36096
WARNING (wav-to-duration[5.5.171~1-32b8cf]:Close():kaldi-io.cc:515) Pipe sox -t wav /home/owner1/lre_jaga/source_database/musan/music/fma/music-fma-0097.wav -r 8k -t wav - | had nonzero return status 36096
WARNING (wav-to-duration[5.5.171~1-32b8cf]:Close():kaldi-io.cc:515) Pipe sox -t wav /home/owner1/lre_jaga/source_database/musan/music/fma/music-fma-0098.wav -r 8k -t wav - | had nonzero return status 36096
WARNING (wav-to-duration[5.5.171~1-32b8cf]:Close():kaldi-io.cc:515) Pipe sox -t wav /home/owner1/lre_jaga/source_database/musan/music/fma/music-fma-0099.wav -r 8k -t wav - | had nonzero return status 36096
WARNING (wav-to-duration[5.5.171~1-32b8cf]:Close():kaldi-io.cc:515) Pipe sox -t wav /home/owner1/lre_jaga/source_database/musan/music/fma/music-fma-0100.wav -r 8k -t wav - | had nonzero return status 36096
WARNING (wav-to-duration[5.5.171~1-32b8cf]:Close():kaldi-io.cc:515) Pipe sox -t wav /home/owner1/lre_jaga/source_database/musan/music/fma/music-fma-0101.wav -r 8k -t wav - | had nonzero return status 36096
WARNING (wav-to-duration[5.5.171~1-32b8cf]:Close():kaldi-io.cc:515) Pipe sox -t wav /home/owner1/lre_jaga/source_database/musan/music/fma/music-fma-0102.wav -r 8k -t wav - | had nonzero return status 36096
WARNING (wav-to-duration[5.5.171~1-32b8cf]:Close():kaldi-io.cc:515) Pipe sox -t wav /home/owner1/lre_jaga/source_database/musan/music/fma/music-fma-0103.wav -r 8k -t wav - | had nonzero return status 36096
WARNING (wav-to-duration[5.5.171~1-32b8cf]:Close():kaldi-io.cc:515) Pipe sox -t wav /home/owner1/lre_jaga/source_database/musan/music/fma/music-fma-0104.wav -r 8k -t wav - | had nonzero return status 36096
WARNING (wav-to-duration[5.5.171~1-32b8cf]:Close():kaldi-io.cc:515) Pipe sox -t wav /home/owner1/lre_jaga/source_database/musan/music/fma/music-fma-0105.wav -r 8k -t wav - | had nonzero return status 36096
WARNING (wav-to-duration[5.5.171~1-32b8cf]:Close():kaldi-io.cc:515) Pipe sox -t wav /home/owner1/lre_jaga/source_database/musan/music/fma/music-fma-0106.wav -r 8k -t wav - | had nonzero return status 36096
WARNING (wav-to-duration[5.5.171~1-32b8cf]:Close():kaldi-io.cc:515) Pipe sox -t wav /home/owner1/lre_jaga/source_database/musan/music/fma/music-fma-0107.wav -r 8k -t wav - | had nonzero return status 36096
WARNING (wav-to-duration[5.5.171~1-32b8cf]:Close():kaldi-io.cc:515) Pipe sox -t wav /home/owner1/lre_jaga/source_database/musan/music/fma/music-fma-0108.wav -r 8k -t wav - | had nonzero return status 36096
WARNING (wav-to-duration[5.5.171~1-32b8cf]:Close():kaldi-io.cc:515) Pipe sox -t wav /home/owner1/lre_jaga/source_database/musan/music/fma/music-fma-0109.wav -r 8k -t wav - | had nonzero return status 36096
WARNING (wav-to-duration[5.5.171~1-32b8cf]:Close():kaldi-io.cc:515) Pipe sox -t wav /home/owner1/lre_jaga/source_database/musan/music/fma/music-fma-0110.wav -r 8k -t wav - | had nonzero return status 36096
WARNING (wav-to-duration[5.5.171~1-32b8cf]:Close():kaldi-io.cc:515) Pipe sox -t wav /home/owner1/lre_jaga/source_database/musan/music/fma/music-fma-0111.wav -r 8k -t wav - | had nonzero return status 36096
WARNING (wav-to-duration[5.5.171~1-32b8cf]:Close():kaldi-io.cc:515) Pipe sox -t wav /home/owner1/lre_jaga/source_database/musan/music/fma/music-fma-0112.wav -r 8k -t wav - | had nonzero return status 36096
WARNING (wav-to-duration[5.5.171~1-32b8cf]:Close():kaldi-io.cc:515) Pipe sox -t wav /home/owner1/lre_jaga/source_database/musan/music/fma/music-fma-0113.wav -r 8k -t wav - | had nonzero return status 36096
WARNING (wav-to-duration[5.5.171~1-32b8cf]:Close():kaldi-io.cc:515) Pipe sox -t wav /home/owner1/lre_jaga/source_database/musan/music/fma/music-fma-0114.wav -r 8k -t wav - | had nonzero return status 36096
WARNING (wav-to-duration[5.5.171~1-32b8cf]:Close():kaldi-io.cc:515) Pipe sox -t wav /home/owner1/lre_jaga/source_database/musan/music/fma/music-fma-0115.wav -r 8k -t wav - | had nonzero return status 36096
WARNING (wav-to-duration[5.5.171~1-32b8cf]:Close():kaldi-io.cc:515) Pipe sox -t wav /home/owner1/lre_jaga/source_database/musan/music/fma/music-fma-0116.wav -r 8k -t wav - | had nonzero return status 36096
WARNING (wav-to-duration[5.5.171~1-32b8cf]:Close():kaldi-io.cc:515) Pipe sox -t wav /home/owner1/lre_jaga/source_database/musan/music/fma/music-fma-0117.wav -r 8k -t wav - | had nonzero return status 36096
WARNING (wav-to-duration[5.5.171~1-32b8cf]:Close():kaldi-io.cc:515) Pipe sox -t wav /home/owner1/lre_jaga/source_database/musan/music/fma/music-fma-0118.wav -r 8k -t wav - | had nonzero return status 36096
WARNING (wav-to-duration[5.5.171~1-32b8cf]:Close():kaldi-io.cc:515) Pipe sox -t wav /home/owner1/lre_jaga/source_database/musan/music/fma/music-fma-0119.wav -r 8k -t wav - | had nonzero return status 36096
WARNING (wav-to-duration[5.5.171~1-32b8cf]:Close():kaldi-io.cc:515) Pipe sox -t wav /home/owner1/lre_jaga/source_database/musan/music/fma/music-fma-0120.wav -r 8k -t wav - | had nonzero return status 36096
WARNING (wav-to-duration[5.5.171~1-32b8cf]:Close():kaldi-io.cc:515) Pipe sox -t wav /home/owner1/lre_jaga/source_database/musan/music/fma/music-fma-0121.wav -r 8k -t wav - | had nonzero return status 36096
WARNING (wav-to-duration[5.5.171~1-32b8cf]:Close():kaldi-io.cc:515) Pipe sox -t wav /home/owner1/lre_jaga/source_database/musan/music/fma/music-fma-0122.wav -r 8k -t wav - | had nonzero return status 36096
WARNING (wav-to-duration[5.5.171~1-32b8cf]:Close():kaldi-io.cc:515) Pipe sox -t wav /home/owner1/lre_jaga/source_database/musan/music/fma/music-fma-0123.wav -r 8k -t wav - | had nonzero return status 36096
WARNING (wav-to-duration[5.5.171~1-32b8cf]:Close():kaldi-io.cc:515) Pipe sox -t wav /home/owner1/lre_jaga/source_database/musan/music/fma/music-fma-0124.wav -r 8k -t wav - | had nonzero return status 36096
WARNING (wav-to-duration[5.5.171~1-32b8cf]:Close():kaldi-io.cc:515) Pipe sox -t wav /home/owner1/lre_jaga/source_database/musan/music/fma-western-art/music-fma-wa-0000.wav -r 8k -t wav - | had nonzero return status 36096
WARNING (wav-to-duration[5.5.171~1-32b8cf]:Close():kaldi-io.cc:515) Pipe sox -t wav /home/owner1/lre_jaga/source_database/musan/music/fma-western-art/music-fma-wa-0001.wav -r 8k -t wav - | had nonzero return status 36096
WARNING (wav-to-duration[5.5.171~1-32b8cf]:Close():kaldi-io.cc:515) Pipe sox -t wav /home/owner1/lre_jaga/source_database/musan/music/fma-western-art/music-fma-wa-0002.wav -r 8k -t wav - | had nonzero return status 36096
WARNING (wav-to-duration[5.5.171~1-32b8cf]:Close():kaldi-io.cc:515) Pipe sox -t wav /home/owner1/lre_jaga/source_database/musan/music/fma-western-art/music-fma-wa-0003.wav -r 8k -t wav - | had nonzero return status 36096
WARNING (wav-to-duration[5.5.171~1-32b8cf]:Close():kaldi-io.cc:515) Pipe sox -t wav /home/owner1/lre_jaga/source_database/musan/music/fma-western-art/music-fma-wa-0004.wav -r 8k -t wav - | had nonzero return status 36096
WARNING (wav-to-duration[5.5.171~1-32b8cf]:Close():kaldi-io.cc:515) Pipe sox -t wav /home/owner1/lre_jaga/source_database/musan/music/fma-western-art/music-fma-wa-0005.wav -r 8k -t wav - | had nonzero return status 36096
WARNING (wav-to-duration[5.5.171~1-32b8cf]:Close():kaldi-io.cc:515) Pipe sox -t wav /home/owner1/lre_jaga/source_database/musan/music/fma-western-art/music-fma-wa-0006.wav -r 8k -t wav - | had nonzero return status 36096
WARNING (wav-to-duration[5.5.171~1-32b8cf]:Close():kaldi-io.cc:515) Pipe sox -t wav /home/owner1/lre_jaga/source_database/musan/music/fma-western-art/music-fma-wa-0007.wav -r 8k -t wav - | had nonzero return status 36096
WARNING (wav-to-duration[5.5.171~1-32b8cf]:Close():kaldi-io.cc:515) Pipe sox -t wav /home/owner1/lre_jaga/source_database/musan/music/fma-western-art/music-fma-wa-0008.wav -r 8k -t wav - | had nonzero return status 36096
WARNING (wav-to-duration[5.5.171~1-32b8cf]:Close():kaldi-io.cc:515) Pipe sox -t wav /home/owner1/lre_jaga/source_database/musan/music/fma-western-art/music-fma-wa-0009.wav -r 8k -t wav - | had nonzero return status 36096
WARNING (wav-to-duration[5.5.171~1-32b8cf]:Close():kaldi-io.cc:515) Pipe sox -t wav /home/owner1/lre_jaga/source_database/musan/music/fma-western-art/music-fma-wa-0010.wav -r 8k -t wav - | had nonzero return status 36096
WARNING (wav-to-duration[5.5.171~1-32b8cf]:Close():kaldi-io.cc:515) Pipe sox -t wav /home/owner1/lre_jaga/source_database/musan/music/fma-western-art/music-fma-wa-0011.wav -r 8k -t wav - | had nonzero return status 36096
WARNING (wav-to-duration[5.5.171~1-32b8cf]:Close():kaldi-io.cc:515) Pipe sox -t wav /home/owner1/lre_jaga/source_database/musan/music/fma-western-art/music-fma-wa-0012.wav -r 8k -t wav - | had nonzero return status 36096
WARNING (wav-to-duration[5.5.171~1-32b8cf]:Close():kaldi-io.cc:515) Pipe sox -t wav /home/owner1/lre_jaga/source_database/musan/music/fma-western-art/music-fma-wa-0013.wav -r 8k -t wav - | had nonzero return status 36096
WARNING (wav-to-duration[5.5.171~1-32b8cf]:Close():kaldi-io.cc:515) Pipe sox -t wav /home/owner1/lre_jaga/source_database/musan/music/fma-western-art/music-fma-wa-0014.wav -r 8k -t wav - | had nonzero return status 36096
WARNING (wav-to-duration[5.5.171~1-32b8cf]:Close():kaldi-io.cc:515) Pipe sox -t wav /home/owner1/lre_jaga/source_database/musan/music/fma-western-art/music-fma-wa-0015.wav -r 8k -t wav - | had nonzero return status 36096
WARNING (wav-to-duration[5.5.171~1-32b8cf]:Close():kaldi-io.cc:515) Pipe sox -t wav /home/owner1/lre_jaga/source_database/musan/music/fma-western-art/music-fma-wa-0016.wav -r 8k -t wav - | had nonzero return status 36096
WARNING (wav-to-duration[5.5.171~1-32b8cf]:Close():kaldi-io.cc:515) Pipe sox -t wav /home/owner1/lre_jaga/source_database/musan/music/fma-western-art/music-fma-wa-0017.wav -r 8k -t wav - | had nonzero return status 36096
WARNING (wav-to-duration[5.5.171~1-32b8cf]:Close():kaldi-io.cc:515) Pipe sox -t wav /home/owner1/lre_jaga/source_database/musan/music/fma-western-art/music-fma-wa-0018.wav -r 8k -t wav - | had nonzero return status 36096
WARNING (wav-to-duration[5.5.171~1-32b8cf]:Close():kaldi-io.cc:515) Pipe sox -t wav /home/owner1/lre_jaga/source_database/musan/music/fma-western-art/music-fma-wa-0019.wav -r 8k -t wav - | had nonzero return status 36096
WARNING (wav-to-duration[5.5.171~1-32b8cf]:Close():kaldi-io.cc:515) Pipe sox -t wav /home/owner1/lre_jaga/source_database/musan/music/fma-western-art/music-fma-wa-0020.wav -r 8k -t wav - | had nonzero return status 36096
WARNING (wav-to-duration[5.5.171~1-32b8cf]:Close():kaldi-io.cc:515) Pipe sox -t wav /home/owner1/lre_jaga/source_database/musan/music/fma-western-art/music-fma-wa-0021.wav -r 8k -t wav - | had nonzero return status 36096
WARNING (wav-to-duration[5.5.171~1-32b8cf]:Close():kaldi-io.cc:515) Pipe sox -t wav /home/owner1/lre_jaga/source_database/musan/music/fma-western-art/music-fma-wa-0022.wav -r 8k -t wav - | had nonzero return status 36096
WARNING (wav-to-duration[5.5.171~1-32b8cf]:Close():kaldi-io.cc:515) Pipe sox -t wav /home/owner1/lre_jaga/source_database/musan/music/fma-western-art/music-fma-wa-0023.wav -r 8k -t wav - | had nonzero return status 36096
WARNING (wav-to-duration[5.5.171~1-32b8cf]:Close():kaldi-io.cc:515) Pipe sox -t wav /home/owner1/lre_jaga/source_database/musan/music/fma-western-art/music-fma-wa-0024.wav -r 8k -t wav - | had nonzero return status 36096
WARNING (wav-to-duration[5.5.171~1-32b8cf]:Close():kaldi-io.cc:515) Pipe sox -t wav /home/owner1/lre_jaga/source_database/musan/music/fma-western-art/music-fma-wa-0025.wav -r 8k -t wav - | had nonzero return status 36096
WARNING (wav-to-duration[5.5.171~1-32b8cf]:Close():kaldi-io.cc:515) Pipe sox -t wav /home/owner1/lre_jaga/source_database/musan/music/fma-western-art/music-fma-wa-0026.wav -r 8k -t wav - | had nonzero return status 36096
WARNING (wav-to-duration[5.5.171~1-32b8cf]:Close():kaldi-io.cc:515) Pipe sox -t wav /home/owner1/lre_jaga/source_database/musan/music/fma-western-art/music-fma-wa-0027.wav -r 8k -t wav - | had nonzero return status 36096
WARNING (wav-to-duration[5.5.171~1-32b8cf]:Close():kaldi-io.cc:515) Pipe sox -t wav /home/owner1/lre_jaga/source_database/musan/music/fma-western-art/music-fma-wa-0028.wav -r 8k -t wav - | had nonzero return status 36096
WARNING (wav-to-duration[5.5.171~1-32b8cf]:Close():kaldi-io.cc:515) Pipe sox -t wav /home/owner1/lre_jaga/source_database/musan/music/fma-western-art/music-fma-wa-0029.wav -r 8k -t wav - | had nonzero return status 36096
WARNING (wav-to-duration[5.5.171~1-32b8cf]:Close():kaldi-io.cc:515) Pipe sox -t wav /home/owner1/lre_jaga/source_database/musan/music/fma-western-art/music-fma-wa-0030.wav -r 8k -t wav - | had nonzero return status 36096
WARNING (wav-to-duration[5.5.171~1-32b8cf]:Close():kaldi-io.cc:515) Pipe sox -t wav /home/owner1/lre_jaga/source_database/musan/music/fma-western-art/music-fma-wa-0031.wav -r 8k -t wav - | had nonzero return status 36096
WARNING (wav-to-duration[5.5.171~1-32b8cf]:Close():kaldi-io.cc:515) Pipe sox -t wav /home/owner1/lre_jaga/source_database/musan/music/fma-western-art/music-fma-wa-0032.wav -r 8k -t wav - | had nonzero return status 36096
WARNING (wav-to-duration[5.5.171~1-32b8cf]:Close():kaldi-io.cc:515) Pipe sox -t wav /home/owner1/lre_jaga/source_database/musan/music/fma-western-art/music-fma-wa-0033.wav -r 8k -t wav - | had nonzero return status 36096
WARNING (wav-to-duration[5.5.171~1-32b8cf]:Close():kaldi-io.cc:515) Pipe sox -t wav /home/owner1/lre_jaga/source_database/musan/music/fma-western-art/music-fma-wa-0034.wav -r 8k -t wav - | had nonzero return status 36096
WARNING (wav-to-duration[5.5.171~1-32b8cf]:Close():kaldi-io.cc:515) Pipe sox -t wav /home/owner1/lre_jaga/source_database/musan/music/fma-western-art/music-fma-wa-0035.wav -r 8k -t wav - | had nonzero return status 36096
WARNING (wav-to-duration[5.5.171~1-32b8cf]:Close():kaldi-io.cc:515) Pipe sox -t wav /home/owner1/lre_jaga/source_database/musan/music/fma-western-art/music-fma-wa-0036.wav -r 8k -t wav - | had nonzero return status 36096
WARNING (wav-to-duration[5.5.171~1-32b8cf]:Close():kaldi-io.cc:515) Pipe sox -t wav /home/owner1/lre_jaga/source_database/musan/music/fma-western-art/music-fma-wa-0037.wav -r 8k -t wav - | had nonzero return status 36096
WARNING (wav-to-duration[5.5.171~1-32b8cf]:Close():kaldi-io.cc:515) Pipe sox -t wav /home/owner1/lre_jaga/source_database/musan/music/fma-western-art/music-fma-wa-0038.wav -r 8k -t wav - | had nonzero return status 36096
WARNING (wav-to-duration[5.5.171~1-32b8cf]:Close():kaldi-io.cc:515) Pipe sox -t wav /home/owner1/lre_jaga/source_database/musan/music/fma-western-art/music-fma-wa-0039.wav -r 8k -t wav - | had nonzero return status 36096
LOG (wav-to-duration[5.5.171~1-32b8cf]:main():wav-to-duration.cc:92) Printed duration for 162 audio files.
LOG (wav-to-duration[5.5.171~1-32b8cf]:main():wav-to-duration.cc:94) Mean duration was 244.477, min and max durations were 48.065, 702.537
# Accounting: time=9 threads=1
# Ended (code 0) at Fri Jun 14 15:29:16 IST 2019, elapsed time 9 seconds
