# wav-to-duration --read-entire-file=false scp:data/musan_speech/split4utt/3/wav.scp ark,t:data/musan_speech/split4utt/3/utt2dur 
# Started at Fri Jun 14 15:28:50 IST 2019
#
wav-to-duration --read-entire-file=false scp:data/musan_speech/split4utt/3/wav.scp ark,t:data/musan_speech/split4utt/3/utt2dur 
WARNING (wav-to-duration[5.5.171~1-32b8cf]:Close():kaldi-io.cc:515) Pipe sox -t wav /home/owner1/lre_jaga/source_database/musan/speech/us-gov/speech-us-gov-0041.wav -r 8k -t wav - | had nonzero return status 36096
WARNING (wav-to-duration[5.5.171~1-32b8cf]:Close():kaldi-io.cc:515) Pipe sox -t wav /home/owner1/lre_jaga/source_database/musan/speech/us-gov/speech-us-gov-0042.wav -r 8k -t wav - | had nonzero return status 36096
WARNING (wav-to-duration[5.5.171~1-32b8cf]:Close():kaldi-io.cc:515) Pipe sox -t wav /home/owner1/lre_jaga/source_database/musan/speech/us-gov/speech-us-gov-0043.wav -r 8k -t wav - | had nonzero return status 36096
WARNING (wav-to-duration[5.5.171~1-32b8cf]:Close():kaldi-io.cc:515) Pipe sox -t wav /home/owner1/lre_jaga/source_database/musan/speech/us-gov/speech-us-gov-0044.wav -r 8k -t wav - | had nonzero return status 36096
WARNING (wav-to-duration[5.5.171~1-32b8cf]:Close():kaldi-io.cc:515) Pipe sox -t wav /home/owner1/lre_jaga/source_database/musan/speech/us-gov/speech-us-gov-0045.wav -r 8k -t wav - | had nonzero return status 36096
WARNING (wav-to-duration[5.5.171~1-32b8cf]:Close():kaldi-io.cc:515) Pipe sox -t wav /home/owner1/lre_jaga/source_database/musan/speech/us-gov/speech-us-gov-0046.wav -r 8k -t wav - | had nonzero return status 36096
WARNING (wav-to-duration[5.5.171~1-32b8cf]:Close():kaldi-io.cc:515) Pipe sox -t wav /home/owner1/lre_jaga/source_database/musan/speech/us-gov/speech-us-gov-0047.wav -r 8k -t wav - | had nonzero return status 36096
WARNING (wav-to-duration[5.5.171~1-32b8cf]:Close():kaldi-io.cc:515) Pipe sox -t wav /home/owner1/lre_jaga/source_database/musan/speech/us-gov/speech-us-gov-0048.wav -r 8k -t wav - | had nonzero return status 36096
WARNING (wav-to-duration[5.5.171~1-32b8cf]:Close():kaldi-io.cc:515) Pipe sox -t wav /home/owner1/lre_jaga/source_database/musan/speech/us-gov/speech-us-gov-0049.wav -r 8k -t wav - | had nonzero return status 36096
WARNING (wav-to-duration[5.5.171~1-32b8cf]:Close():kaldi-io.cc:515) Pipe sox -t wav /home/owner1/lre_jaga/source_database/musan/speech/us-gov/speech-us-gov-0050.wav -r 8k -t wav - | had nonzero return status 36096
WARNING (wav-to-duration[5.5.171~1-32b8cf]:Close():kaldi-io.cc:515) Pipe sox -t wav /home/owner1/lre_jaga/source_database/musan/speech/us-gov/speech-us-gov-0051.wav -r 8k -t wav - | had nonzero return status 36096
WARNING (wav-to-duration[5.5.171~1-32b8cf]:Close():kaldi-io.cc:515) Pipe sox -t wav /home/owner1/lre_jaga/source_database/musan/speech/us-gov/speech-us-gov-0052.wav -r 8k -t wav - | had nonzero return status 36096
WARNING (wav-to-duration[5.5.171~1-32b8cf]:Close():kaldi-io.cc:515) Pipe sox -t wav /home/owner1/lre_jaga/source_database/musan/speech/us-gov/speech-us-gov-0053.wav -r 8k -t wav - | had nonzero return status 36096
WARNING (wav-to-duration[5.5.171~1-32b8cf]:Close():kaldi-io.cc:515) Pipe sox -t wav /home/owner1/lre_jaga/source_database/musan/speech/us-gov/speech-us-gov-0054.wav -r 8k -t wav - | had nonzero return status 36096
WARNING (wav-to-duration[5.5.171~1-32b8cf]:Close():kaldi-io.cc:515) Pipe sox -t wav /home/owner1/lre_jaga/source_database/musan/speech/us-gov/speech-us-gov-0055.wav -r 8k -t wav - | had nonzero return status 36096
WARNING (wav-to-duration[5.5.171~1-32b8cf]:Close():kaldi-io.cc:515) Pipe sox -t wav /home/owner1/lre_jaga/source_database/musan/speech/us-gov/speech-us-gov-0056.wav -r 8k -t wav - | had nonzero return status 36096
WARNING (wav-to-duration[5.5.171~1-32b8cf]:Close():kaldi-io.cc:515) Pipe sox -t wav /home/owner1/lre_jaga/source_database/musan/speech/us-gov/speech-us-gov-0057.wav -r 8k -t wav - | had nonzero return status 36096
WARNING (wav-to-duration[5.5.171~1-32b8cf]:Close():kaldi-io.cc:515) Pipe sox -t wav /home/owner1/lre_jaga/source_database/musan/speech/us-gov/speech-us-gov-0058.wav -r 8k -t wav - | had nonzero return status 36096
WARNING (wav-to-duration[5.5.171~1-32b8cf]:Close():kaldi-io.cc:515) Pipe sox -t wav /home/owner1/lre_jaga/source_database/musan/speech/us-gov/speech-us-gov-0059.wav -r 8k -t wav - | had nonzero return status 36096
WARNING (wav-to-duration[5.5.171~1-32b8cf]:Close():kaldi-io.cc:515) Pipe sox -t wav /home/owner1/lre_jaga/source_database/musan/speech/us-gov/speech-us-gov-0060.wav -r 8k -t wav - | had nonzero return status 36096
WARNING (wav-to-duration[5.5.171~1-32b8cf]:Close():kaldi-io.cc:515) Pipe sox -t wav /home/owner1/lre_jaga/source_database/musan/speech/us-gov/speech-us-gov-0061.wav -r 8k -t wav - | had nonzero return status 36096
WARNING (wav-to-duration[5.5.171~1-32b8cf]:Close():kaldi-io.cc:515) Pipe sox -t wav /home/owner1/lre_jaga/source_database/musan/speech/us-gov/speech-us-gov-0062.wav -r 8k -t wav - | had nonzero return status 36096
WARNING (wav-to-duration[5.5.171~1-32b8cf]:Close():kaldi-io.cc:515) Pipe sox -t wav /home/owner1/lre_jaga/source_database/musan/speech/us-gov/speech-us-gov-0063.wav -r 8k -t wav - | had nonzero return status 36096
WARNING (wav-to-duration[5.5.171~1-32b8cf]:Close():kaldi-io.cc:515) Pipe sox -t wav /home/owner1/lre_jaga/source_database/musan/speech/us-gov/speech-us-gov-0064.wav -r 8k -t wav - | had nonzero return status 36096
WARNING (wav-to-duration[5.5.171~1-32b8cf]:Close():kaldi-io.cc:515) Pipe sox -t wav /home/owner1/lre_jaga/source_database/musan/speech/us-gov/speech-us-gov-0065.wav -r 8k -t wav - | had nonzero return status 36096
WARNING (wav-to-duration[5.5.171~1-32b8cf]:Close():kaldi-io.cc:515) Pipe sox -t wav /home/owner1/lre_jaga/source_database/musan/speech/us-gov/speech-us-gov-0066.wav -r 8k -t wav - | had nonzero return status 36096
WARNING (wav-to-duration[5.5.171~1-32b8cf]:Close():kaldi-io.cc:515) Pipe sox -t wav /home/owner1/lre_jaga/source_database/musan/speech/us-gov/speech-us-gov-0067.wav -r 8k -t wav - | had nonzero return status 36096
WARNING (wav-to-duration[5.5.171~1-32b8cf]:Close():kaldi-io.cc:515) Pipe sox -t wav /home/owner1/lre_jaga/source_database/musan/speech/us-gov/speech-us-gov-0068.wav -r 8k -t wav - | had nonzero return status 36096
WARNING (wav-to-duration[5.5.171~1-32b8cf]:Close():kaldi-io.cc:515) Pipe sox -t wav /home/owner1/lre_jaga/source_database/musan/speech/us-gov/speech-us-gov-0069.wav -r 8k -t wav - | had nonzero return status 36096
WARNING (wav-to-duration[5.5.171~1-32b8cf]:Close():kaldi-io.cc:515) Pipe sox -t wav /home/owner1/lre_jaga/source_database/musan/speech/us-gov/speech-us-gov-0070.wav -r 8k -t wav - | had nonzero return status 36096
WARNING (wav-to-duration[5.5.171~1-32b8cf]:Close():kaldi-io.cc:515) Pipe sox -t wav /home/owner1/lre_jaga/source_database/musan/speech/us-gov/speech-us-gov-0071.wav -r 8k -t wav - | had nonzero return status 36096
WARNING (wav-to-duration[5.5.171~1-32b8cf]:Close():kaldi-io.cc:515) Pipe sox -t wav /home/owner1/lre_jaga/source_database/musan/speech/us-gov/speech-us-gov-0072.wav -r 8k -t wav - | had nonzero return status 36096
WARNING (wav-to-duration[5.5.171~1-32b8cf]:Close():kaldi-io.cc:515) Pipe sox -t wav /home/owner1/lre_jaga/source_database/musan/speech/us-gov/speech-us-gov-0073.wav -r 8k -t wav - | had nonzero return status 36096
WARNING (wav-to-duration[5.5.171~1-32b8cf]:Close():kaldi-io.cc:515) Pipe sox -t wav /home/owner1/lre_jaga/source_database/musan/speech/us-gov/speech-us-gov-0074.wav -r 8k -t wav - | had nonzero return status 36096
WARNING (wav-to-duration[5.5.171~1-32b8cf]:Close():kaldi-io.cc:515) Pipe sox -t wav /home/owner1/lre_jaga/source_database/musan/speech/us-gov/speech-us-gov-0075.wav -r 8k -t wav - | had nonzero return status 36096
WARNING (wav-to-duration[5.5.171~1-32b8cf]:Close():kaldi-io.cc:515) Pipe sox -t wav /home/owner1/lre_jaga/source_database/musan/speech/us-gov/speech-us-gov-0076.wav -r 8k -t wav - | had nonzero return status 36096
WARNING (wav-to-duration[5.5.171~1-32b8cf]:Close():kaldi-io.cc:515) Pipe sox -t wav /home/owner1/lre_jaga/source_database/musan/speech/us-gov/speech-us-gov-0077.wav -r 8k -t wav - | had nonzero return status 36096
WARNING (wav-to-duration[5.5.171~1-32b8cf]:Close():kaldi-io.cc:515) Pipe sox -t wav /home/owner1/lre_jaga/source_database/musan/speech/us-gov/speech-us-gov-0078.wav -r 8k -t wav - | had nonzero return status 36096
WARNING (wav-to-duration[5.5.171~1-32b8cf]:Close():kaldi-io.cc:515) Pipe sox -t wav /home/owner1/lre_jaga/source_database/musan/speech/us-gov/speech-us-gov-0079.wav -r 8k -t wav - | had nonzero return status 36096
WARNING (wav-to-duration[5.5.171~1-32b8cf]:Close():kaldi-io.cc:515) Pipe sox -t wav /home/owner1/lre_jaga/source_database/musan/speech/us-gov/speech-us-gov-0080.wav -r 8k -t wav - | had nonzero return status 36096
WARNING (wav-to-duration[5.5.171~1-32b8cf]:Close():kaldi-io.cc:515) Pipe sox -t wav /home/owner1/lre_jaga/source_database/musan/speech/us-gov/speech-us-gov-0081.wav -r 8k -t wav - | had nonzero return status 36096
WARNING (wav-to-duration[5.5.171~1-32b8cf]:Close():kaldi-io.cc:515) Pipe sox -t wav /home/owner1/lre_jaga/source_database/musan/speech/us-gov/speech-us-gov-0082.wav -r 8k -t wav - | had nonzero return status 36096
WARNING (wav-to-duration[5.5.171~1-32b8cf]:Close():kaldi-io.cc:515) Pipe sox -t wav /home/owner1/lre_jaga/source_database/musan/speech/us-gov/speech-us-gov-0083.wav -r 8k -t wav - | had nonzero return status 36096
WARNING (wav-to-duration[5.5.171~1-32b8cf]:Close():kaldi-io.cc:515) Pipe sox -t wav /home/owner1/lre_jaga/source_database/musan/speech/us-gov/speech-us-gov-0084.wav -r 8k -t wav - | had nonzero return status 36096
WARNING (wav-to-duration[5.5.171~1-32b8cf]:Close():kaldi-io.cc:515) Pipe sox -t wav /home/owner1/lre_jaga/source_database/musan/speech/us-gov/speech-us-gov-0085.wav -r 8k -t wav - | had nonzero return status 36096
WARNING (wav-to-duration[5.5.171~1-32b8cf]:Close():kaldi-io.cc:515) Pipe sox -t wav /home/owner1/lre_jaga/source_database/musan/speech/us-gov/speech-us-gov-0086.wav -r 8k -t wav - | had nonzero return status 36096
WARNING (wav-to-duration[5.5.171~1-32b8cf]:Close():kaldi-io.cc:515) Pipe sox -t wav /home/owner1/lre_jaga/source_database/musan/speech/us-gov/speech-us-gov-0087.wav -r 8k -t wav - | had nonzero return status 36096
WARNING (wav-to-duration[5.5.171~1-32b8cf]:Close():kaldi-io.cc:515) Pipe sox -t wav /home/owner1/lre_jaga/source_database/musan/speech/us-gov/speech-us-gov-0088.wav -r 8k -t wav - | had nonzero return status 36096
WARNING (wav-to-duration[5.5.171~1-32b8cf]:Close():kaldi-io.cc:515) Pipe sox -t wav /home/owner1/lre_jaga/source_database/musan/speech/us-gov/speech-us-gov-0089.wav -r 8k -t wav - | had nonzero return status 36096
WARNING (wav-to-duration[5.5.171~1-32b8cf]:Close():kaldi-io.cc:515) Pipe sox -t wav /home/owner1/lre_jaga/source_database/musan/speech/us-gov/speech-us-gov-0090.wav -r 8k -t wav - | had nonzero return status 36096
WARNING (wav-to-duration[5.5.171~1-32b8cf]:Close():kaldi-io.cc:515) Pipe sox -t wav /home/owner1/lre_jaga/source_database/musan/speech/us-gov/speech-us-gov-0091.wav -r 8k -t wav - | had nonzero return status 36096
WARNING (wav-to-duration[5.5.171~1-32b8cf]:Close():kaldi-io.cc:515) Pipe sox -t wav /home/owner1/lre_jaga/source_database/musan/speech/us-gov/speech-us-gov-0092.wav -r 8k -t wav - | had nonzero return status 36096
WARNING (wav-to-duration[5.5.171~1-32b8cf]:Close():kaldi-io.cc:515) Pipe sox -t wav /home/owner1/lre_jaga/source_database/musan/speech/us-gov/speech-us-gov-0093.wav -r 8k -t wav - | had nonzero return status 36096
WARNING (wav-to-duration[5.5.171~1-32b8cf]:Close():kaldi-io.cc:515) Pipe sox -t wav /home/owner1/lre_jaga/source_database/musan/speech/us-gov/speech-us-gov-0094.wav -r 8k -t wav - | had nonzero return status 36096
WARNING (wav-to-duration[5.5.171~1-32b8cf]:Close():kaldi-io.cc:515) Pipe sox -t wav /home/owner1/lre_jaga/source_database/musan/speech/us-gov/speech-us-gov-0095.wav -r 8k -t wav - | had nonzero return status 36096
WARNING (wav-to-duration[5.5.171~1-32b8cf]:Close():kaldi-io.cc:515) Pipe sox -t wav /home/owner1/lre_jaga/source_database/musan/speech/us-gov/speech-us-gov-0096.wav -r 8k -t wav - | had nonzero return status 36096
WARNING (wav-to-duration[5.5.171~1-32b8cf]:Close():kaldi-io.cc:515) Pipe sox -t wav /home/owner1/lre_jaga/source_database/musan/speech/us-gov/speech-us-gov-0097.wav -r 8k -t wav - | had nonzero return status 36096
WARNING (wav-to-duration[5.5.171~1-32b8cf]:Close():kaldi-io.cc:515) Pipe sox -t wav /home/owner1/lre_jaga/source_database/musan/speech/us-gov/speech-us-gov-0098.wav -r 8k -t wav - | had nonzero return status 36096
WARNING (wav-to-duration[5.5.171~1-32b8cf]:Close():kaldi-io.cc:515) Pipe sox -t wav /home/owner1/lre_jaga/source_database/musan/speech/us-gov/speech-us-gov-0099.wav -r 8k -t wav - | had nonzero return status 36096
WARNING (wav-to-duration[5.5.171~1-32b8cf]:Close():kaldi-io.cc:515) Pipe sox -t wav /home/owner1/lre_jaga/source_database/musan/speech/us-gov/speech-us-gov-0100.wav -r 8k -t wav - | had nonzero return status 36096
WARNING (wav-to-duration[5.5.171~1-32b8cf]:Close():kaldi-io.cc:515) Pipe sox -t wav /home/owner1/lre_jaga/source_database/musan/speech/us-gov/speech-us-gov-0101.wav -r 8k -t wav - | had nonzero return status 36096
WARNING (wav-to-duration[5.5.171~1-32b8cf]:Close():kaldi-io.cc:515) Pipe sox -t wav /home/owner1/lre_jaga/source_database/musan/speech/us-gov/speech-us-gov-0102.wav -r 8k -t wav - | had nonzero return status 36096
WARNING (wav-to-duration[5.5.171~1-32b8cf]:Close():kaldi-io.cc:515) Pipe sox -t wav /home/owner1/lre_jaga/source_database/musan/speech/us-gov/speech-us-gov-0103.wav -r 8k -t wav - | had nonzero return status 36096
WARNING (wav-to-duration[5.5.171~1-32b8cf]:Close():kaldi-io.cc:515) Pipe sox -t wav /home/owner1/lre_jaga/source_database/musan/speech/us-gov/speech-us-gov-0104.wav -r 8k -t wav - | had nonzero return status 36096
WARNING (wav-to-duration[5.5.171~1-32b8cf]:Close():kaldi-io.cc:515) Pipe sox -t wav /home/owner1/lre_jaga/source_database/musan/speech/us-gov/speech-us-gov-0105.wav -r 8k -t wav - | had nonzero return status 36096
WARNING (wav-to-duration[5.5.171~1-32b8cf]:Close():kaldi-io.cc:515) Pipe sox -t wav /home/owner1/lre_jaga/source_database/musan/speech/us-gov/speech-us-gov-0106.wav -r 8k -t wav - | had nonzero return status 36096
WARNING (wav-to-duration[5.5.171~1-32b8cf]:Close():kaldi-io.cc:515) Pipe sox -t wav /home/owner1/lre_jaga/source_database/musan/speech/us-gov/speech-us-gov-0107.wav -r 8k -t wav - | had nonzero return status 36096
WARNING (wav-to-duration[5.5.171~1-32b8cf]:Close():kaldi-io.cc:515) Pipe sox -t wav /home/owner1/lre_jaga/source_database/musan/speech/us-gov/speech-us-gov-0108.wav -r 8k -t wav - | had nonzero return status 36096
WARNING (wav-to-duration[5.5.171~1-32b8cf]:Close():kaldi-io.cc:515) Pipe sox -t wav /home/owner1/lre_jaga/source_database/musan/speech/us-gov/speech-us-gov-0109.wav -r 8k -t wav - | had nonzero return status 36096
WARNING (wav-to-duration[5.5.171~1-32b8cf]:Close():kaldi-io.cc:515) Pipe sox -t wav /home/owner1/lre_jaga/source_database/musan/speech/us-gov/speech-us-gov-0110.wav -r 8k -t wav - | had nonzero return status 36096
WARNING (wav-to-duration[5.5.171~1-32b8cf]:Close():kaldi-io.cc:515) Pipe sox -t wav /home/owner1/lre_jaga/source_database/musan/speech/us-gov/speech-us-gov-0111.wav -r 8k -t wav - | had nonzero return status 36096
WARNING (wav-to-duration[5.5.171~1-32b8cf]:Close():kaldi-io.cc:515) Pipe sox -t wav /home/owner1/lre_jaga/source_database/musan/speech/us-gov/speech-us-gov-0112.wav -r 8k -t wav - | had nonzero return status 36096
WARNING (wav-to-duration[5.5.171~1-32b8cf]:Close():kaldi-io.cc:515) Pipe sox -t wav /home/owner1/lre_jaga/source_database/musan/speech/us-gov/speech-us-gov-0113.wav -r 8k -t wav - | had nonzero return status 36096
WARNING (wav-to-duration[5.5.171~1-32b8cf]:Close():kaldi-io.cc:515) Pipe sox -t wav /home/owner1/lre_jaga/source_database/musan/speech/us-gov/speech-us-gov-0114.wav -r 8k -t wav - | had nonzero return status 36096
WARNING (wav-to-duration[5.5.171~1-32b8cf]:Close():kaldi-io.cc:515) Pipe sox -t wav /home/owner1/lre_jaga/source_database/musan/speech/us-gov/speech-us-gov-0115.wav -r 8k -t wav - | had nonzero return status 36096
WARNING (wav-to-duration[5.5.171~1-32b8cf]:Close():kaldi-io.cc:515) Pipe sox -t wav /home/owner1/lre_jaga/source_database/musan/speech/us-gov/speech-us-gov-0116.wav -r 8k -t wav - | had nonzero return status 36096
WARNING (wav-to-duration[5.5.171~1-32b8cf]:Close():kaldi-io.cc:515) Pipe sox -t wav /home/owner1/lre_jaga/source_database/musan/speech/us-gov/speech-us-gov-0117.wav -r 8k -t wav - | had nonzero return status 36096
WARNING (wav-to-duration[5.5.171~1-32b8cf]:Close():kaldi-io.cc:515) Pipe sox -t wav /home/owner1/lre_jaga/source_database/musan/speech/us-gov/speech-us-gov-0118.wav -r 8k -t wav - | had nonzero return status 36096
WARNING (wav-to-duration[5.5.171~1-32b8cf]:Close():kaldi-io.cc:515) Pipe sox -t wav /home/owner1/lre_jaga/source_database/musan/speech/us-gov/speech-us-gov-0119.wav -r 8k -t wav - | had nonzero return status 36096
WARNING (wav-to-duration[5.5.171~1-32b8cf]:Close():kaldi-io.cc:515) Pipe sox -t wav /home/owner1/lre_jaga/source_database/musan/speech/us-gov/speech-us-gov-0120.wav -r 8k -t wav - | had nonzero return status 36096
WARNING (wav-to-duration[5.5.171~1-32b8cf]:Close():kaldi-io.cc:515) Pipe sox -t wav /home/owner1/lre_jaga/source_database/musan/speech/us-gov/speech-us-gov-0121.wav -r 8k -t wav - | had nonzero return status 36096
WARNING (wav-to-duration[5.5.171~1-32b8cf]:Close():kaldi-io.cc:515) Pipe sox -t wav /home/owner1/lre_jaga/source_database/musan/speech/us-gov/speech-us-gov-0122.wav -r 8k -t wav - | had nonzero return status 36096
WARNING (wav-to-duration[5.5.171~1-32b8cf]:Close():kaldi-io.cc:515) Pipe sox -t wav /home/owner1/lre_jaga/source_database/musan/speech/us-gov/speech-us-gov-0123.wav -r 8k -t wav - | had nonzero return status 36096
WARNING (wav-to-duration[5.5.171~1-32b8cf]:Close():kaldi-io.cc:515) Pipe sox -t wav /home/owner1/lre_jaga/source_database/musan/speech/us-gov/speech-us-gov-0124.wav -r 8k -t wav - | had nonzero return status 36096
WARNING (wav-to-duration[5.5.171~1-32b8cf]:Close():kaldi-io.cc:515) Pipe sox -t wav /home/owner1/lre_jaga/source_database/musan/speech/us-gov/speech-us-gov-0125.wav -r 8k -t wav - | had nonzero return status 36096
WARNING (wav-to-duration[5.5.171~1-32b8cf]:Close():kaldi-io.cc:515) Pipe sox -t wav /home/owner1/lre_jaga/source_database/musan/speech/us-gov/speech-us-gov-0126.wav -r 8k -t wav - | had nonzero return status 36096
WARNING (wav-to-duration[5.5.171~1-32b8cf]:Close():kaldi-io.cc:515) Pipe sox -t wav /home/owner1/lre_jaga/source_database/musan/speech/us-gov/speech-us-gov-0127.wav -r 8k -t wav - | had nonzero return status 36096
WARNING (wav-to-duration[5.5.171~1-32b8cf]:Close():kaldi-io.cc:515) Pipe sox -t wav /home/owner1/lre_jaga/source_database/musan/speech/us-gov/speech-us-gov-0128.wav -r 8k -t wav - | had nonzero return status 36096
WARNING (wav-to-duration[5.5.171~1-32b8cf]:Close():kaldi-io.cc:515) Pipe sox -t wav /home/owner1/lre_jaga/source_database/musan/speech/us-gov/speech-us-gov-0129.wav -r 8k -t wav - | had nonzero return status 36096
WARNING (wav-to-duration[5.5.171~1-32b8cf]:Close():kaldi-io.cc:515) Pipe sox -t wav /home/owner1/lre_jaga/source_database/musan/speech/us-gov/speech-us-gov-0130.wav -r 8k -t wav - | had nonzero return status 36096
WARNING (wav-to-duration[5.5.171~1-32b8cf]:Close():kaldi-io.cc:515) Pipe sox -t wav /home/owner1/lre_jaga/source_database/musan/speech/us-gov/speech-us-gov-0131.wav -r 8k -t wav - | had nonzero return status 36096
WARNING (wav-to-duration[5.5.171~1-32b8cf]:Close():kaldi-io.cc:515) Pipe sox -t wav /home/owner1/lre_jaga/source_database/musan/speech/us-gov/speech-us-gov-0132.wav -r 8k -t wav - | had nonzero return status 36096
WARNING (wav-to-duration[5.5.171~1-32b8cf]:Close():kaldi-io.cc:515) Pipe sox -t wav /home/owner1/lre_jaga/source_database/musan/speech/us-gov/speech-us-gov-0133.wav -r 8k -t wav - | had nonzero return status 36096
WARNING (wav-to-duration[5.5.171~1-32b8cf]:Close():kaldi-io.cc:515) Pipe sox -t wav /home/owner1/lre_jaga/source_database/musan/speech/us-gov/speech-us-gov-0134.wav -r 8k -t wav - | had nonzero return status 36096
WARNING (wav-to-duration[5.5.171~1-32b8cf]:Close():kaldi-io.cc:515) Pipe sox -t wav /home/owner1/lre_jaga/source_database/musan/speech/us-gov/speech-us-gov-0135.wav -r 8k -t wav - | had nonzero return status 36096
WARNING (wav-to-duration[5.5.171~1-32b8cf]:Close():kaldi-io.cc:515) Pipe sox -t wav /home/owner1/lre_jaga/source_database/musan/speech/us-gov/speech-us-gov-0136.wav -r 8k -t wav - | had nonzero return status 36096
WARNING (wav-to-duration[5.5.171~1-32b8cf]:Close():kaldi-io.cc:515) Pipe sox -t wav /home/owner1/lre_jaga/source_database/musan/speech/us-gov/speech-us-gov-0137.wav -r 8k -t wav - | had nonzero return status 36096
WARNING (wav-to-duration[5.5.171~1-32b8cf]:Close():kaldi-io.cc:515) Pipe sox -t wav /home/owner1/lre_jaga/source_database/musan/speech/us-gov/speech-us-gov-0138.wav -r 8k -t wav - | had nonzero return status 36096
WARNING (wav-to-duration[5.5.171~1-32b8cf]:Close():kaldi-io.cc:515) Pipe sox -t wav /home/owner1/lre_jaga/source_database/musan/speech/us-gov/speech-us-gov-0139.wav -r 8k -t wav - | had nonzero return status 36096
WARNING (wav-to-duration[5.5.171~1-32b8cf]:Close():kaldi-io.cc:515) Pipe sox -t wav /home/owner1/lre_jaga/source_database/musan/speech/us-gov/speech-us-gov-0140.wav -r 8k -t wav - | had nonzero return status 36096
WARNING (wav-to-duration[5.5.171~1-32b8cf]:Close():kaldi-io.cc:515) Pipe sox -t wav /home/owner1/lre_jaga/source_database/musan/speech/us-gov/speech-us-gov-0141.wav -r 8k -t wav - | had nonzero return status 36096
WARNING (wav-to-duration[5.5.171~1-32b8cf]:Close():kaldi-io.cc:515) Pipe sox -t wav /home/owner1/lre_jaga/source_database/musan/speech/us-gov/speech-us-gov-0142.wav -r 8k -t wav - | had nonzero return status 36096
WARNING (wav-to-duration[5.5.171~1-32b8cf]:Close():kaldi-io.cc:515) Pipe sox -t wav /home/owner1/lre_jaga/source_database/musan/speech/us-gov/speech-us-gov-0143.wav -r 8k -t wav - | had nonzero return status 36096
WARNING (wav-to-duration[5.5.171~1-32b8cf]:Close():kaldi-io.cc:515) Pipe sox -t wav /home/owner1/lre_jaga/source_database/musan/speech/us-gov/speech-us-gov-0144.wav -r 8k -t wav - | had nonzero return status 36096
WARNING (wav-to-duration[5.5.171~1-32b8cf]:Close():kaldi-io.cc:515) Pipe sox -t wav /home/owner1/lre_jaga/source_database/musan/speech/us-gov/speech-us-gov-0145.wav -r 8k -t wav - | had nonzero return status 36096
WARNING (wav-to-duration[5.5.171~1-32b8cf]:Close():kaldi-io.cc:515) Pipe sox -t wav /home/owner1/lre_jaga/source_database/musan/speech/us-gov/speech-us-gov-0146.wav -r 8k -t wav - | had nonzero return status 36096
LOG (wav-to-duration[5.5.171~1-32b8cf]:main():wav-to-duration.cc:92) Printed duration for 106 audio files.
LOG (wav-to-duration[5.5.171~1-32b8cf]:main():wav-to-duration.cc:94) Mean duration was 573.686, min and max durations were 19.6702, 648.307
# Accounting: time=10 threads=1
# Ended (code 0) at Fri Jun 14 15:29:00 IST 2019, elapsed time 10 seconds
