# wav-to-duration --read-entire-file=false scp:data/musan_speech/split4utt/2/wav.scp ark,t:data/musan_speech/split4utt/2/utt2dur 
# Started at Fri Jun 14 15:28:50 IST 2019
#
wav-to-duration --read-entire-file=false scp:data/musan_speech/split4utt/2/wav.scp ark,t:data/musan_speech/split4utt/2/utt2dur 
WARNING (wav-to-duration[5.5.171~1-32b8cf]:Close():kaldi-io.cc:515) Pipe sox -t wav /home/owner1/lre_jaga/source_database/musan/speech/librivox/speech-librivox-0107.wav -r 8k -t wav - | had nonzero return status 36096
WARNING (wav-to-duration[5.5.171~1-32b8cf]:Close():kaldi-io.cc:515) Pipe sox -t wav /home/owner1/lre_jaga/source_database/musan/speech/librivox/speech-librivox-0108.wav -r 8k -t wav - | had nonzero return status 36096
WARNING (wav-to-duration[5.5.171~1-32b8cf]:Close():kaldi-io.cc:515) Pipe sox -t wav /home/owner1/lre_jaga/source_database/musan/speech/librivox/speech-librivox-0109.wav -r 8k -t wav - | had nonzero return status 36096
WARNING (wav-to-duration[5.5.171~1-32b8cf]:Close():kaldi-io.cc:515) Pipe sox -t wav /home/owner1/lre_jaga/source_database/musan/speech/librivox/speech-librivox-0110.wav -r 8k -t wav - | had nonzero return status 36096
WARNING (wav-to-duration[5.5.171~1-32b8cf]:Close():kaldi-io.cc:515) Pipe sox -t wav /home/owner1/lre_jaga/source_database/musan/speech/librivox/speech-librivox-0111.wav -r 8k -t wav - | had nonzero return status 36096
WARNING (wav-to-duration[5.5.171~1-32b8cf]:Close():kaldi-io.cc:515) Pipe sox -t wav /home/owner1/lre_jaga/source_database/musan/speech/librivox/speech-librivox-0112.wav -r 8k -t wav - | had nonzero return status 36096
WARNING (wav-to-duration[5.5.171~1-32b8cf]:Close():kaldi-io.cc:515) Pipe sox -t wav /home/owner1/lre_jaga/source_database/musan/speech/librivox/speech-librivox-0113.wav -r 8k -t wav - | had nonzero return status 36096
WARNING (wav-to-duration[5.5.171~1-32b8cf]:Close():kaldi-io.cc:515) Pipe sox -t wav /home/owner1/lre_jaga/source_database/musan/speech/librivox/speech-librivox-0114.wav -r 8k -t wav - | had nonzero return status 36096
WARNING (wav-to-duration[5.5.171~1-32b8cf]:Close():kaldi-io.cc:515) Pipe sox -t wav /home/owner1/lre_jaga/source_database/musan/speech/librivox/speech-librivox-0115.wav -r 8k -t wav - | had nonzero return status 36096
WARNING (wav-to-duration[5.5.171~1-32b8cf]:Close():kaldi-io.cc:515) Pipe sox -t wav /home/owner1/lre_jaga/source_database/musan/speech/librivox/speech-librivox-0116.wav -r 8k -t wav - | had nonzero return status 36096
WARNING (wav-to-duration[5.5.171~1-32b8cf]:Close():kaldi-io.cc:515) Pipe sox -t wav /home/owner1/lre_jaga/source_database/musan/speech/librivox/speech-librivox-0117.wav -r 8k -t wav - | had nonzero return status 36096
WARNING (wav-to-duration[5.5.171~1-32b8cf]:Close():kaldi-io.cc:515) Pipe sox -t wav /home/owner1/lre_jaga/source_database/musan/speech/librivox/speech-librivox-0118.wav -r 8k -t wav - | had nonzero return status 36096
WARNING (wav-to-duration[5.5.171~1-32b8cf]:Close():kaldi-io.cc:515) Pipe sox -t wav /home/owner1/lre_jaga/source_database/musan/speech/librivox/speech-librivox-0119.wav -r 8k -t wav - | had nonzero return status 36096
WARNING (wav-to-duration[5.5.171~1-32b8cf]:Close():kaldi-io.cc:515) Pipe sox -t wav /home/owner1/lre_jaga/source_database/musan/speech/librivox/speech-librivox-0120.wav -r 8k -t wav - | had nonzero return status 36096
WARNING (wav-to-duration[5.5.171~1-32b8cf]:Close():kaldi-io.cc:515) Pipe sox -t wav /home/owner1/lre_jaga/source_database/musan/speech/librivox/speech-librivox-0121.wav -r 8k -t wav - | had nonzero return status 36096
WARNING (wav-to-duration[5.5.171~1-32b8cf]:Close():kaldi-io.cc:515) Pipe sox -t wav /home/owner1/lre_jaga/source_database/musan/speech/librivox/speech-librivox-0122.wav -r 8k -t wav - | had nonzero return status 36096
WARNING (wav-to-duration[5.5.171~1-32b8cf]:Close():kaldi-io.cc:515) Pipe sox -t wav /home/owner1/lre_jaga/source_database/musan/speech/librivox/speech-librivox-0123.wav -r 8k -t wav - | had nonzero return status 36096
WARNING (wav-to-duration[5.5.171~1-32b8cf]:Close():kaldi-io.cc:515) Pipe sox -t wav /home/owner1/lre_jaga/source_database/musan/speech/librivox/speech-librivox-0124.wav -r 8k -t wav - | had nonzero return status 36096
WARNING (wav-to-duration[5.5.171~1-32b8cf]:Close():kaldi-io.cc:515) Pipe sox -t wav /home/owner1/lre_jaga/source_database/musan/speech/librivox/speech-librivox-0125.wav -r 8k -t wav - | had nonzero return status 36096
WARNING (wav-to-duration[5.5.171~1-32b8cf]:Close():kaldi-io.cc:515) Pipe sox -t wav /home/owner1/lre_jaga/source_database/musan/speech/librivox/speech-librivox-0126.wav -r 8k -t wav - | had nonzero return status 36096
WARNING (wav-to-duration[5.5.171~1-32b8cf]:Close():kaldi-io.cc:515) Pipe sox -t wav /home/owner1/lre_jaga/source_database/musan/speech/librivox/speech-librivox-0127.wav -r 8k -t wav - | had nonzero return status 36096
WARNING (wav-to-duration[5.5.171~1-32b8cf]:Close():kaldi-io.cc:515) Pipe sox -t wav /home/owner1/lre_jaga/source_database/musan/speech/librivox/speech-librivox-0128.wav -r 8k -t wav - | had nonzero return status 36096
WARNING (wav-to-duration[5.5.171~1-32b8cf]:Close():kaldi-io.cc:515) Pipe sox -t wav /home/owner1/lre_jaga/source_database/musan/speech/librivox/speech-librivox-0129.wav -r 8k -t wav - | had nonzero return status 36096
WARNING (wav-to-duration[5.5.171~1-32b8cf]:Close():kaldi-io.cc:515) Pipe sox -t wav /home/owner1/lre_jaga/source_database/musan/speech/librivox/speech-librivox-0130.wav -r 8k -t wav - | had nonzero return status 36096
WARNING (wav-to-duration[5.5.171~1-32b8cf]:Close():kaldi-io.cc:515) Pipe sox -t wav /home/owner1/lre_jaga/source_database/musan/speech/librivox/speech-librivox-0131.wav -r 8k -t wav - | had nonzero return status 36096
WARNING (wav-to-duration[5.5.171~1-32b8cf]:Close():kaldi-io.cc:515) Pipe sox -t wav /home/owner1/lre_jaga/source_database/musan/speech/librivox/speech-librivox-0132.wav -r 8k -t wav - | had nonzero return status 36096
WARNING (wav-to-duration[5.5.171~1-32b8cf]:Close():kaldi-io.cc:515) Pipe sox -t wav /home/owner1/lre_jaga/source_database/musan/speech/librivox/speech-librivox-0133.wav -r 8k -t wav - | had nonzero return status 36096
WARNING (wav-to-duration[5.5.171~1-32b8cf]:Close():kaldi-io.cc:515) Pipe sox -t wav /home/owner1/lre_jaga/source_database/musan/speech/librivox/speech-librivox-0134.wav -r 8k -t wav - | had nonzero return status 36096
WARNING (wav-to-duration[5.5.171~1-32b8cf]:Close():kaldi-io.cc:515) Pipe sox -t wav /home/owner1/lre_jaga/source_database/musan/speech/librivox/speech-librivox-0135.wav -r 8k -t wav - | had nonzero return status 36096
WARNING (wav-to-duration[5.5.171~1-32b8cf]:Close():kaldi-io.cc:515) Pipe sox -t wav /home/owner1/lre_jaga/source_database/musan/speech/librivox/speech-librivox-0136.wav -r 8k -t wav - | had nonzero return status 36096
WARNING (wav-to-duration[5.5.171~1-32b8cf]:Close():kaldi-io.cc:515) Pipe sox -t wav /home/owner1/lre_jaga/source_database/musan/speech/librivox/speech-librivox-0137.wav -r 8k -t wav - | had nonzero return status 36096
WARNING (wav-to-duration[5.5.171~1-32b8cf]:Close():kaldi-io.cc:515) Pipe sox -t wav /home/owner1/lre_jaga/source_database/musan/speech/librivox/speech-librivox-0138.wav -r 8k -t wav - | had nonzero return status 36096
WARNING (wav-to-duration[5.5.171~1-32b8cf]:Close():kaldi-io.cc:515) Pipe sox -t wav /home/owner1/lre_jaga/source_database/musan/speech/librivox/speech-librivox-0139.wav -r 8k -t wav - | had nonzero return status 36096
WARNING (wav-to-duration[5.5.171~1-32b8cf]:Close():kaldi-io.cc:515) Pipe sox -t wav /home/owner1/lre_jaga/source_database/musan/speech/librivox/speech-librivox-0140.wav -r 8k -t wav - | had nonzero return status 36096
WARNING (wav-to-duration[5.5.171~1-32b8cf]:Close():kaldi-io.cc:515) Pipe sox -t wav /home/owner1/lre_jaga/source_database/musan/speech/librivox/speech-librivox-0141.wav -r 8k -t wav - | had nonzero return status 36096
WARNING (wav-to-duration[5.5.171~1-32b8cf]:Close():kaldi-io.cc:515) Pipe sox -t wav /home/owner1/lre_jaga/source_database/musan/speech/librivox/speech-librivox-0142.wav -r 8k -t wav - | had nonzero return status 36096
WARNING (wav-to-duration[5.5.171~1-32b8cf]:Close():kaldi-io.cc:515) Pipe sox -t wav /home/owner1/lre_jaga/source_database/musan/speech/librivox/speech-librivox-0143.wav -r 8k -t wav - | had nonzero return status 36096
WARNING (wav-to-duration[5.5.171~1-32b8cf]:Close():kaldi-io.cc:515) Pipe sox -t wav /home/owner1/lre_jaga/source_database/musan/speech/librivox/speech-librivox-0144.wav -r 8k -t wav - | had nonzero return status 36096
WARNING (wav-to-duration[5.5.171~1-32b8cf]:Close():kaldi-io.cc:515) Pipe sox -t wav /home/owner1/lre_jaga/source_database/musan/speech/librivox/speech-librivox-0145.wav -r 8k -t wav - | had nonzero return status 36096
WARNING (wav-to-duration[5.5.171~1-32b8cf]:Close():kaldi-io.cc:515) Pipe sox -t wav /home/owner1/lre_jaga/source_database/musan/speech/librivox/speech-librivox-0146.wav -r 8k -t wav - | had nonzero return status 36096
WARNING (wav-to-duration[5.5.171~1-32b8cf]:Close():kaldi-io.cc:515) Pipe sox -t wav /home/owner1/lre_jaga/source_database/musan/speech/librivox/speech-librivox-0147.wav -r 8k -t wav - | had nonzero return status 36096
WARNING (wav-to-duration[5.5.171~1-32b8cf]:Close():kaldi-io.cc:515) Pipe sox -t wav /home/owner1/lre_jaga/source_database/musan/speech/librivox/speech-librivox-0148.wav -r 8k -t wav - | had nonzero return status 36096
WARNING (wav-to-duration[5.5.171~1-32b8cf]:Close():kaldi-io.cc:515) Pipe sox -t wav /home/owner1/lre_jaga/source_database/musan/speech/librivox/speech-librivox-0149.wav -r 8k -t wav - | had nonzero return status 36096
WARNING (wav-to-duration[5.5.171~1-32b8cf]:Close():kaldi-io.cc:515) Pipe sox -t wav /home/owner1/lre_jaga/source_database/musan/speech/librivox/speech-librivox-0150.wav -r 8k -t wav - | had nonzero return status 36096
WARNING (wav-to-duration[5.5.171~1-32b8cf]:Close():kaldi-io.cc:515) Pipe sox -t wav /home/owner1/lre_jaga/source_database/musan/speech/librivox/speech-librivox-0151.wav -r 8k -t wav - | had nonzero return status 36096
WARNING (wav-to-duration[5.5.171~1-32b8cf]:Close():kaldi-io.cc:515) Pipe sox -t wav /home/owner1/lre_jaga/source_database/musan/speech/librivox/speech-librivox-0152.wav -r 8k -t wav - | had nonzero return status 36096
WARNING (wav-to-duration[5.5.171~1-32b8cf]:Close():kaldi-io.cc:515) Pipe sox -t wav /home/owner1/lre_jaga/source_database/musan/speech/librivox/speech-librivox-0153.wav -r 8k -t wav - | had nonzero return status 36096
WARNING (wav-to-duration[5.5.171~1-32b8cf]:Close():kaldi-io.cc:515) Pipe sox -t wav /home/owner1/lre_jaga/source_database/musan/speech/librivox/speech-librivox-0154.wav -r 8k -t wav - | had nonzero return status 36096
WARNING (wav-to-duration[5.5.171~1-32b8cf]:Close():kaldi-io.cc:515) Pipe sox -t wav /home/owner1/lre_jaga/source_database/musan/speech/librivox/speech-librivox-0155.wav -r 8k -t wav - | had nonzero return status 36096
WARNING (wav-to-duration[5.5.171~1-32b8cf]:Close():kaldi-io.cc:515) Pipe sox -t wav /home/owner1/lre_jaga/source_database/musan/speech/librivox/speech-librivox-0156.wav -r 8k -t wav - | had nonzero return status 36096
WARNING (wav-to-duration[5.5.171~1-32b8cf]:Close():kaldi-io.cc:515) Pipe sox -t wav /home/owner1/lre_jaga/source_database/musan/speech/librivox/speech-librivox-0157.wav -r 8k -t wav - | had nonzero return status 36096
WARNING (wav-to-duration[5.5.171~1-32b8cf]:Close():kaldi-io.cc:515) Pipe sox -t wav /home/owner1/lre_jaga/source_database/musan/speech/librivox/speech-librivox-0158.wav -r 8k -t wav - | had nonzero return status 36096
WARNING (wav-to-duration[5.5.171~1-32b8cf]:Close():kaldi-io.cc:515) Pipe sox -t wav /home/owner1/lre_jaga/source_database/musan/speech/librivox/speech-librivox-0159.wav -r 8k -t wav - | had nonzero return status 36096
WARNING (wav-to-duration[5.5.171~1-32b8cf]:Close():kaldi-io.cc:515) Pipe sox -t wav /home/owner1/lre_jaga/source_database/musan/speech/librivox/speech-librivox-0160.wav -r 8k -t wav - | had nonzero return status 36096
WARNING (wav-to-duration[5.5.171~1-32b8cf]:Close():kaldi-io.cc:515) Pipe sox -t wav /home/owner1/lre_jaga/source_database/musan/speech/librivox/speech-librivox-0161.wav -r 8k -t wav - | had nonzero return status 36096
WARNING (wav-to-duration[5.5.171~1-32b8cf]:Close():kaldi-io.cc:515) Pipe sox -t wav /home/owner1/lre_jaga/source_database/musan/speech/librivox/speech-librivox-0162.wav -r 8k -t wav - | had nonzero return status 36096
WARNING (wav-to-duration[5.5.171~1-32b8cf]:Close():kaldi-io.cc:515) Pipe sox -t wav /home/owner1/lre_jaga/source_database/musan/speech/librivox/speech-librivox-0163.wav -r 8k -t wav - | had nonzero return status 36096
WARNING (wav-to-duration[5.5.171~1-32b8cf]:Close():kaldi-io.cc:515) Pipe sox -t wav /home/owner1/lre_jaga/source_database/musan/speech/librivox/speech-librivox-0164.wav -r 8k -t wav - | had nonzero return status 36096
WARNING (wav-to-duration[5.5.171~1-32b8cf]:Close():kaldi-io.cc:515) Pipe sox -t wav /home/owner1/lre_jaga/source_database/musan/speech/librivox/speech-librivox-0165.wav -r 8k -t wav - | had nonzero return status 36096
WARNING (wav-to-duration[5.5.171~1-32b8cf]:Close():kaldi-io.cc:515) Pipe sox -t wav /home/owner1/lre_jaga/source_database/musan/speech/librivox/speech-librivox-0166.wav -r 8k -t wav - | had nonzero return status 36096
WARNING (wav-to-duration[5.5.171~1-32b8cf]:Close():kaldi-io.cc:515) Pipe sox -t wav /home/owner1/lre_jaga/source_database/musan/speech/librivox/speech-librivox-0167.wav -r 8k -t wav - | had nonzero return status 36096
WARNING (wav-to-duration[5.5.171~1-32b8cf]:Close():kaldi-io.cc:515) Pipe sox -t wav /home/owner1/lre_jaga/source_database/musan/speech/librivox/speech-librivox-0168.wav -r 8k -t wav - | had nonzero return status 36096
WARNING (wav-to-duration[5.5.171~1-32b8cf]:Close():kaldi-io.cc:515) Pipe sox -t wav /home/owner1/lre_jaga/source_database/musan/speech/librivox/speech-librivox-0169.wav -r 8k -t wav - | had nonzero return status 36096
WARNING (wav-to-duration[5.5.171~1-32b8cf]:Close():kaldi-io.cc:515) Pipe sox -t wav /home/owner1/lre_jaga/source_database/musan/speech/librivox/speech-librivox-0170.wav -r 8k -t wav - | had nonzero return status 36096
WARNING (wav-to-duration[5.5.171~1-32b8cf]:Close():kaldi-io.cc:515) Pipe sox -t wav /home/owner1/lre_jaga/source_database/musan/speech/librivox/speech-librivox-0171.wav -r 8k -t wav - | had nonzero return status 36096
WARNING (wav-to-duration[5.5.171~1-32b8cf]:Close():kaldi-io.cc:515) Pipe sox -t wav /home/owner1/lre_jaga/source_database/musan/speech/librivox/speech-librivox-0172.wav -r 8k -t wav - | had nonzero return status 36096
WARNING (wav-to-duration[5.5.171~1-32b8cf]:Close():kaldi-io.cc:515) Pipe sox -t wav /home/owner1/lre_jaga/source_database/musan/speech/us-gov/speech-us-gov-0000.wav -r 8k -t wav - | had nonzero return status 36096
WARNING (wav-to-duration[5.5.171~1-32b8cf]:Close():kaldi-io.cc:515) Pipe sox -t wav /home/owner1/lre_jaga/source_database/musan/speech/us-gov/speech-us-gov-0001.wav -r 8k -t wav - | had nonzero return status 36096
WARNING (wav-to-duration[5.5.171~1-32b8cf]:Close():kaldi-io.cc:515) Pipe sox -t wav /home/owner1/lre_jaga/source_database/musan/speech/us-gov/speech-us-gov-0002.wav -r 8k -t wav - | had nonzero return status 36096
WARNING (wav-to-duration[5.5.171~1-32b8cf]:Close():kaldi-io.cc:515) Pipe sox -t wav /home/owner1/lre_jaga/source_database/musan/speech/us-gov/speech-us-gov-0003.wav -r 8k -t wav - | had nonzero return status 36096
WARNING (wav-to-duration[5.5.171~1-32b8cf]:Close():kaldi-io.cc:515) Pipe sox -t wav /home/owner1/lre_jaga/source_database/musan/speech/us-gov/speech-us-gov-0004.wav -r 8k -t wav - | had nonzero return status 36096
WARNING (wav-to-duration[5.5.171~1-32b8cf]:Close():kaldi-io.cc:515) Pipe sox -t wav /home/owner1/lre_jaga/source_database/musan/speech/us-gov/speech-us-gov-0005.wav -r 8k -t wav - | had nonzero return status 36096
WARNING (wav-to-duration[5.5.171~1-32b8cf]:Close():kaldi-io.cc:515) Pipe sox -t wav /home/owner1/lre_jaga/source_database/musan/speech/us-gov/speech-us-gov-0006.wav -r 8k -t wav - | had nonzero return status 36096
WARNING (wav-to-duration[5.5.171~1-32b8cf]:Close():kaldi-io.cc:515) Pipe sox -t wav /home/owner1/lre_jaga/source_database/musan/speech/us-gov/speech-us-gov-0007.wav -r 8k -t wav - | had nonzero return status 36096
WARNING (wav-to-duration[5.5.171~1-32b8cf]:Close():kaldi-io.cc:515) Pipe sox -t wav /home/owner1/lre_jaga/source_database/musan/speech/us-gov/speech-us-gov-0008.wav -r 8k -t wav - | had nonzero return status 36096
WARNING (wav-to-duration[5.5.171~1-32b8cf]:Close():kaldi-io.cc:515) Pipe sox -t wav /home/owner1/lre_jaga/source_database/musan/speech/us-gov/speech-us-gov-0009.wav -r 8k -t wav - | had nonzero return status 36096
WARNING (wav-to-duration[5.5.171~1-32b8cf]:Close():kaldi-io.cc:515) Pipe sox -t wav /home/owner1/lre_jaga/source_database/musan/speech/us-gov/speech-us-gov-0010.wav -r 8k -t wav - | had nonzero return status 36096
WARNING (wav-to-duration[5.5.171~1-32b8cf]:Close():kaldi-io.cc:515) Pipe sox -t wav /home/owner1/lre_jaga/source_database/musan/speech/us-gov/speech-us-gov-0011.wav -r 8k -t wav - | had nonzero return status 36096
WARNING (wav-to-duration[5.5.171~1-32b8cf]:Close():kaldi-io.cc:515) Pipe sox -t wav /home/owner1/lre_jaga/source_database/musan/speech/us-gov/speech-us-gov-0012.wav -r 8k -t wav - | had nonzero return status 36096
WARNING (wav-to-duration[5.5.171~1-32b8cf]:Close():kaldi-io.cc:515) Pipe sox -t wav /home/owner1/lre_jaga/source_database/musan/speech/us-gov/speech-us-gov-0013.wav -r 8k -t wav - | had nonzero return status 36096
WARNING (wav-to-duration[5.5.171~1-32b8cf]:Close():kaldi-io.cc:515) Pipe sox -t wav /home/owner1/lre_jaga/source_database/musan/speech/us-gov/speech-us-gov-0014.wav -r 8k -t wav - | had nonzero return status 36096
WARNING (wav-to-duration[5.5.171~1-32b8cf]:Close():kaldi-io.cc:515) Pipe sox -t wav /home/owner1/lre_jaga/source_database/musan/speech/us-gov/speech-us-gov-0015.wav -r 8k -t wav - | had nonzero return status 36096
WARNING (wav-to-duration[5.5.171~1-32b8cf]:Close():kaldi-io.cc:515) Pipe sox -t wav /home/owner1/lre_jaga/source_database/musan/speech/us-gov/speech-us-gov-0016.wav -r 8k -t wav - | had nonzero return status 36096
WARNING (wav-to-duration[5.5.171~1-32b8cf]:Close():kaldi-io.cc:515) Pipe sox -t wav /home/owner1/lre_jaga/source_database/musan/speech/us-gov/speech-us-gov-0017.wav -r 8k -t wav - | had nonzero return status 36096
WARNING (wav-to-duration[5.5.171~1-32b8cf]:Close():kaldi-io.cc:515) Pipe sox -t wav /home/owner1/lre_jaga/source_database/musan/speech/us-gov/speech-us-gov-0018.wav -r 8k -t wav - | had nonzero return status 36096
WARNING (wav-to-duration[5.5.171~1-32b8cf]:Close():kaldi-io.cc:515) Pipe sox -t wav /home/owner1/lre_jaga/source_database/musan/speech/us-gov/speech-us-gov-0019.wav -r 8k -t wav - | had nonzero return status 36096
WARNING (wav-to-duration[5.5.171~1-32b8cf]:Close():kaldi-io.cc:515) Pipe sox -t wav /home/owner1/lre_jaga/source_database/musan/speech/us-gov/speech-us-gov-0020.wav -r 8k -t wav - | had nonzero return status 36096
WARNING (wav-to-duration[5.5.171~1-32b8cf]:Close():kaldi-io.cc:515) Pipe sox -t wav /home/owner1/lre_jaga/source_database/musan/speech/us-gov/speech-us-gov-0021.wav -r 8k -t wav - | had nonzero return status 36096
WARNING (wav-to-duration[5.5.171~1-32b8cf]:Close():kaldi-io.cc:515) Pipe sox -t wav /home/owner1/lre_jaga/source_database/musan/speech/us-gov/speech-us-gov-0022.wav -r 8k -t wav - | had nonzero return status 36096
WARNING (wav-to-duration[5.5.171~1-32b8cf]:Close():kaldi-io.cc:515) Pipe sox -t wav /home/owner1/lre_jaga/source_database/musan/speech/us-gov/speech-us-gov-0023.wav -r 8k -t wav - | had nonzero return status 36096
WARNING (wav-to-duration[5.5.171~1-32b8cf]:Close():kaldi-io.cc:515) Pipe sox -t wav /home/owner1/lre_jaga/source_database/musan/speech/us-gov/speech-us-gov-0024.wav -r 8k -t wav - | had nonzero return status 36096
WARNING (wav-to-duration[5.5.171~1-32b8cf]:Close():kaldi-io.cc:515) Pipe sox -t wav /home/owner1/lre_jaga/source_database/musan/speech/us-gov/speech-us-gov-0025.wav -r 8k -t wav - | had nonzero return status 36096
WARNING (wav-to-duration[5.5.171~1-32b8cf]:Close():kaldi-io.cc:515) Pipe sox -t wav /home/owner1/lre_jaga/source_database/musan/speech/us-gov/speech-us-gov-0026.wav -r 8k -t wav - | had nonzero return status 36096
WARNING (wav-to-duration[5.5.171~1-32b8cf]:Close():kaldi-io.cc:515) Pipe sox -t wav /home/owner1/lre_jaga/source_database/musan/speech/us-gov/speech-us-gov-0027.wav -r 8k -t wav - | had nonzero return status 36096
WARNING (wav-to-duration[5.5.171~1-32b8cf]:Close():kaldi-io.cc:515) Pipe sox -t wav /home/owner1/lre_jaga/source_database/musan/speech/us-gov/speech-us-gov-0028.wav -r 8k -t wav - | had nonzero return status 36096
WARNING (wav-to-duration[5.5.171~1-32b8cf]:Close():kaldi-io.cc:515) Pipe sox -t wav /home/owner1/lre_jaga/source_database/musan/speech/us-gov/speech-us-gov-0029.wav -r 8k -t wav - | had nonzero return status 36096
WARNING (wav-to-duration[5.5.171~1-32b8cf]:Close():kaldi-io.cc:515) Pipe sox -t wav /home/owner1/lre_jaga/source_database/musan/speech/us-gov/speech-us-gov-0030.wav -r 8k -t wav - | had nonzero return status 36096
WARNING (wav-to-duration[5.5.171~1-32b8cf]:Close():kaldi-io.cc:515) Pipe sox -t wav /home/owner1/lre_jaga/source_database/musan/speech/us-gov/speech-us-gov-0031.wav -r 8k -t wav - | had nonzero return status 36096
WARNING (wav-to-duration[5.5.171~1-32b8cf]:Close():kaldi-io.cc:515) Pipe sox -t wav /home/owner1/lre_jaga/source_database/musan/speech/us-gov/speech-us-gov-0032.wav -r 8k -t wav - | had nonzero return status 36096
WARNING (wav-to-duration[5.5.171~1-32b8cf]:Close():kaldi-io.cc:515) Pipe sox -t wav /home/owner1/lre_jaga/source_database/musan/speech/us-gov/speech-us-gov-0033.wav -r 8k -t wav - | had nonzero return status 36096
WARNING (wav-to-duration[5.5.171~1-32b8cf]:Close():kaldi-io.cc:515) Pipe sox -t wav /home/owner1/lre_jaga/source_database/musan/speech/us-gov/speech-us-gov-0034.wav -r 8k -t wav - | had nonzero return status 36096
WARNING (wav-to-duration[5.5.171~1-32b8cf]:Close():kaldi-io.cc:515) Pipe sox -t wav /home/owner1/lre_jaga/source_database/musan/speech/us-gov/speech-us-gov-0035.wav -r 8k -t wav - | had nonzero return status 36096
WARNING (wav-to-duration[5.5.171~1-32b8cf]:Close():kaldi-io.cc:515) Pipe sox -t wav /home/owner1/lre_jaga/source_database/musan/speech/us-gov/speech-us-gov-0036.wav -r 8k -t wav - | had nonzero return status 36096
WARNING (wav-to-duration[5.5.171~1-32b8cf]:Close():kaldi-io.cc:515) Pipe sox -t wav /home/owner1/lre_jaga/source_database/musan/speech/us-gov/speech-us-gov-0037.wav -r 8k -t wav - | had nonzero return status 36096
WARNING (wav-to-duration[5.5.171~1-32b8cf]:Close():kaldi-io.cc:515) Pipe sox -t wav /home/owner1/lre_jaga/source_database/musan/speech/us-gov/speech-us-gov-0038.wav -r 8k -t wav - | had nonzero return status 36096
WARNING (wav-to-duration[5.5.171~1-32b8cf]:Close():kaldi-io.cc:515) Pipe sox -t wav /home/owner1/lre_jaga/source_database/musan/speech/us-gov/speech-us-gov-0039.wav -r 8k -t wav - | had nonzero return status 36096
WARNING (wav-to-duration[5.5.171~1-32b8cf]:Close():kaldi-io.cc:515) Pipe sox -t wav /home/owner1/lre_jaga/source_database/musan/speech/us-gov/speech-us-gov-0040.wav -r 8k -t wav - | had nonzero return status 36096
LOG (wav-to-duration[5.5.171~1-32b8cf]:main():wav-to-duration.cc:92) Printed duration for 107 audio files.
LOG (wav-to-duration[5.5.171~1-32b8cf]:main():wav-to-duration.cc:94) Mean duration was 483.583, min and max durations were 26.784, 1004.7
# Accounting: time=10 threads=1
# Ended (code 0) at Fri Jun 14 15:29:00 IST 2019, elapsed time 10 seconds
